#
# A fatal error has been detected by the Java Runtime Environment:
#
#  EXCEPTION_UNCAUGHT_CXX_EXCEPTION (0xe06d7363) at pc=0x77693572, pid=10084, tid=11544
#
# JRE version: Java(TM) SE Runtime Environment (8.0_66-b17) (build 1.8.0_66-b17)
# Java VM: Java HotSpot(TM) Client VM (25.66-b17 mixed mode windows-x86 )
# Problematic frame:
# C  [KERNELBASE.dll+0x113572]
#
# Failed to write core dump. Minidumps are not enabled by default on client versions of Windows
#
# If you would like to submit a bug report, please visit:
#   http://bugreport.java.com/bugreport/crash.jsp
# The crash happened outside the Java Virtual Machine in native code.
# See problematic frame for where to report the bug.
#

---------------  T H R E A D  ---------------

Current thread (0x17debc00):  JavaThread "http-nio-8083-exec-5" daemon [_thread_in_native, id=11544, stack(0x19700000,0x19750000)]

siginfo: ExceptionCode=0xe06d7363, ExceptionInformation=0x19930520 0x1973da64 0x5e554e00 

Registers:
EAX=0x1973d9b0, EBX=0x1973da64, ECX=0x00000003, EDX=0x00000000
ESP=0x1973d9b0, EBP=0x1973da08, ESI=0x732914a8, EDI=0x5e554e00
EIP=0x77693572, EFLAGS=0x00200212

Top of Stack: (sp=0x1973d9b0)
0x1973d9b0:   e06d7363 00000001 00000000 77693572
0x1973d9c0:   00000003 19930520 1973da64 5e554e00
0x1973d9d0:   1973da04 5e394f8a 00000050 852c7504
0x1973d9e0:   0000004d 1973dabc 1974db68 1973dabc
0x1973d9f0:   010a0fa0 1973d9dc 1973da44 1973dabc
0x1973da00:   0000004d c364aab3 1973da4c 73294a25
0x1973da10:   e06d7363 00000001 00000003 1973da40
0x1973da20:   1974db10 7737f240 00000018 e06d7363 

Instructions: (pc=0x77693572)
0x77693552:   89 44 24 10 c1 e0 02 50 51 8d 44 24 1c 50 e8 4f
0x77693562:   50 02 00 83 c4 0c 8d 04 24 50 ff 15 04 84 74 77
0x77693572:   8b 4c 24 54 33 cc e8 e3 bc 01 00 8b e5 5d c2 10
0x77693582:   00 83 64 24 10 00 eb de 6a 0f 58 eb c3 cc cc cc 


Register to memory mapping:

EAX=0x1973d9b0 is pointing into the stack for thread: 0x17debc00
EBX=0x1973da64 is pointing into the stack for thread: 0x17debc00
ECX=0x00000003 is an unknown value
EDX=0x00000000 is an unknown value
ESP=0x1973d9b0 is pointing into the stack for thread: 0x17debc00
EBP=0x1973da08 is pointing into the stack for thread: 0x17debc00
ESI=0x732914a8 is an unknown value
EDI=0x5e554e00 is an unknown value


Stack: [0x19700000,0x19750000],  sp=0x1973d9b0,  free space=246k
Native frames: (J=compiled Java code, j=interpreted, Vv=VM code, C=native code)
C  [KERNELBASE.dll+0x113572]
C  [VCRUNTIME140.dll+0x4a25]
C  [opencv_core2413.dll+0x14e9f4]
C  [opencv_highgui2413.dll+0x5b9e]
C  [opencv_highgui2413.dll+0x595e]
C  [YukaFaceHelper.dll+0x1e03]
C  0x00000000

Java frames: (J=compiled Java code, j=interpreted, Vv=VM code)
j  com.sun.jna.Function.invokeDouble(I[Ljava/lang/Object;)D+0
j  com.sun.jna.Function.invoke([Ljava/lang/Object;Ljava/lang/Class;)Ljava/lang/Object;+465
j  com.sun.jna.Function.invoke(Ljava/lang/Class;[Ljava/lang/Object;Ljava/util/Map;)Ljava/lang/Object;+194
j  com.sun.jna.Library$Handler.invoke(Ljava/lang/Object;Ljava/lang/reflect/Method;[Ljava/lang/Object;)Ljava/lang/Object;+344
j  com.sun.proxy.$Proxy77.YK_Compare_JAVA([BI[BI)D+35
j  com.atguigu.springboot.controller.PersonCodeController.uplaod(Ljavax/servlet/http/HttpServletRequest;Lorg/springframework/web/multipart/MultipartFile;Lorg/springframework/ui/Model;)Ljava/lang/String;+335
v  ~StubRoutines::call_stub
j  sun.reflect.NativeMethodAccessorImpl.invoke0(Ljava/lang/reflect/Method;Ljava/lang/Object;[Ljava/lang/Object;)Ljava/lang/Object;+0
j  sun.reflect.NativeMethodAccessorImpl.invoke(Ljava/lang/Object;[Ljava/lang/Object;)Ljava/lang/Object;+100
J 595 C1 sun.reflect.DelegatingMethodAccessorImpl.invoke(Ljava/lang/Object;[Ljava/lang/Object;)Ljava/lang/Object; (10 bytes) @ 0x032cef80 [0x032cef50+0x30]
J 594 C1 java.lang.reflect.Method.invoke(Ljava/lang/Object;[Ljava/lang/Object;)Ljava/lang/Object; (62 bytes) @ 0x032cecbc [0x032cec00+0xbc]
j  org.springframework.web.method.support.InvocableHandlerMethod.doInvoke([Ljava/lang/Object;)Ljava/lang/Object;+16
j  org.springframework.web.method.support.InvocableHandlerMethod.invokeForRequest(Lorg/springframework/web/context/request/NativeWebRequest;Lorg/springframework/web/method/support/ModelAndViewContainer;[Ljava/lang/Object;)Ljava/lang/Object;+75
j  org.springframework.web.servlet.mvc.method.annotation.ServletInvocableHandlerMethod.invokeAndHandle(Lorg/springframework/web/context/request/ServletWebRequest;Lorg/springframework/web/method/support/ModelAndViewContainer;[Ljava/lang/Object;)V+4
j  org.springframework.web.servlet.mvc.method.annotation.RequestMappingHandlerAdapter.invokeHandlerMethod(Ljavax/servlet/http/HttpServletRequest;Ljavax/servlet/http/HttpServletResponse;Lorg/springframework/web/method/HandlerMethod;)Lorg/springframework/web/servlet/ModelAndView;+262
j  org.springframework.web.servlet.mvc.method.annotation.RequestMappingHandlerAdapter.handleInternal(Ljavax/servlet/http/HttpServletRequest;Ljavax/servlet/http/HttpServletResponse;Lorg/springframework/web/method/HandlerMethod;)Lorg/springframework/web/servlet/ModelAndView;+81
j  org.springframework.web.servlet.mvc.method.AbstractHandlerMethodAdapter.handle(Ljavax/servlet/http/HttpServletRequest;Ljavax/servlet/http/HttpServletResponse;Ljava/lang/Object;)Lorg/springframework/web/servlet/ModelAndView;+7
j  org.springframework.web.servlet.DispatcherServlet.doDispatch(Ljavax/servlet/http/HttpServletRequest;Ljavax/servlet/http/HttpServletResponse;)V+318
j  org.springframework.web.servlet.DispatcherServlet.doService(Ljavax/servlet/http/HttpServletRequest;Ljavax/servlet/http/HttpServletResponse;)V+301
j  org.springframework.web.servlet.FrameworkServlet.processRequest(Ljavax/servlet/http/HttpServletRequest;Ljavax/servlet/http/HttpServletResponse;)V+71
j  org.springframework.web.servlet.FrameworkServlet.doPost(Ljavax/servlet/http/HttpServletRequest;Ljavax/servlet/http/HttpServletResponse;)V+3
j  javax.servlet.http.HttpServlet.service(Ljavax/servlet/http/HttpServletRequest;Ljavax/servlet/http/HttpServletResponse;)V+149
j  org.springframework.web.servlet.FrameworkServlet.service(Ljavax/servlet/http/HttpServletRequest;Ljavax/servlet/http/HttpServletResponse;)V+33
j  javax.servlet.http.HttpServlet.service(Ljavax/servlet/ServletRequest;Ljavax/servlet/ServletResponse;)V+30
j  org.apache.catalina.core.ApplicationFilterChain.internalDoFilter(Ljavax/servlet/ServletRequest;Ljavax/servlet/ServletResponse;)V+304
j  org.apache.catalina.core.ApplicationFilterChain.doFilter(Ljavax/servlet/ServletRequest;Ljavax/servlet/ServletResponse;)V+101
j  org.apache.tomcat.websocket.server.WsFilter.doFilter(Ljavax/servlet/ServletRequest;Ljavax/servlet/ServletResponse;Ljavax/servlet/FilterChain;)V+21
j  org.apache.catalina.core.ApplicationFilterChain.internalDoFilter(Ljavax/servlet/ServletRequest;Ljavax/servlet/ServletResponse;)V+135
j  org.apache.catalina.core.ApplicationFilterChain.doFilter(Ljavax/servlet/ServletRequest;Ljavax/servlet/ServletResponse;)V+101
j  com.alibaba.druid.support.http.WebStatFilter.doFilter(Ljavax/servlet/ServletRequest;Ljavax/servlet/ServletResponse;Ljavax/servlet/FilterChain;)V+190
j  org.apache.catalina.core.ApplicationFilterChain.internalDoFilter(Ljavax/servlet/ServletRequest;Ljavax/servlet/ServletResponse;)V+135
j  org.apache.catalina.core.ApplicationFilterChain.doFilter(Ljavax/servlet/ServletRequest;Ljavax/servlet/ServletResponse;)V+101
j  org.springframework.web.filter.RequestContextFilter.doFilterInternal(Ljavax/servlet/http/HttpServletRequest;Ljavax/servlet/http/HttpServletResponse;Ljavax/servlet/FilterChain;)V+21
j  org.springframework.web.filter.OncePerRequestFilter.doFilter(Ljavax/servlet/ServletRequest;Ljavax/servlet/ServletResponse;Ljavax/servlet/FilterChain;)V+111
j  org.apache.catalina.core.ApplicationFilterChain.internalDoFilter(Ljavax/servlet/ServletRequest;Ljavax/servlet/ServletResponse;)V+135
j  org.apache.catalina.core.ApplicationFilterChain.doFilter(Ljavax/servlet/ServletRequest;Ljavax/servlet/ServletResponse;)V+101
j  org.springframework.web.filter.HttpPutFormContentFilter.doFilterInternal(Ljavax/servlet/http/HttpServletRequest;Ljavax/servlet/http/HttpServletResponse;Ljavax/servlet/FilterChain;)V+95
j  org.springframework.web.filter.OncePerRequestFilter.doFilter(Ljavax/servlet/ServletRequest;Ljavax/servlet/ServletResponse;Ljavax/servlet/FilterChain;)V+111
j  org.apache.catalina.core.ApplicationFilterChain.internalDoFilter(Ljavax/servlet/ServletRequest;Ljavax/servlet/ServletResponse;)V+135
j  org.apache.catalina.core.ApplicationFilterChain.doFilter(Ljavax/servlet/ServletRequest;Ljavax/servlet/ServletResponse;)V+101
j  org.springframework.web.filter.HiddenHttpMethodFilter.doFilterInternal(Ljavax/servlet/http/HttpServletRequest;Ljavax/servlet/http/HttpServletResponse;Ljavax/servlet/FilterChain;)V+64
j  org.springframework.web.filter.OncePerRequestFilter.doFilter(Ljavax/servlet/ServletRequest;Ljavax/servlet/ServletResponse;Ljavax/servlet/FilterChain;)V+111
j  org.apache.catalina.core.ApplicationFilterChain.internalDoFilter(Ljavax/servlet/ServletRequest;Ljavax/servlet/ServletResponse;)V+135
j  org.apache.catalina.core.ApplicationFilterChain.doFilter(Ljavax/servlet/ServletRequest;Ljavax/servlet/ServletResponse;)V+101
j  org.springframework.web.filter.CharacterEncodingFilter.doFilterInternal(Ljavax/servlet/http/HttpServletRequest;Ljavax/servlet/http/HttpServletResponse;Ljavax/servlet/FilterChain;)V+53
j  org.springframework.web.filter.OncePerRequestFilter.doFilter(Ljavax/servlet/ServletRequest;Ljavax/servlet/ServletResponse;Ljavax/servlet/FilterChain;)V+111
j  org.apache.catalina.core.ApplicationFilterChain.internalDoFilter(Ljavax/servlet/ServletRequest;Ljavax/servlet/ServletResponse;)V+135
j  org.apache.catalina.core.ApplicationFilterChain.doFilter(Ljavax/servlet/ServletRequest;Ljavax/servlet/ServletResponse;)V+101
j  org.apache.catalina.core.StandardWrapperValve.invoke(Lorg/apache/catalina/connector/Request;Lorg/apache/catalina/connector/Response;)V+688
j  org.apache.catalina.core.StandardContextValve.invoke(Lorg/apache/catalina/connector/Request;Lorg/apache/catalina/connector/Response;)V+166
j  org.apache.catalina.authenticator.AuthenticatorBase.invoke(Lorg/apache/catalina/connector/Request;Lorg/apache/catalina/connector/Response;)V+272
j  org.apache.catalina.core.StandardHostValve.invoke(Lorg/apache/catalina/connector/Request;Lorg/apache/catalina/connector/Response;)V+138
j  org.apache.catalina.valves.ErrorReportValve.invoke(Lorg/apache/catalina/connector/Request;Lorg/apache/catalina/connector/Response;)V+6
j  org.apache.catalina.core.StandardEngineValve.invoke(Lorg/apache/catalina/connector/Request;Lorg/apache/catalina/connector/Response;)V+71
j  org.apache.catalina.connector.CoyoteAdapter.service(Lorg/apache/coyote/Request;Lorg/apache/coyote/Response;)V+199
j  org.apache.coyote.http11.Http11Processor.service(Lorg/apache/tomcat/util/net/SocketWrapperBase;)Lorg/apache/tomcat/util/net/AbstractEndpoint$Handler$SocketState;+806
j  org.apache.coyote.AbstractProcessorLight.process(Lorg/apache/tomcat/util/net/SocketWrapperBase;Lorg/apache/tomcat/util/net/SocketEvent;)Lorg/apache/tomcat/util/net/AbstractEndpoint$Handler$SocketState;+113
j  org.apache.coyote.AbstractProtocol$ConnectionHandler.process(Lorg/apache/tomcat/util/net/SocketWrapperBase;Lorg/apache/tomcat/util/net/SocketEvent;)Lorg/apache/tomcat/util/net/AbstractEndpoint$Handler$SocketState;+378
j  org.apache.tomcat.util.net.NioEndpoint$SocketProcessor.doRun()V+191
j  org.apache.tomcat.util.net.SocketProcessorBase.run()V+21
j  java.util.concurrent.ThreadPoolExecutor.runWorker(Ljava/util/concurrent/ThreadPoolExecutor$Worker;)V+95
j  java.util.concurrent.ThreadPoolExecutor$Worker.run()V+5
j  org.apache.tomcat.util.threads.TaskThread$WrappingRunnable.run()V+4
j  java.lang.Thread.run()V+11
v  ~StubRoutines::call_stub

---------------  P R O C E S S  ---------------

Java Threads: ( => current thread )
  0x17df1800 JavaThread "Druid-ConnectionPool-Destroy-11338087" daemon [_thread_blocked, id=7876, stack(0x1b840000,0x1b890000)]
  0x17deb400 JavaThread "Druid-ConnectionPool-Create-11338087" daemon [_thread_blocked, id=11736, stack(0x1b7b0000,0x1b800000)]
  0x17dec000 JavaThread "Abandoned connection cleanup thread" daemon [_thread_blocked, id=1876, stack(0x1b490000,0x1b4e0000)]
  0x17deb000 JavaThread "RMI TCP Connection(4)-127.0.0.1" daemon [_thread_in_native, id=3216, stack(0x19dc0000,0x19e10000)]
  0x17df2400 JavaThread "RMI TCP Connection(3)-127.0.0.1" daemon [_thread_in_native, id=14380, stack(0x19d30000,0x19d80000)]
  0x17df1400 JavaThread "DestroyJavaVM" [_thread_blocked, id=4940, stack(0x012f0000,0x01340000)]
  0x17df0000 JavaThread "http-nio-8083-AsyncTimeout" daemon [_thread_blocked, id=3212, stack(0x19c10000,0x19c60000)]
  0x17df0800 JavaThread "http-nio-8083-Acceptor-0" daemon [_thread_in_native, id=4944, stack(0x19b80000,0x19bd0000)]
  0x17def400 JavaThread "http-nio-8083-ClientPoller-1" daemon [_thread_in_native, id=2952, stack(0x19af0000,0x19b40000)]
  0x17dedc00 JavaThread "http-nio-8083-ClientPoller-0" daemon [_thread_in_native, id=16780, stack(0x19a60000,0x19ab0000)]
  0x17deec00 JavaThread "http-nio-8083-exec-10" daemon [_thread_blocked, id=32, stack(0x199d0000,0x19a20000)]
  0x17dee000 JavaThread "http-nio-8083-exec-9" daemon [_thread_blocked, id=4040, stack(0x19940000,0x19990000)]
  0x17def800 JavaThread "http-nio-8083-exec-8" daemon [_thread_blocked, id=13748, stack(0x198b0000,0x19900000)]
  0x17dee800 JavaThread "http-nio-8083-exec-7" daemon [_thread_blocked, id=10336, stack(0x19820000,0x19870000)]
  0x17df2000 JavaThread "http-nio-8083-exec-6" daemon [_thread_blocked, id=8788, stack(0x19790000,0x197e0000)]
=>0x17debc00 JavaThread "http-nio-8083-exec-5" daemon [_thread_in_native, id=11544, stack(0x19700000,0x19750000)]
  0x17df0c00 JavaThread "http-nio-8083-exec-4" daemon [_thread_blocked, id=14304, stack(0x19670000,0x196c0000)]
  0x17c72000 JavaThread "http-nio-8083-exec-3" daemon [_thread_blocked, id=8744, stack(0x195e0000,0x19630000)]
  0x17c71c00 JavaThread "http-nio-8083-exec-2" daemon [_thread_blocked, id=10292, stack(0x19550000,0x195a0000)]
  0x17c70800 JavaThread "http-nio-8083-exec-1" daemon [_thread_blocked, id=9652, stack(0x194c0000,0x19510000)]
  0x17c71000 JavaThread "NioBlockingSelector.BlockPoller-1" daemon [_thread_in_native, id=15888, stack(0x19430000,0x19480000)]
  0x17b12800 JavaThread "container-0" [_thread_blocked, id=11184, stack(0x18ea0000,0x18ef0000)]
  0x17ae9c00 JavaThread "ContainerBackgroundProcessor[StandardEngine[Tomcat]]" daemon [_thread_blocked, id=3700, stack(0x18e10000,0x18e60000)]
  0x15f97400 JavaThread "RMI TCP Connection(2)-127.0.0.1" daemon [_thread_in_native, id=5320, stack(0x16850000,0x168a0000)]
  0x15f97000 JavaThread "RMI Scheduler(0)" daemon [_thread_blocked, id=15156, stack(0x167c0000,0x16810000)]
  0x15efc000 JavaThread "RMI TCP Connection(1)-127.0.0.1" daemon [_thread_in_native, id=12152, stack(0x16580000,0x165d0000)]
  0x15f05800 JavaThread "RMI TCP Accept-0" daemon [_thread_in_native, id=14464, stack(0x16460000,0x164b0000)]
  0x15ed6c00 JavaThread "RMI TCP Accept-54622" daemon [_thread_in_native, id=5756, stack(0x162d0000,0x16320000)]
  0x15ecb800 JavaThread "RMI TCP Accept-0" daemon [_thread_in_native, id=13944, stack(0x16240000,0x16290000)]
  0x15da1400 JavaThread "Service Thread" daemon [_thread_blocked, id=764, stack(0x16180000,0x161d0000)]
  0x15d56c00 JavaThread "C1 CompilerThread0" daemon [_thread_blocked, id=10672, stack(0x160f0000,0x16140000)]
  0x15d56000 JavaThread "Monitor Ctrl-Break" daemon [_thread_in_native, id=3288, stack(0x16060000,0x160b0000)]
  0x15724000 JavaThread "Attach Listener" daemon [_thread_blocked, id=8996, stack(0x15bd0000,0x15c20000)]
  0x15721800 JavaThread "Signal Dispatcher" daemon [_thread_blocked, id=9268, stack(0x15b40000,0x15b90000)]
  0x156fc800 JavaThread "Finalizer" daemon [_thread_blocked, id=19700, stack(0x15a50000,0x15aa0000)]
  0x156f7c00 JavaThread "Reference Handler" daemon [_thread_blocked, id=18364, stack(0x159c0000,0x15a10000)]

Other Threads:
  0x156f3800 VMThread [stack: 0x15930000,0x15980000] [id=6340]
  0x15f02000 WatcherThread [stack: 0x164f0000,0x16540000] [id=8828]

VM state:not at safepoint (normal execution)

VM Mutex/Monitor currently owned by a thread: None

Heap:
 def new generation   total 16704K, used 6800K [0x05200000, 0x06420000, 0x0a750000)
  eden space 14848K,  33% used [0x05200000, 0x056d4128, 0x06080000)
  from space 1856K,  99% used [0x06080000, 0x0624fff8, 0x06250000)
  to   space 1856K,   0% used [0x06250000, 0x06250000, 0x06420000)
 tenured generation   total 36980K, used 26987K [0x0a750000, 0x0cb6d000, 0x15200000)
   the space 36980K,  72% used [0x0a750000, 0x0c1aaef8, 0x0c1ab000, 0x0cb6d000)
 Metaspace       used 29274K, capacity 29550K, committed 29696K, reserved 30080K

Card table byte_map: [0x15200000,0x15290000] byte_map_base: 0x151d7000

Polling page: 0x01290000

CodeCache: size=32768Kb used=5112Kb max_used=5118Kb free=27655Kb
 bounds [0x03160000, 0x03668000, 0x05160000]
 total_blobs=2742 nmethods=2288 adapters=384
 compilation: enabled

Compilation events (10 events):
Event: 12.802 Thread 0x15d56c00 2321             com.mysql.jdbc.util.ReadAheadInputStream::checkClosed (18 bytes)
Event: 12.802 Thread 0x15d56c00 nmethod 2321 0x0347fd08 code [0x0347fe10, 0x0347ff0c]
Event: 12.805 Thread 0x15d56c00 2322             java.util.ComparableTimSort::countRunAndMakeAscending (123 bytes)
Event: 12.805 Thread 0x15d56c00 nmethod 2322 0x0347f388 code [0x0347f4f0, 0x0347f934]
Event: 12.824 Thread 0x15d56c00 2323             com.alibaba.druid.util.FnvHash::fnv1a_64_lower (63 bytes)
Event: 12.824 Thread 0x15d56c00 nmethod 2323 0x0347efc8 code [0x0347f0d0, 0x0347f22c]
Event: 12.825 Thread 0x15d56c00 2324             java.util.DualPivotQuicksort::sort (1231 bytes)
Event: 12.826 Thread 0x15d56c00 nmethod 2324 0x03225888 code [0x03225ae0, 0x0322724c]
Event: 12.827 Thread 0x15d56c00 2325             java.util.Arrays::binarySearch0 (74 bytes)
Event: 12.827 Thread 0x15d56c00 nmethod 2325 0x0347ec88 code [0x0347ed80, 0x0347eec0]

GC Heap History (10 events):
Event: 10.529 GC heap before
{Heap before GC invocations=90 (full 3):
 def new generation   total 12416K, used 12383K [0x05200000, 0x05f70000, 0x0a750000)
  eden space 11072K, 100% used [0x05200000, 0x05cd0000, 0x05cd0000)
  from space 1344K,  97% used [0x05cd0000, 0x05e17d48, 0x05e20000)
  to   space 1344K,   0% used [0x05e20000, 0x05e20000, 0x05f70000)
 tenured generation   total 27480K, used 27371K [0x0a750000, 0x0c226000, 0x15200000)
   the space 27480K,  99% used [0x0a750000, 0x0c20afb0, 0x0c20b000, 0x0c226000)
 Metaspace       used 24111K, capacity 24399K, committed 24576K, reserved 24960K
Event: 10.601 GC heap after
Heap after GC invocations=91 (full 4):
 def new generation   total 16704K, used 0K [0x05200000, 0x06420000, 0x0a750000)
  eden space 14848K,   0% used [0x05200000, 0x05200000, 0x06080000)
  from space 1856K,   0% used [0x06080000, 0x06080000, 0x06250000)
  to   space 1856K,   0% used [0x06250000, 0x06250000, 0x06420000)
 tenured generation   total 36980K, used 22186K [0x0a750000, 0x0cb6d000, 0x15200000)
   the space 36980K,  59% used [0x0a750000, 0x0bcfabf0, 0x0bcfac00, 0x0cb6d000)
 Metaspace       used 24089K, capacity 24362K, committed 24576K, reserved 24960K
}
Event: 10.754 GC heap before
{Heap before GC invocations=91 (full 4):
 def new generation   total 16704K, used 14848K [0x05200000, 0x06420000, 0x0a750000)
  eden space 14848K, 100% used [0x05200000, 0x06080000, 0x06080000)
  from space 1856K,   0% used [0x06080000, 0x06080000, 0x06250000)
  to   space 1856K,   0% used [0x06250000, 0x06250000, 0x06420000)
 tenured generation   total 36980K, used 22186K [0x0a750000, 0x0cb6d000, 0x15200000)
   the space 36980K,  59% used [0x0a750000, 0x0bcfabf0, 0x0bcfac00, 0x0cb6d000)
 Metaspace       used 24575K, capacity 24844K, committed 25088K, reserved 25984K
Event: 10.759 GC heap after
Heap after GC invocations=92 (full 4):
 def new generation   total 16704K, used 1350K [0x05200000, 0x06420000, 0x0a750000)
  eden space 14848K,   0% used [0x05200000, 0x05200000, 0x06080000)
  from space 1856K,  72% used [0x06250000, 0x063a1840, 0x06420000)
  to   space 1856K,   0% used [0x06080000, 0x06080000, 0x06250000)
 tenured generation   total 36980K, used 22186K [0x0a750000, 0x0cb6d000, 0x15200000)
   the space 36980K,  59% used [0x0a750000, 0x0bcfabf0, 0x0bcfac00, 0x0cb6d000)
 Metaspace       used 24575K, capacity 24844K, committed 25088K, reserved 25984K
}
Event: 10.927 GC heap before
{Heap before GC invocations=92 (full 4):
 def new generation   total 16704K, used 16196K [0x05200000, 0x06420000, 0x0a750000)
  eden space 14848K,  99% used [0x05200000, 0x0607fa60, 0x06080000)
  from space 1856K,  72% used [0x06250000, 0x063a1840, 0x06420000)
  to   space 1856K,   0% used [0x06080000, 0x06080000, 0x06250000)
 tenured generation   total 36980K, used 22186K [0x0a750000, 0x0cb6d000, 0x15200000)
   the space 36980K,  59% used [0x0a750000, 0x0bcfabf0, 0x0bcfac00, 0x0cb6d000)
 Metaspace       used 25371K, capacity 25644K, committed 25856K, reserved 25984K
Event: 10.933 GC heap after
Heap after GC invocations=93 (full 4):
 def new generation   total 16704K, used 1856K [0x05200000, 0x06420000, 0x0a750000)
  eden space 14848K,   0% used [0x05200000, 0x05200000, 0x06080000)
  from space 1856K, 100% used [0x06080000, 0x06250000, 0x06250000)
  to   space 1856K,   0% used [0x06250000, 0x06250000, 0x06420000)
 tenured generation   total 36980K, used 23743K [0x0a750000, 0x0cb6d000, 0x15200000)
   the space 36980K,  64% used [0x0a750000, 0x0be7fff8, 0x0be80000, 0x0cb6d000)
 Metaspace       used 25371K, capacity 25644K, committed 25856K, reserved 25984K
}
Event: 12.633 GC heap before
{Heap before GC invocations=93 (full 4):
 def new generation   total 16704K, used 16704K [0x05200000, 0x06420000, 0x0a750000)
  eden space 14848K, 100% used [0x05200000, 0x06080000, 0x06080000)
  from space 1856K, 100% used [0x06080000, 0x06250000, 0x06250000)
  to   space 1856K,   0% used [0x06250000, 0x06250000, 0x06420000)
 tenured generation   total 36980K, used 23743K [0x0a750000, 0x0cb6d000, 0x15200000)
   the space 36980K,  64% used [0x0a750000, 0x0be7fff8, 0x0be80000, 0x0cb6d000)
 Metaspace       used 26543K, capacity 26828K, committed 27008K, reserved 27008K
Event: 12.640 GC heap after
Heap after GC invocations=94 (full 4):
 def new generation   total 16704K, used 1856K [0x05200000, 0x06420000, 0x0a750000)
  eden space 14848K,   0% used [0x05200000, 0x05200000, 0x06080000)
  from space 1856K, 100% used [0x06250000, 0x06420000, 0x06420000)
  to   space 1856K,   0% used [0x06080000, 0x06080000, 0x06250000)
 tenured generation   total 36980K, used 25578K [0x0a750000, 0x0cb6d000, 0x15200000)
   the space 36980K,  69% used [0x0a750000, 0x0c04aa30, 0x0c04ac00, 0x0cb6d000)
 Metaspace       used 26543K, capacity 26828K, committed 27008K, reserved 27008K
}
Event: 12.846 GC heap before
{Heap before GC invocations=94 (full 4):
 def new generation   total 16704K, used 16666K [0x05200000, 0x06420000, 0x0a750000)
  eden space 14848K,  99% used [0x05200000, 0x06076a28, 0x06080000)
  from space 1856K, 100% used [0x06250000, 0x06420000, 0x06420000)
  to   space 1856K,   0% used [0x06080000, 0x06080000, 0x06250000)
 tenured generation   total 36980K, used 25578K [0x0a750000, 0x0cb6d000, 0x15200000)
   the space 36980K,  69% used [0x0a750000, 0x0c04aa30, 0x0c04ac00, 0x0cb6d000)
 Metaspace       used 28552K, capacity 28846K, committed 29056K, reserved 29056K
Event: 12.851 GC heap after
Heap after GC invocations=95 (full 4):
 def new generation   total 16704K, used 1855K [0x05200000, 0x06420000, 0x0a750000)
  eden space 14848K,   0% used [0x05200000, 0x05200000, 0x06080000)
  from space 1856K,  99% used [0x06080000, 0x0624fff8, 0x06250000)
  to   space 1856K,   0% used [0x06250000, 0x06250000, 0x06420000)
 tenured generation   total 36980K, used 26987K [0x0a750000, 0x0cb6d000, 0x15200000)
   the space 36980K,  72% used [0x0a750000, 0x0c1aaef8, 0x0c1ab000, 0x0cb6d000)
 Metaspace       used 28552K, capacity 28846K, committed 29056K, reserved 29056K
}

Deoptimization events (0 events):
No events

Internal exceptions (10 events):
Event: 10.754 Thread 0x17c70800 Exception <a 'java/lang/ClassNotFoundException': nz/net/ultraq/thymeleaf/includes/IncludeProcessorCustomizer> (0x0607f638) thrown at [C:\re\workspace\8-2-build-windows-i586-cygwin\jdk8u66\4988\hotspot\src\share\vm\classfile\systemDictionary.cpp, line 210]
Event: 10.763 Thread 0x17c70800 Exception <a 'java/lang/ClassNotFoundException': nz/net/ultraq/thymeleaf/includes/InsertProcessorBeanInfo> (0x05248988) thrown at [C:\re\workspace\8-2-build-windows-i586-cygwin\jdk8u66\4988\hotspot\src\share\vm\classfile\systemDictionary.cpp, line 210]
Event: 10.764 Thread 0x17c70800 Exception <a 'java/lang/ClassNotFoundException': nz/net/ultraq/thymeleaf/includes/InsertProcessorCustomizer> (0x0525f208) thrown at [C:\re\workspace\8-2-build-windows-i586-cygwin\jdk8u66\4988\hotspot\src\share\vm\classfile\systemDictionary.cpp, line 210]
Event: 10.768 Thread 0x17c70800 Exception <a 'java/lang/ClassNotFoundException': nz/net/ultraq/thymeleaf/includes/ReplaceProcessorBeanInfo> (0x052a9528) thrown at [C:\re\workspace\8-2-build-windows-i586-cygwin\jdk8u66\4988\hotspot\src\share\vm\classfile\systemDictionary.cpp, line 210]
Event: 10.769 Thread 0x17c70800 Exception <a 'java/lang/ClassNotFoundException': nz/net/ultraq/thymeleaf/includes/ReplaceProcessorCustomizer> (0x052bfe98) thrown at [C:\re\workspace\8-2-build-windows-i586-cygwin\jdk8u66\4988\hotspot\src\share\vm\classfile\systemDictionary.cpp, line 210]
Event: 10.772 Thread 0x17c70800 Exception <a 'java/lang/ClassNotFoundException': nz/net/ultraq/thymeleaf/fragments/FragmentProcessorBeanInfo> (0x0530a1c8) thrown at [C:\re\workspace\8-2-build-windows-i586-cygwin\jdk8u66\4988\hotspot\src\share\vm\classfile\systemDictionary.cpp, line 210]
Event: 10.775 Thread 0x17c70800 Exception <a 'java/lang/ClassNotFoundException': nz/net/ultraq/thymeleaf/fragments/FragmentProcessorCustomizer> (0x053214d0) thrown at [C:\re\workspace\8-2-build-windows-i586-cygwin\jdk8u66\4988\hotspot\src\share\vm\classfile\systemDictionary.cpp, line 210¸ä⁄Â'ü
Event: 10.779 Thread 0x17c70800 Exception <a 'java/lang/ClassNotFoundException': nz/net/ultraq/thymeleaf/decorators/TitlePatternProcessorBeanInfo> (0x05371eb0) thrown at [C:\re\workspace\8-2-build-windows-i586-cygwin\jdk8u66\4988\hotspot\src\share\vm\classfile\systemDictionary.cpp, line à¸Èı›è%@
Event: 10.781 Thread 0x17c70800 Exception <a 'java/lang/ClassNotFoundException': nz/net/ultraq/thymeleaf/decorators/TitlePatternProcessorCustomizer> (0x0538a598) thrown at [C:\re\workspace\8-2-build-windows-i586-cygwin\jdk8u66\4988\hotspot\src\share\vm\classfile\systemDictionary.cpp, lin!çØ‚˘)@
Event: 12.504 Thread 0x17debc00 Exception <a 'java/lang/ArrayIndexOutOfBoundsException'> (0x05bfd1f8) thrown at [C:\re\workspace\8-2-build-windows-i586-cygwin\jdk8u66\4988\hotspot\src\share\vm\runtime\sharedRuntime.cpp, line 605]

Events (10 events):
Event: 12.912 loading class com/sun/jna/Function
Event: 12.912 loading class com/sun/jna/Function done
Event: 12.913 loading class com/sun/jna/NativeMapped
Event: 12.913 loading class com/sun/jna/NativeMapped done
Event: 14.152 Thread 0x17a41000 Thread exited: 0x17a41000
Event: 14.152 Thread 0x17a41800 Thread exited: 0x17a41800
Event: 17.651 loading class com/sun/jna/Callback
Event: 17.651 loading class com/sun/jna/Callback done
Event: 17.651 loading class com/sun/jna/WString
Event: 17.651 loading class com/sun/jna/WString done


Dynamic libraries:
0x00e40000 - 0x00e73000 	C:\Program Files (x86)\Java\jdk1.8.0_66\bin\java.exe
0x777f0000 - 0x7798a000 	C:\WINDOWS\SYSTEM32\ntdll.dll
0x75ab0000 - 0x75b90000 	C:\WINDOWS\System32\KERNEL32.DLL
0x77580000 - 0x7777c000 	C:\WINDOWS\System32\KERNELBASE.dll
0x6e460000 - 0x6e4ff000 	C:\WINDOWS\SYSTEM32\apphelp.dll
0x75a30000 - 0x75aa9000 	C:\WINDOWS\System32\ADVAPI32.dll
0x75bb0000 - 0x75c6f000 	C:\WINDOWS\System32\msvcrt.dll
0x76c50000 - 0x76cc6000 	C:\WINDOWS\System32\sechost.dll
0x76790000 - 0x7684b000 	C:\WINDOWS\System32\RPCRT4.dll
0x74fc0000 - 0x74fe0000 	C:\WINDOWS\System32\SspiCli.dll
0x74fb0000 - 0x74fba000 	C:\WINDOWS\System32\CRYPTBASE.dll
0x75490000 - 0x754ef000 	C:\WINDOWS\System32\bcryptPrimitives.dll
0x75150000 - 0x752e7000 	C:\WINDOWS\System32\USER32.dll
0x75b90000 - 0x75ba7000 	C:\WINDOWS\System32\win32u.dll
0x77460000 - 0x77481000 	C:\WINDOWS\System32\GDI32.dll
0x76970000 - 0x76aca000 	C:\WINDOWS\System32\gdi32full.dll
0x76710000 - 0x7678c000 	C:\WINDOWS\System32\msvcp_win.dll
0x77340000 - 0x7745f000 	C:\WINDOWS\System32\ucrtbase.dll
0x6c410000 - 0x6c61f000 	C:\WINDOWS\WinSxS\x86_microsoft.windows.common-controls_6595b64144ccf1df_6.0.18362.418_none_2e73e95e27897f63\COMCTL32.dll
0x75cd0000 - 0x75f46000 	C:\WINDOWS\System32\combase.dll
0x766e0000 - 0x76705000 	C:\WINDOWS\System32\IMM32.DLL
0x789c0000 - 0x78a7f000 	C:\Program Files (x86)\Java\jdk1.8.0_66\jre\bin\msvcr100.dll
0x78ab0000 - 0x78e75000 	C:\Program Files (x86)\Java\jdk1.8.0_66\jre\bin\client\jvm.dll
0x76b70000 - 0x76b76000 	C:\WINDOWS\System32\PSAPI.DLL
0x72100000 - 0x72108000 	C:\WINDOWS\SYSTEM32\WSOCK32.dll
0x74f90000 - 0x74f98000 	C:\WINDOWS\SYSTEM32\VERSION.dll
0x76580000 - 0x765de000 	C:\WINDOWS\System32\WS2_32.dll
0x74b50000 - 0x74b74000 	C:\WINDOWS\SYSTEM32\WINMM.dll
0x74b20000 - 0x74b43000 	C:\WINDOWS\SYSTEM32\winmmbase.dll
0x75f50000 - 0x75f8b000 	C:\WINDOWS\System32\cfgmgr32.dll
0x78eb0000 - 0x78ebc000 	C:\Program Files (x86)\Java\jdk1.8.0_66\jre\bin\verify.dll
0x78a80000 - 0x78aa1000 	C:\Program Files (x86)\Java\jdk1.8.0_66\jre\bin\java.dll
0x64300000 - 0x64320000 	C:\Program Files (x86)\Java\jdk1.8.0_66\jre\bin\instrument.dll
0x78e80000 - 0x78e93000 	C:\Program Files (x86)\Java\jdk1.8.0_66\jre\bin\zip.dll
0x75f90000 - 0x7650a000 	C:\WINDOWS\System32\SHELL32.dll
0x76ae0000 - 0x76b64000 	C:\WINDOWS\System32\shcore.dll
0x76d70000 - 0x77335000 	C:\WINDOWS\System32\windows.storage.dll
0x75540000 - 0x75557000 	C:\WINDOWS\System32\profapi.dll
0x76530000 - 0x76573000 	C:\WINDOWS\System32\powrprof.dll
0x76d30000 - 0x76d3d000 	C:\WINDOWS\System32\UMPDC.dll
0x77780000 - 0x777c4000 	C:\WINDOWS\System32\shlwapi.dll
0x76d40000 - 0x76d4f000 	C:\WINDOWS\System32\kernel.appcore.dll
0x76b80000 - 0x76b93000 	C:\WINDOWS\System32\cryptsp.dll
0x62df0000 - 0x62e06000 	D:\IDEA\IntelliJ IDEA 2018.3.3\bin\breakgen.dll
0x78ee0000 - 0x78ef6000 	C:\Program Files (x86)\Java\jdk1.8.0_66\jre\bin\net.dll
0x74120000 - 0x74172000 	C:\WINDOWS\system32\mswsock.dll
0x78ea0000 - 0x78eaa000 	C:\Program Files (x86)\Java\jdk1.8.0_66\jre\bin\management.dll
0x78f00000 - 0x78f0f000 	C:\Program Files (x86)\Java\jdk1.8.0_66\jre\bin\nio.dll
0x70620000 - 0x70631000 	C:\WINDOWS\system32\napinsp.dll
0x70600000 - 0x70616000 	C:\WINDOWS\system32\pnrpnsp.dll
0x74480000 - 0x74511000 	C:\WINDOWS\SYSTEM32\DNSAPI.dll
0x777d0000 - 0x777d7000 	C:\WINDOWS\System32\NSI.dll
0x74e30000 - 0x74e62000 	C:\WINDOWS\SYSTEM32\IPHLPAPI.DLL
0x705f0000 - 0x705fb000 	C:\WINDOWS\System32\winrnr.dll
0x705d0000 - 0x705e6000 	C:\WINDOWS\system32\NLAapi.dll
0x705c0000 - 0x705d0000 	C:\WINDOWS\system32\wshbth.dll
0x72ab0000 - 0x72b76000 	C:\WINDOWS\System32\ierd_tgp_lsp.dll
0x765e0000 - 0x766d7000 	C:\WINDOWS\System32\ole32.dll
0x72c10000 - 0x72c17000 	C:\WINDOWS\system32\wshqos.dll
0x72b90000 - 0x72b97000 	C:\WINDOWS\SYSTEM32\wshtcpip.DLL
0x72b80000 - 0x72b87000 	C:\WINDOWS\SYSTEM32\wship6.dll
0x74960000 - 0x74968000 	C:\Windows\System32\rasadhlp.dll
0x71670000 - 0x716c1000 	C:\WINDOWS\System32\fwpuclnt.dll
0x76d50000 - 0x76d69000 	C:\WINDOWS\System32\bcrypt.dll
0x74900000 - 0x7492f000 	C:\WINDOWS\system32\rsaenh.dll
0x74f70000 - 0x74f8e000 	C:\WINDOWS\SYSTEM32\USERENV.dll
0x74180000 - 0x74193000 	C:\WINDOWS\SYSTEM32\dhcpcsvc6.DLL
0x74a30000 - 0x74a45000 	C:\WINDOWS\SYSTEM32\dhcpcsvc.DLL
0x5e390000 - 0x5e582000 	C:\Users\82038\Desktop\FaceSDK_x86\opencv_core2413.dll
0x73290000 - 0x732a5000 	C:\WINDOWS\SYSTEM32\VCRUNTIME140.dll
0x7b500000 - 0x7b53c000 	C:\WINDOWS\SYSTEM32\CONCRT140.dll
0x70470000 - 0x704e1000 	C:\WINDOWS\SYSTEM32\MSVCP140.dll
0x5e140000 - 0x5e384000 	C:\Users\82038\Desktop\FaceSDK_x86\opencv_imgproc2413.dll
0x5df40000 - 0x5e132000 	C:\Users\82038\Desktop\FaceSDK_x86\opencv_highgui2413.dll
0x753f0000 - 0x75482000 	C:\WINDOWS\System32\OLEAUT32.dll
0x719d0000 - 0x719e4000 	C:\WINDOWS\SYSTEM32\AVICAP32.dll
0x71870000 - 0x71892000 	C:\WINDOWS\SYSTEM32\MSVFW32.dll
0x62820000 - 0x6283b000 	C:\WINDOWS\SYSTEM32\AVIFIL32.dll
0x6d680000 - 0x6d699000 	C:\WINDOWS\SYSTEM32\MSACM32.dll
0x5d2d0000 - 0x5dc5c000 	C:\Users\82038\Desktop\FaceSDK_x86\THFeature.dll
0x6fd60000 - 0x6fdcb000 	C:\WINDOWS\SYSTEM32\WINSPOOL.DRV
0x73cc0000 - 0x73d85000 	C:\WINDOWS\SYSTEM32\PROPSYS.dll
0x5df10000 - 0x5df40000 	C:\Users\82038\Desktop\FaceSDK_x86\WKWIN32.dll
0x71f80000 - 0x71fa9000 	C:\WINDOWS\SYSTEM32\ntmarta.dll
0x58730000 - 0x58caf000 	C:\Users\82038\Desktop\FaceSDK_x86\THFaceImage.dll
0x62950000 - 0x6295a000 	C:\Users\82038\Desktop\FaceSDK_x86\YukaFaceHelper.dll
0x1b4f0000 - 0x1b542000 	C:\Users\82038\AppData\Local\Temp\jna3519518674833863521.tmp
0x6de40000 - 0x6deba000 	C:\WINDOWS\system32\uxtheme.dll
0x75560000 - 0x755e0000 	C:\WINDOWS\System32\clbcatq.dll
0x66e60000 - 0x66e75000 	C:\Windows\System32\devenum.dll
0x755e0000 - 0x75a29000 	C:\WINDOWS\System32\setupapi.dll
0x72310000 - 0x72333000 	C:\WINDOWS\SYSTEM32\DEVOBJ.dll
0x754f0000 - 0x75536000 	C:\WINDOWS\System32\WINTRUST.dll
0x76960000 - 0x7696e000 	C:\WINDOWS\System32\MSASN1.dll
0x752f0000 - 0x753eb000 	C:\WINDOWS\System32\CRYPT32.dll
0x5b2a0000 - 0x5b2a9000 	C:\WINDOWS\SYSTEM32\msdmo.dll
0x5ded0000 - 0x5df0f000 	C:\Windows\System32\mfksproxy.dll
0x61760000 - 0x61777000 	C:\Windows\System32\ATL.DLL
0x5e960000 - 0x5eadd000 	C:\Windows\System32\MFPlat.DLL
0x5ebd0000 - 0x5ebfa000 	C:\Windows\System32\RTWorkQ.DLL
0x5d280000 - 0x5d2cf000 	C:\Windows\System32\MFSENSORGROUP.dll
0x5d240000 - 0x5d27e000 	C:\Windows\System32\ksproxy.ax
0x6d8c0000 - 0x6d8c7000 	C:\Windows\System32\ksuser.dll
0x5cd70000 - 0x5cefe000 	C:\Windows\System32\d3d9.dll
0x6dcc0000 - 0x6dce5000 	C:\Windows\System32\dwmapi.dll
0x678b0000 - 0x678c9000 	C:\WINDOWS\SYSTEM32\dxcore.dll
0x1baf0000 - 0x1bb63000 	C:\WINDOWS\SYSTEM32\policymanager.dll
0x66ef0000 - 0x66f55000 	C:\Windows\System32\msvcp110_win.dll
0x5dec0000 - 0x5decb000 	C:\Windows\System32\vidcap.ax
0x5d220000 - 0x5d23f000 	C:\Windows\System32\kswdmcap.ax
0x5d0f0000 - 0x5d214000 	C:\Windows\System32\MFC42.dll
0x1bb80000 - 0x1bdc4000 	C:\Users\82038\AppData\Local\Temp\~qqtempdat008633~.tmp
0x56230000 - 0x58723000 	C:\Users\82038\AppData\Local\Temp\~tmp8003bin.tmp
0x5d0d0000 - 0x5d0ef000 	C:\WINDOWS\SYSTEM32\VCOMP110.DLL
0x71a70000 - 0x71bff000 	C:\WINDOWS\SYSTEM32\dbghelp.dll

VM Arguments:
jvm_args: -XX:TieredStopAtLevel=1 -Xverify:none -Dspring.output.ansi.enabled=always -Dcom.sun.management.jmxremote -Dcom.sun.management.jmxremote.port=54622 -Dcom.sun.management.jmxremote.authenticate=false -Dcom.sun.management.jmxremote.ssl=false -Djava.rmi.server.hostname=localhost -Dspring.liveBeansView.mbeanDomain -Dspring.application.admin.enabled=true -javaagent:D:\IDEA\IntelliJ IDEA 2018.3.3\lib\idea_rt.jar=54623:D:\IDEA\IntelliJ IDEA 2018.3.3\bin -Dfile.encoding=UTF-8 
java_command: com.atguigu.springboot.SpringBoot04WebRestfulcrudApplication
java_class_path (initial): C:\Program Files (x86)\Java\jdk1.8.0_66\jre\lib\charsets.jar;C:\Program Files (x86)\Java\jdk1.8.0_66\jre\lib\deploy.jar;C:\Program Files (x86)\Java\jdk1.8.0_66\jre\lib\ext\access-bridge-32.jar;C:\Program Files (x86)\Java\jdk1.8.0_66\jre\lib\ext\cldrdata.jar;C:\Program Files (x86)\Java\jdk1.8.0_66\jre\lib\ext\dnsns.jar;C:\Program Files (x86)\Java\jdk1.8.0_66\jre\lib\ext\jaccess.jar;C:\Program Files (x86)\Java\jdk1.8.0_66\jre\lib\ext\jfxrt.jar;C:\Program Files (x86)\Java\jdk1.8.0_66\jre\lib\ext\localedata.jar;C:\Program Files (x86)\Java\jdk1.8.0_66\jre\lib\ext\nashorn.jar;C:\Program Files (x86)\Java\jdk1.8.0_66\jre\lib\ext\sunec.jar;C:\Program Files (x86)\Java\jdk1.8.0_66\jre\lib\ext\sunjce_provider.jar;C:\Program Files (x86)\Java\jdk1.8.0_66\jre\lib\ext\sunmscapi.jar;C:\Program Files (x86)\Java\jdk1.8.0_66\jre\lib\ext\sunpkcs11.jar;C:\Program Files (x86)\Java\jdk1.8.0_66\jre\lib\ext\zipfs.jar;C:\Program Files (x86)\Java\jdk1.8.0_66\jre\lib\javaws.jar;C:\Program Files (x86)\Java\jdk1.8.0_66\jre\lib\jce.jar;C:\Program Files (x86)\Java\jdk1.8.0_66\jre\lib\jfr.jar;C:\Program Files (x86)\Java\jdk1.8.0_66\jre\lib\jfxswt.jar;C:\Program Files (x86)\Java\jdk1.8.0_66\jre\lib\jsse.jar;C:\Program Files (x86)\Java\jdk1.8.0_66\jre\lib\management-agent.jar;C:\Program Files (x86)\Java\jdk1.8.0_66\jre\lib\plugin.jar;C:\Program Files (x86)\Java\jdk1.8.0_66\jre\lib\resources.jar;C:\Program Files (x86)\Java\jdk1.8.0_66\jre\lib\rt.jar;F:\02°¢…–πËπ»SpringBoot ”∆µ\‘¥¬Î°¢◊ ¡œ°¢øŒº˛\¥˙¬Î\weibridge_PCC\target\classes;D:\my_maven_local_repository\com\github\pagehelper\pagehelper\5.0.0\pagehelper-5.0.0.jar;D:\my_maven_local_repository\com\github\jsqlparser\jsqlparser\0.9.5\jsqlparser-0.9.5.jar;D:\my_maven_local_repository\org\springframework\boot\spring-boot-starter-jdbc\1.5.10.RELEASE\spring-boot-starter-jdbc-1.5.10.RELEASE.jar;D:\my_maven_local_repository\org\springframework\boot\spring-boot-starter\1.5.10.RELEASE\spring-boot-starter-1.5.10.RELEASE.jar;D:\my_maven
Launcher Type: SUN_STANDARD

Environment Variables:
JAVA_HOME=C:\Program Files (x86)\Java\jdk1.7.0_45
CLASSPATH=.;C:\Program Files (x86)\Java\jdk1.7.0_45\lib;C:\Program Files (x86)\Java\jdk1.7.0_45\lib\tools.jar
PATH=C:\ProgramData\Oracle\Java\javapath;C:\Program Files (x86)\Intel\iCLS Client\;C:\Program Files\Intel\iCLS Client\;C:\windows\system32;C:\windows;C:\windows\System32\Wbem;C:\windows\System32\WindowsPowerShell\v1.0\;C:\Program Files (x86)\Intel\Intel(R) Management Engine Components\DAL;C:\Program Files\Intel\Intel(R) Management Engine Components\DAL;C:\Program Files (x86)\Intel\Intel(R) Management Engine Components\IPT;C:\Program Files\Intel\Intel(R) Management Engine Components\IPT;C:\Program Files (x86)\NVIDIA Corporation\PhysX\Common;C:\WINDOWS\system32;C:\WINDOWS;C:\WINDOWS\System32\Wbem;C:\WINDOWS\System32\WindowsPowerShell\v1.0\;C:\WINDOWS\System32\OpenSSH\;C:\Program Files\Git\cmd;C:\Program Files\Git\bin;D:\Maven\apache-maven-3.6.2\bin;C:\Program Files (x86)\Java\jdk1.7.0_45\bin;C:\Program Files (x86)\Java\jdk1.7.0_45\jre\bin;C:\WINDOWS\system32\config\systemprofile\.dnx\bin;C:\Program Files\Microsoft DNX\Dnvm\;C:\Program Files (x86)\Windows Kits\8.1\Windows Performance Toolkit\;C:\Program Files\Microsoft SQL Server\130\Tools\Binn\;C:\Program Files\mysql-5.7.26-winx64\bin;C:\Program Files\nodejs\;C:\Users\82038\AppData\Local\Programs\Python\Python37\Scripts\;C:\Users\82038\AppData\Local\Programs\Python\Python37\;C:\Users\82038\AppData\Local\Microsoft\WindowsApps;D:\IDEA\IntelliJ IDEA 2018.3.3\bin;C:\Users\82038\AppData\Local\GitHubDesktop\bin;D:\Microsoft VS Code\bin;C:\Users\82038\AppData\Roaming\npm;%USERPROFILE%\AppData\Local\Microsoft\WindowsApps;
USERNAME=82038
OS=Windows_NT
PROCESSOR_IDENTIFIER=Intel64 Family 6 Model 158 Stepping 9, GenuineIntel



---------------  S Y S T E M  ---------------

OS: Windows 10.0 , 64 bit Build 18362 (10.0.18362.329)

CPU:total 8 (4 cores per cpu, 2 threads per core) family 6 model 158 stepping 9, cmov, cx8, fxsr, mmx, sse, sse2, sse3, ssse3, sse4.1, sse4.2, popcnt, avx, avx2, aes, clmul, erms, 3dnowpref, lzcnt, ht, tsc, tscinvbit, bmi1, bmi2, adx

Memory: 4k page, physical 16731636k(8539388k free), swap 17780212k(5490440k free)

vm_info: Java HotSpot(TM) Client VM (25.66-b17) for windows-x86 JRE (1.8.0_66-b17), built on Oct  6 2015 19:59:47 by "java_re" with MS VC++ 10.0 (VS2010)

time: Sun Nov 10 13:28:20 2019
elapsed time: 17 seconds (0d 0h 0m 17s)

