#
# A fatal error has been detected by the Java Runtime Environment:
#
#  EXCEPTION_UNCAUGHT_CXX_EXCEPTION (0xe06d7363) at pc=0x76c235d2, pid=1572, tid=15284
#
# JRE version: Java(TM) SE Runtime Environment (8.0_66-b17) (build 1.8.0_66-b17)
# Java VM: Java HotSpot(TM) Client VM (25.66-b17 mixed mode, sharing windows-x86 )
# Problematic frame:
# C  [KERNELBASE.dll+0x1135d2]
#
# Failed to write core dump. Minidumps are not enabled by default on client versions of Windows
#
# If you would like to submit a bug report, please visit:
#   http://bugreport.java.com/bugreport/crash.jsp
# The crash happened outside the Java Virtual Machine in native code.
# See problematic frame for where to report the bug.
#

---------------  T H R E A D  ---------------

Current thread (0x17c4ec00):  JavaThread "http-nio-8083-exec-8" daemon [_thread_in_native, id=15284, stack(0x19f40000,0x19f90000)]

siginfo: ExceptionCode=0xe06d7363, ExceptionInformation=0x19930520 0x19f7dbc4 0x64ca4e00 

Registers:
EAX=0x19f7db10, EBX=0x19f7dbc4, ECX=0x00000003, EDX=0x00000000
ESP=0x19f7db10, EBP=0x19f7db68, ESI=0x732514a8, EDI=0x64ca4e00
EIP=0x76c235d2, EFLAGS=0x00200212

Top of Stack: (sp=0x19f7db10)
0x19f7db10:   e06d7363 00000001 00000000 76c235d2
0x19f7db20:   00000003 19930520 19f7dbc4 64ca4e00
0x19f7db30:   19f7db64 64ae4f8a 00000050 7abaf5d2
0x19f7db40:   0000004d 19f7dc1c 19f8dcc8 19f7dc1c
0x19f7db50:   006c0568 19f7db3c 19f7dba4 19f7dc1c
0x19f7db60:   0000004d 67f6ac83 19f7dbac 73254a25
0x19f7db70:   e06d7363 00000001 00000003 19f7dba0
0x19f7db80:   19f8dc70 76d4f240 00000018 e06d7363 

Instructions: (pc=0x76c235d2)
0x76c235b2:   89 44 24 10 c1 e0 02 50 51 8d 44 24 1c 50 e8 6f
0x76c235c2:   50 02 00 83 c4 0c 8d 04 24 50 ff 15 04 84 cd 76
0x76c235d2:   8b 4c 24 54 33 cc e8 f3 bc 01 00 8b e5 5d c2 10
0x76c235e2:   00 83 64 24 10 00 eb de 6a 0f 58 eb c3 cc cc cc 


Register to memory mapping:

EAX=0x19f7db10 is pointing into the stack for thread: 0x17c4ec00
EBX=0x19f7dbc4 is pointing into the stack for thread: 0x17c4ec00
ECX=0x00000003 is an unknown value
EDX=0x00000000 is an unknown value
ESP=0x19f7db10 is pointing into the stack for thread: 0x17c4ec00
EBP=0x19f7db68 is pointing into the stack for thread: 0x17c4ec00
ESI=0x732514a8 is an unknown value
EDI=0x64ca4e00 is an unknown value


Stack: [0x19f40000,0x19f90000],  sp=0x19f7db10,  free space=246k
Native frames: (J=compiled Java code, j=interpreted, Vv=VM code, C=native code)
C  [KERNELBASE.dll+0x1135d2]
C  [VCRUNTIME140.dll+0x4a25]
C  [opencv_core2413.dll+0x14e9f4]
C  [opencv_highgui2413.dll+0x5b9e]
C  [opencv_highgui2413.dll+0x595e]
C  [YukaFaceHelper.dll+0x1e03]
C  0x00000000

Java frames: (J=compiled Java code, j=interpreted, Vv=VM code)
j  com.sun.jna.Function.invokeDouble(I[Ljava/lang/Object;)D+0
j  com.sun.jna.Function.invoke([Ljava/lang/Object;Ljava/lang/Class;)Ljava/lang/Object;+465
j  com.sun.jna.Function.invoke(Ljava/lang/Class;[Ljava/lang/Object;Ljava/util/Map;)Ljava/lang/Object;+194
j  com.sun.jna.Library$Handler.invoke(Ljava/lang/Object;Ljava/lang/reflect/Method;[Ljava/lang/Object;)Ljava/lang/Object;+344
j  com.sun.proxy.$Proxy86.YK_Compare_JAVA([BI[BI)D+35
j  com.atguigu.springboot.controller.PersonCodeController.uplaod(Ljavax/servlet/http/HttpServletRequest;Lorg/springframework/web/multipart/MultipartFile;Lorg/springframework/ui/Model;)Ljava/lang/String;+365
v  ~StubRoutines::call_stub
J 2209  sun.reflect.NativeMethodAccessorImpl.invoke0(Ljava/lang/reflect/Method;Ljava/lang/Object;[Ljava/lang/Object;)Ljava/lang/Object; (0 bytes) @ 0x02c99d9d [0x02c99d20+0x7d]
J 2208 C1 sun.reflect.NativeMethodAccessorImpl.invoke(Ljava/lang/Object;[Ljava/lang/Object;)Ljava/lang/Object; (104 bytes) @ 0x02c9a490 [0x02c9a200+0x290]
J 601 C1 sun.reflect.DelegatingMethodAccessorImpl.invoke(Ljava/lang/Object;[Ljava/lang/Object;)Ljava/lang/Object; (10 bytes) @ 0x0292fe40 [0x0292fe10+0x30]
J 600 C1 java.lang.reflect.Method.invoke(Ljava/lang/Object;[Ljava/lang/Object;)Ljava/lang/Object; (62 bytes) @ 0x0292fb7c [0x0292fac0+0xbc]
j  org.springframework.web.method.support.InvocableHandlerMethod.doInvoke([Ljava/lang/Object;)Ljava/lang/Object;+16
j  org.springframework.web.method.support.InvocableHandlerMethod.invokeForRequest(Lorg/springframework/web/context/request/NativeWebRequest;Lorg/springframework/web/method/support/ModelAndViewContainer;[Ljava/lang/Object;)Ljava/lang/Object;+75
j  org.springframework.web.servlet.mvc.method.annotation.ServletInvocableHandlerMethod.invokeAndHandle(Lorg/springframework/web/context/request/ServletWebRequest;Lorg/springframework/web/method/support/ModelAndViewContainer;[Ljava/lang/Object;)V+4
j  org.springframework.web.servlet.mvc.method.annotation.RequestMappingHandlerAdapter.invokeHandlerMethod(Ljavax/servlet/http/HttpServletRequest;Ljavax/servlet/http/HttpServletResponse;Lorg/springframework/web/method/HandlerMethod;)Lorg/springframework/web/servlet/ModelAndView;+262
j  org.springframework.web.servlet.mvc.method.annotation.RequestMappingHandlerAdapter.handleInternal(Ljavax/servlet/http/HttpServletRequest;Ljavax/servlet/http/HttpServletResponse;Lorg/springframework/web/method/HandlerMethod;)Lorg/springframework/web/servlet/ModelAndView;+81
j  org.springframework.web.servlet.mvc.method.AbstractHandlerMethodAdapter.handle(Ljavax/servlet/http/HttpServletRequest;Ljavax/servlet/http/HttpServletResponse;Ljava/lang/Object;)Lorg/springframework/web/servlet/ModelAndView;+7
j  org.springframework.web.servlet.DispatcherServlet.doDispatch(Ljavax/servlet/http/HttpServletRequest;Ljavax/servlet/http/HttpServletResponse;)V+318
j  org.springframework.web.servlet.DispatcherServlet.doService(Ljavax/servlet/http/HttpServletRequest;Ljavax/servlet/http/HttpServletResponse;)V+301
j  org.springframework.web.servlet.FrameworkServlet.processRequest(Ljavax/servlet/http/HttpServletRequest;Ljavax/servlet/http/HttpServletResponse;)V+71
j  org.springframework.web.servlet.FrameworkServlet.doPost(Ljavax/servlet/http/HttpServletRequest;Ljavax/servlet/http/HttpServletResponse;)V+3
j  javax.servlet.http.HttpServlet.service(Ljavax/servlet/http/HttpServletRequest;Ljavax/servlet/http/HttpServletResponse;)V+149
j  org.springframework.web.servlet.FrameworkServlet.service(Ljavax/servlet/http/HttpServletRequest;Ljavax/servlet/http/HttpServletResponse;)V+33
j  javax.servlet.http.HttpServlet.service(Ljavax/servlet/ServletRequest;Ljavax/servlet/ServletResponse;)V+30
j  org.apache.catalina.core.ApplicationFilterChain.internalDoFilter(Ljavax/servlet/ServletRequest;Ljavax/servlet/ServletResponse;)V+304
j  org.apache.catalina.core.ApplicationFilterChain.doFilter(Ljavax/servlet/ServletRequest;Ljavax/servlet/ServletResponse;)V+101
j  org.apache.tomcat.websocket.server.WsFilter.doFilter(Ljavax/servlet/ServletRequest;Ljavax/servlet/ServletResponse;Ljavax/servlet/FilterChain;)V+21
j  org.apache.catalina.core.ApplicationFilterChain.internalDoFilter(Ljavax/servlet/ServletRequest;Ljavax/servlet/ServletResponse;)V+135
j  org.apache.catalina.core.ApplicationFilterChain.doFilter(Ljavax/servlet/ServletRequest;Ljavax/servlet/ServletResponse;)V+101
j  com.alibaba.druid.support.http.WebStatFilter.doFilter(Ljavax/servlet/ServletRequest;Ljavax/servlet/ServletResponse;Ljavax/servlet/FilterChain;)V+190
j  org.apache.catalina.core.ApplicationFilterChain.internalDoFilter(Ljavax/servlet/ServletRequest;Ljavax/servlet/ServletResponse;)V+135
j  org.apache.catalina.core.ApplicationFilterChain.doFilter(Ljavax/servlet/ServletRequest;Ljavax/servlet/ServletResponse;)V+101
j  org.springframework.web.filter.RequestContextFilter.doFilterInternal(Ljavax/servlet/http/HttpServletRequest;Ljavax/servlet/http/HttpServletResponse;Ljavax/servlet/FilterChain;)V+21
j  org.springframework.web.filter.OncePerRequestFilter.doFilter(Ljavax/servlet/ServletRequest;Ljavax/servlet/ServletResponse;Ljavax/servlet/FilterChain;)V+111
j  org.apache.catalina.core.ApplicationFilterChain.internalDoFilter(Ljavax/servlet/ServletRequest;Ljavax/servlet/ServletResponse;)V+135
j  org.apache.catalina.core.ApplicationFilterChain.doFilter(Ljavax/servlet/ServletRequest;Ljavax/servlet/ServletResponse;)V+101
j  org.springframework.web.filter.HttpPutFormContentFilter.doFilterInternal(Ljavax/servlet/http/HttpServletRequest;Ljavax/servlet/http/HttpServletResponse;Ljavax/servlet/FilterChain;)V+95
j  org.springframework.web.filter.OncePerRequestFilter.doFilter(Ljavax/servlet/ServletRequest;Ljavax/servlet/ServletResponse;Ljavax/servlet/FilterChain;)V+111
j  org.apache.catalina.core.ApplicationFilterChain.internalDoFilter(Ljavax/servlet/ServletRequest;Ljavax/servlet/ServletResponse;)V+135
j  org.apache.catalina.core.ApplicationFilterChain.doFilter(Ljavax/servlet/ServletRequest;Ljavax/servlet/ServletResponse;)V+101
j  org.springframework.web.filter.HiddenHttpMethodFilter.doFilterInternal(Ljavax/servlet/http/HttpServletRequest;Ljavax/servlet/http/HttpServletResponse;Ljavax/servlet/FilterChain;)V+64
j  org.springframework.web.filter.OncePerRequestFilter.doFilter(Ljavax/servlet/ServletRequest;Ljavax/servlet/ServletResponse;Ljavax/servlet/FilterChain;)V+111
j  org.apache.catalina.core.ApplicationFilterChain.internalDoFilter(Ljavax/servlet/ServletRequest;Ljavax/servlet/ServletResponse;)V+135
j  org.apache.catalina.core.ApplicationFilterChain.doFilter(Ljavax/servlet/ServletRequest;Ljavax/servlet/ServletResponse;)V+101
j  org.springframework.web.filter.CharacterEncodingFilter.doFilterInternal(Ljavax/servlet/http/HttpServletRequest;Ljavax/servlet/http/HttpServletResponse;Ljavax/servlet/FilterChain;)V+53
j  org.springframework.web.filter.OncePerRequestFilter.doFilter(Ljavax/servlet/ServletRequest;Ljavax/servlet/ServletResponse;Ljavax/servlet/FilterChain;)V+111
j  org.apache.catalina.core.ApplicationFilterChain.internalDoFilter(Ljavax/servlet/ServletRequest;Ljavax/servlet/ServletResponse;)V+135
j  org.apache.catalina.core.ApplicationFilterChain.doFilter(Ljavax/servlet/ServletRequest;Ljavax/servlet/ServletResponse;)V+101
j  org.apache.catalina.core.StandardWrapperValve.invoke(Lorg/apache/catalina/connector/Request;Lorg/apache/catalina/connector/Response;)V+688
j  org.apache.catalina.core.StandardContextValve.invoke(Lorg/apache/catalina/connector/Request;Lorg/apache/catalina/connector/Response;)V+166
j  org.apache.catalina.authenticator.AuthenticatorBase.invoke(Lorg/apache/catalina/connector/Request;Lorg/apache/catalina/connector/Response;)V+272
j  org.apache.catalina.core.StandardHostValve.invoke(Lorg/apache/catalina/connector/Request;Lorg/apache/catalina/connector/Response;)V+138
j  org.apache.catalina.valves.ErrorReportValve.invoke(Lorg/apache/catalina/connector/Request;Lorg/apache/catalina/connector/Response;)V+6
j  org.apache.catalina.core.StandardEngineValve.invoke(Lorg/apache/catalina/connector/Request;Lorg/apache/catalina/connector/Response;)V+71
j  org.apache.catalina.connector.CoyoteAdapter.service(Lorg/apache/coyote/Request;Lorg/apache/coyote/Response;)V+199
j  org.apache.coyote.http11.Http11Processor.service(Lorg/apache/tomcat/util/net/SocketWrapperBase;)Lorg/apache/tomcat/util/net/AbstractEndpoint$Handler$SocketState;+806
j  org.apache.coyote.AbstractProcessorLight.process(Lorg/apache/tomcat/util/net/SocketWrapperBase;Lorg/apache/tomcat/util/net/SocketEvent;)Lorg/apache/tomcat/util/net/AbstractEndpoint$Handler$SocketState;+113
j  org.apache.coyote.AbstractProtocol$ConnectionHandler.process(Lorg/apache/tomcat/util/net/SocketWrapperBase;Lorg/apache/tomcat/util/net/SocketEvent;)Lorg/apache/tomcat/util/net/AbstractEndpoint$Handler$SocketState;+378
j  org.apache.tomcat.util.net.NioEndpoint$SocketProcessor.doRun()V+191
j  org.apache.tomcat.util.net.SocketProcessorBase.run()V+21
j  java.util.concurrent.ThreadPoolExecutor.runWorker(Ljava/util/concurrent/ThreadPoolExecutor$Worker;)V+95
j  java.util.concurrent.ThreadPoolExecutor$Worker.run()V+5
j  org.apache.tomcat.util.threads.TaskThread$WrappingRunnable.run()V+4
j  java.lang.Thread.run()V+11
v  ~StubRoutines::call_stub

---------------  P R O C E S S  ---------------

Java Threads: ( => current thread )
  0x17c51c00 JavaThread "RMI TCP Connection(idle)" daemon [_thread_blocked, id=4184, stack(0x1a450000,0x1a4a0000)]
  0x17c4cc00 JavaThread "RMI TCP Connection(idle)" daemon [_thread_blocked, id=9260, stack(0x1a330000,0x1a380000)]
  0x17c4d000 JavaThread "DestroyJavaVM" [_thread_blocked, id=4300, stack(0x02480000,0x024d0000)]
  0x17c4f800 JavaThread "http-nio-8083-AsyncTimeout" daemon [_thread_blocked, id=1100, stack(0x1a2a0000,0x1a2f0000)]
  0x17c51800 JavaThread "http-nio-8083-Acceptor-0" daemon [_thread_in_native, id=15760, stack(0x1a210000,0x1a260000)]
  0x17c4b400 JavaThread "http-nio-8083-ClientPoller-1" daemon [_thread_in_native, id=16456, stack(0x1a180000,0x1a1d0000)]
  0x17c4ac00 JavaThread "http-nio-8083-ClientPoller-0" daemon [_thread_in_native, id=18304, stack(0x1a0f0000,0x1a140000)]
  0x17c4f000 JavaThread "http-nio-8083-exec-10" daemon [_thread_blocked, id=16660, stack(0x1a060000,0x1a0b0000)]
  0x17c4fc00 JavaThread "http-nio-8083-exec-9" daemon [_thread_blocked, id=17528, stack(0x19fd0000,0x1a020000)]
=>0x17c4ec00 JavaThread "http-nio-8083-exec-8" daemon [_thread_in_native, id=15284, stack(0x19f40000,0x19f90000)]
  0x17c51000 JavaThread "http-nio-8083-exec-7" daemon [_thread_blocked, id=18412, stack(0x19eb0000,0x19f00000)]
  0x17c4e400 JavaThread "http-nio-8083-exec-6" daemon [_thread_blocked, id=8808, stack(0x19e20000,0x19e70000)]
  0x17c4d800 JavaThread "http-nio-8083-exec-5" daemon [_thread_blocked, id=11852, stack(0x19d90000,0x19de0000)]
  0x17c50c00 JavaThread "http-nio-8083-exec-4" daemon [_thread_blocked, id=5496, stack(0x19d00000,0x19d50000)]
  0x17c4e000 JavaThread "http-nio-8083-exec-3" daemon [_thread_blocked, id=12640, stack(0x19c70000,0x19cc0000)]
  0x17b65000 JavaThread "http-nio-8083-exec-2" daemon [_thread_blocked, id=6332, stack(0x19be0000,0x19c30000)]
  0x17b64800 JavaThread "http-nio-8083-exec-1" daemon [_thread_blocked, id=9500, stack(0x19b50000,0x19ba0000)]
  0x17b63000 JavaThread "NioBlockingSelector.BlockPoller-1" daemon [_thread_in_native, id=13872, stack(0x19ac0000,0x19b10000)]
  0x17b65400 JavaThread "Druid-ConnectionPool-Destroy-32693637" daemon [_thread_blocked, id=11396, stack(0x19210000,0x19260000)]
  0x17b63c00 JavaThread "Druid-ConnectionPool-Create-32693637" daemon [_thread_blocked, id=18184, stack(0x19180000,0x191d0000)]
  0x17b66000 JavaThread "Abandoned connection cleanup thread" daemon [_thread_blocked, id=15540, stack(0x18ff0000,0x19040000)]
  0x17b64400 JavaThread "container-0" [_thread_blocked, id=17492, stack(0x18e60000,0x18eb0000)]
  0x17b65c00 JavaThread "ContainerBackgroundProcessor[StandardEngine[Tomcat]]" daemon [_thread_blocked, id=1364, stack(0x18dd0000,0x18e20000)]
  0x16532800 JavaThread "RMI TCP Connection(idle)" daemon [_thread_blocked, id=3972, stack(0x16910000,0x16960000)]
  0x16532000 JavaThread "RMI Scheduler(0)" daemon [_thread_blocked, id=5884, stack(0x16780000,0x167d0000)]
  0x16492000 JavaThread "RMI TCP Connection(idle)" daemon [_thread_blocked, id=4488, stack(0x166f0000,0x16740000)]
  0x16461400 JavaThread "RMI TCP Accept-0" daemon [_thread_in_native, id=10616, stack(0x15bb0000,0x15c00000)]
  0x16440000 JavaThread "RMI TCP Accept-49857" daemon [_thread_in_native, id=16032, stack(0x15b20000,0x15b70000)]
  0x1641e400 JavaThread "RMI TCP Accept-0" daemon [_thread_in_native, id=12292, stack(0x15a90000,0x15ae0000)]
  0x162da000 JavaThread "Service Thread" daemon [_thread_blocked, id=8176, stack(0x15a00000,0x15a50000)]
  0x162c0800 JavaThread "C1 CompilerThread0" daemon [_thread_blocked, id=6656, stack(0x15970000,0x159c0000)]
  0x1628d400 JavaThread "Monitor Ctrl-Break" daemon [_thread_in_native, id=9416, stack(0x158e0000,0x15930000)]
  0x02764800 JavaThread "Attach Listener" daemon [_thread_blocked, id=3928, stack(0x15650000,0x156a0000)]
  0x02753400 JavaThread "Signal Dispatcher" daemon [_thread_blocked, id=10220, stack(0x14f90000,0x14fe0000)]
  0x026ee000 JavaThread "Finalizer" daemon [_thread_blocked, id=11500, stack(0x14ea0000,0x14ef0000)]
  0x026ecc00 JavaThread "Reference Handler" daemon [_thread_blocked, id=4792, stack(0x049a0000,0x049f0000)]

Other Threads:
  0x026e9800 VMThread [stack: 0x04910000,0x04960000] [id=17612]
  0x16462400 WatcherThread [stack: 0x165b0000,0x16600000] [id=8768]

VM state:not at safepoint (normal execution)

VM Mutex/Monitor currently owned by a thread: None

Heap:
 def new generation   total 21888K, used 11605K [0x04a00000, 0x061b0000, 0x09f50000)
  eden space 19520K,  47% used [0x04a00000, 0x053056e8, 0x05d10000)
  from space 2368K, 100% used [0x05d10000, 0x05f60000, 0x05f60000)
  to   space 2368K,   0% used [0x05f60000, 0x05f60000, 0x061b0000)
 tenured generation   total 48468K, used 36318K [0x09f50000, 0x0cea5000, 0x14a00000)
   the space 48468K,  74% used [0x09f50000, 0x0c2c7950, 0x0c2c7a00, 0x0cea5000)
 Metaspace       used 30177K, capacity 30482K, committed 30720K, reserved 31104K

Card table byte_map: [0x04840000,0x048d0000] byte_map_base: 0x0481b000

Polling page: 0x00940000

CodeCache: size=32768Kb used=5426Kb max_used=5529Kb free=27341Kb
 bounds [0x027c0000, 0x02d30000, 0x047c0000]
 total_blobs=2870 nmethods=2413 adapters=387
 compilation: enabled

Compilation events (10 events):
Event: 27.172 Thread 0x162c0800 2910   !         sun.reflect.GeneratedMethodAccessor58::invoke (66 bytes)
Event: 27.172 Thread 0x162c0800 nmethod 2910 0x02d27e88 code [0x02d27ff0, 0x02d28338]
Event: 27.172 Thread 0x162c0800 2911   !         sun.reflect.GeneratedMethodAccessor59::invoke (66 bytes)
Event: 27.172 Thread 0x162c0800 nmethod 2911 0x02d28708 code [0x02d28870, 0x02d28bb8]
Event: 27.297 Thread 0x162c0800 2912             com.mysql.jdbc.MysqlIO::readSingleRowSet (122 bytes)
Event: 27.298 Thread 0x162c0800 nmethod 2912 0x02d28f88 code [0x02d290f0, 0x02d2959c]
Event: 27.298 Thread 0x162c0800 2913             org.apache.ibatis.executor.resultset.DefaultResultSetHandler::handleRowValuesForSimpleResultMap (82 bytes)
Event: 27.299 Thread 0x162c0800 nmethod 2913 0x02929188 code [0x029292e0, 0x02929538]
Event: 27.329 Thread 0x162c0800 2914             java.util.HashMap$HashIterator::<init> (79 bytes)
Event: 27.330 Thread 0x162c0800 nmethod 2914 0x02909ac8 code [0x02909bc0, 0x02909cf0]

GC Heap History (10 events):
Event: 15.703 GC heap before
{Heap before GC invocations=110 (full 3):
 def new generation   total 21888K, used 20487K [0x04a00000, 0x061b0000, 0x09f50000)
  eden space 19520K, 100% used [0x04a00000, 0x05d10000, 0x05d10000)
  from space 2368K,  40% used [0x05f60000, 0x06051ec0, 0x061b0000)
  to   space 2368K,   0% used [0x05d10000, 0x05d10000, 0x05f60000)
 tenured generation   total 48468K, used 29080K [0x09f50000, 0x0cea5000, 0x14a00000)
   the space 48468K,  59% used [0x09f50000, 0x0bbb6320, 0x0bbb6400, 0x0cea5000)
 Metaspace       used 26241K, capacity 26529K, committed 26752K, reserved 27008K
Event: 15.711 GC heap after
Heap after GC invocations=111 (full 3):
 def new generation   total 21888K, used 2368K [0x04a00000, 0x061b0000, 0x09f50000)
  eden space 19520K,   0% used [0x04a00000, 0x04a00000, 0x05d10000)
  from space 2368K, 100% used [0x05d10000, 0x05f60000, 0x05f60000)
  to   space 2368K,   0% used [0x05f60000, 0x05f60000, 0x061b0000)
 tenured generation   total 48468K, used 29184K [0x09f50000, 0x0cea5000, 0x14a00000)
   the space 48468K,  60% used [0x09f50000, 0x0bbd0300, 0x0bbd0400, 0x0cea5000)
 Metaspace       used 26241K, capacity 26529K, committed 26752K, reserved 27008K
}
Event: 15.950 GC heap before
{Heap before GC invocations=111 (full 3):
 def new generation   total 21888K, used 21888K [0x04a00000, 0x061b0000, 0x09f50000)
  eden space 19520K, 100% used [0x04a00000, 0x05d10000, 0x05d10000)
  from space 2368K, 100% used [0x05d10000, 0x05f60000, 0x05f60000)
  to   space 2368K,   0% used [0x05f60000, 0x05f60000, 0x061b0000)
 tenured generation   total 48468K, used 29184K [0x09f50000, 0x0cea5000, 0x14a00000)
   the space 48468K,  60% used [0x09f50000, 0x0bbd0300, 0x0bbd0400, 0x0cea5000)
 Metaspace       used 26837K, capacity 27139K, committed 27392K, reserved 28032K
Event: 15.958 GC heap after
Heap after GC invocations=112 (full 3):
 def new generation   total 21888K, used 1910K [0x04a00000, 0x061b0000, 0x09f50000)
  eden space 19520K,   0% used [0x04a00000, 0x04a00000, 0x05d10000)
  from space 2368K,  80% used [0x05f60000, 0x0613db68, 0x061b0000)
  to   space 2368K,   0% used [0x05d10000, 0x05d10000, 0x05f60000)
 tenured generation   total 48468K, used 30422K [0x09f50000, 0x0cea5000, 0x14a00000)
   the space 48468K,  62% used [0x09f50000, 0x0bd058a0, 0x0bd05a00, 0x0cea5000)
 Metaspace       used 26837K, capacity 27139K, committed 27392K, reserved 28032K
}
Event: 16.203 GC heap before
{Heap before GC invocations=112 (full 3):
 def new generation   total 21888K, used 21430K [0x04a00000, 0x061b0000, 0x09f50000)
  eden space 19520K, 100% used [0x04a00000, 0x05d10000, 0x05d10000)
  from space 2368K,  80% used [0x05f60000, 0x0613db68, 0x061b0000)
  to   space 2368K,   0% used [0x05d10000, 0x05d10000, 0x05f60000)
 tenured generation   total 48468K, used 30422K [0x09f50000, 0x0cea5000, 0x14a00000)
   the space 48468K,  62% used [0x09f50000, 0x0bd058a0, 0x0bd05a00, 0x0cea5000)
 Metaspace       used 27882K, capacity 28195K, committed 28416K, reserved 29056K
Event: 16.212 GC heap after
Heap after GC invocations=113 (full 3):
 def new generation   total 21888K, used 2368K [0x04a00000, 0x061b0000, 0x09f50000)
  eden space 19520K,   0% used [0x04a00000, 0x04a00000, 0x05d10000)
  from space 2368K, 100% used [0x05d10000, 0x05f60000, 0x05f60000)
  to   space 2368K,   0% used [0x05f60000, 0x05f60000, 0x061b0000)
 tenured generation   total 48468K, used 32311K [0x09f50000, 0x0cea5000, 0x14a00000)
   the space 48468K,  66% used [0x09f50000, 0x0beddd18, 0x0bedde00, 0x0cea5000)
 Metaspace       used 27882K, capacity 28195K, committed 28416K, reserved 29056K
}
Event: 26.976 GC heap before
{Heap before GC invocations=113 (full 3):
 def new generation   total 21888K, used 21857K [0x04a00000, 0x061b0000, 0x09f50000)
  eden space 19520K,  99% used [0x04a00000, 0x05d08778, 0x05d10000)
  from space 2368K, 100% used [0x05d10000, 0x05f60000, 0x05f60000)
  to   space 2368K,   0% used [0x05f60000, 0x05f60000, 0x061b0000)
 tenured generation   total 48468K, used 32311K [0x09f50000, 0x0cea5000, 0x14a00000)
   the space 48468K,  66% used [0x09f50000, 0x0beddd18, 0x0bedde00, 0x0cea5000)
 Metaspace       used 29422K, capacity 29731K, committed 29952K, reserved 30080K
Event: 26.984 GC heap after
Heap after GC invocations=114 (full 3):
 def new generation   total 21888K, used 2165K [0x04a00000, 0x061b0000, 0x09f50000)
  eden space 19520K,   0% used [0x04a00000, 0x04a00000, 0x05d10000)
  from space 2368K,  91% used [0x05f60000, 0x0617d6d0, 0x061b0000)
  to   space 2368K,   0% used [0x05d10000, 0x05d10000, 0x05f60000)
 tenured generation   total 48468K, used 34182K [0x09f50000, 0x0cea5000, 0x14a00000)
   the space 48468K,  70% used [0x09f50000, 0x0c0b1ad8, 0x0c0b1c00, 0x0cea5000)
 Metaspace       used 29422K, capacity 29731K, committed 29952K, reserved 30080K
}
Event: 27.209 GC heap before
{Heap before GC invocations=114 (full 3):
 def new generation   total 21888K, used 21685K [0x04a00000, 0x061b0000, 0x09f50000)
  eden space 19520K, 100% used [0x04a00000, 0x05d10000, 0x05d10000)
  from space 2368K,  91% used [0x05f60000, 0x0617d6d0, 0x061b0000)
  to   space 2368K,   0% used [0x05d10000, 0x05d10000, 0x05f60000)
 tenured generation   total 48468K, used 34182K [0x09f50000, 0x0cea5000, 0x14a00000)
   the space 48468K,  70% used [0x09f50000, 0x0c0b1ad8, 0x0c0b1c00, 0x0cea5000)
 Metaspace       used 30121K, capacity 30418K, committed 30592K, reserved 31104K
Event: 27.221 GC heap after
Heap after GC invocations=115 (full 3):
 def new generation   total 21888K, used 2368K [0x04a00000, 0x061b0000, 0x09f50000)
  eden space 19520K,   0% used [0x04a00000, 0x04a00000, 0x05d10000)
  from space 2368K, 100% used [0x05d10000, 0x05f60000, 0x05f60000)
  to   space 2368K,   0% used [0x05f60000, 0x05f60000, 0x061b0000)
 tenured generation   total 48468K, used 36318K [0x09f50000, 0x0cea5000, 0x14a00000)
   the space 48468K,  74% used [0x09f50000, 0x0c2c7950, 0x0c2c7a00, 0x0cea5000)
 Metaspace       used 30121K, capacity 30418K, committed 30592K, reserved 31104K
}

Deoptimization events (0 events):
No events

Internal exceptions (10 events):
Event: 16.254 Thread 0x17c4e000 Exception <a 'java/lang/ArrayIndexOutOfBoundsException'> (0x04c0d2f0) thrown at [C:\re\workspace\8-2-build-windows-i586-cygwin\jdk8u66\4988\hotspot\src\share\vm\runtime\sharedRuntime.cpp, line 605]
Event: 16.254 Thread 0x17c4d800 Exception <a 'java/lang/ArrayIndexOutOfBoundsException'> (0x04c18d60) thrown at [C:\re\workspace\8-2-build-windows-i586-cygwin\jdk8u66\4988\hotspot\src\share\vm\runtime\sharedRuntime.cpp, line 605]
Event: 16.254 Thread 0x17b65000 Exception <a 'java/lang/ArrayIndexOutOfBoundsException'> (0x04bc8290) thrown at [C:\re\workspace\8-2-build-windows-i586-cygwin\jdk8u66\4988\hotspot\src\share\vm\runtime\sharedRuntime.cpp, line 605]
Event: 16.280 Thread 0x17c4d800 Exception <a 'java/lang/ArrayIndexOutOfBoundsException'> (0x04e307a8) thrown at [C:\re\workspace\8-2-build-windows-i586-cygwin\jdk8u66\4988\hotspot\src\share\vm\runtime\sharedRuntime.cpp, line 605]
Event: 16.280 Thread 0x17b65000 Exception <a 'java/lang/ArrayIndexOutOfBoundsException'> (0x04e35260) thrown at [C:\re\workspace\8-2-build-windows-i586-cygwin\jdk8u66\4988\hotspot\src\share\vm\runtime\sharedRuntime.cpp, line 605]
Event: 16.280 Thread 0x17c50c00 Exception <a 'java/lang/ArrayIndexOutOfBoundsException'> (0x04db9988) thrown at [C:\re\workspace\8-2-build-windows-i586-cygwin\jdk8u66\4988\hotspot\src\share\vm\runtime\sharedRuntime.cpp, line 605]
Event: 16.280 Thread 0x17c4e000 Exception <a 'java/lang/ArrayIndexOutOfBoundsException'> (0x04e4c368) thrown at [C:\re\workspace\8-2-build-windows-i586-cygwin\jdk8u66\4988\hotspot\src\share\vm\runtime\sharedRuntime.cpp, line 605]
Event: 16.299 Thread 0x17c4d800 Exception <a 'java/lang/ArrayIndexOutOfBoundsException'> (0x04fe6050) thrown at [C:\re\workspace\8-2-build-windows-i586-cygwin\jdk8u66\4988\hotspot\src\share\vm\runtime\sharedRuntime.cpp, line 605]
Event: 26.865 Thread 0x17c4ec00 Exception <a 'java/lang/ArrayIndexOutOfBoundsException'> (0x0556b728) thrown at [C:\re\workspace\8-2-build-windows-i586-cygwin\jdk8u66\4988\hotspot\src\share\vm\runtime\sharedRuntime.cpp, line 605]
Event: 27.293 Thread 0x17c4ec00 Exception <a 'java/lang/ArrayIndexOutOfBoundsException'> (0x0524f098) thrown at [C:\re\workspace\8-2-build-windows-i586-cygwin\jdk8u66\4988\hotspot\src\share\vm\runtime\sharedRuntime.cpp, line 605]

Events (10 events):
Event: 27.298 Thread 0x162c0800 flushing nmethod 0x02930608
Event: 27.298 Thread 0x162c0800 flushing nmethod 0x02930808
Event: 27.298 Thread 0x162c0800 flushing nmethod 0x02931288
Event: 27.298 Thread 0x162c0800 flushing nmethod 0x02932588
Event: 27.299 loading class com/sun/jna/NativeMapped
Event: 27.299 loading class com/sun/jna/NativeMapped done
Event: 32.782 loading class com/sun/jna/Callback
Event: 32.782 loading class com/sun/jna/Callback done
Event: 32.783 loading class com/sun/jna/WString
Event: 32.783 loading class com/sun/jna/WString done


Dynamic libraries:
0x00960000 - 0x00993000 	C:\Program Files (x86)\Java\jdk1.8.0_66\bin\java.exe
0x77030000 - 0x771ca000 	C:\WINDOWS\SYSTEM32\ntdll.dll
0x75260000 - 0x75340000 	C:\WINDOWS\System32\KERNEL32.DLL
0x76b10000 - 0x76d0c000 	C:\WINDOWS\System32\KERNELBASE.dll
0x6dcd0000 - 0x6dd6f000 	C:\WINDOWS\SYSTEM32\apphelp.dll
0x76970000 - 0x769e9000 	C:\WINDOWS\System32\ADVAPI32.dll
0x75540000 - 0x755ff000 	C:\WINDOWS\System32\msvcrt.dll
0x74dc0000 - 0x74e36000 	C:\WINDOWS\System32\sechost.dll
0x751a0000 - 0x7525b000 	C:\WINDOWS\System32\RPCRT4.dll
0x74800000 - 0x74820000 	C:\WINDOWS\System32\SspiCli.dll
0x747f0000 - 0x747fa000 	C:\WINDOWS\System32\CRYPTBASE.dll
0x75fc0000 - 0x7601f000 	C:\WINDOWS\System32\bcryptPrimitives.dll
0x75c60000 - 0x75df7000 	C:\WINDOWS\System32\USER32.dll
0x76e30000 - 0x76e47000 	C:\WINDOWS\System32\win32u.dll
0x769f0000 - 0x76a11000 	C:\WINDOWS\System32\GDI32.dll
0x75e60000 - 0x75fba000 	C:\WINDOWS\System32\gdi32full.dll
0x753a0000 - 0x7541c000 	C:\WINDOWS\System32\msvcp_win.dll
0x76d10000 - 0x76e2f000 	C:\WINDOWS\System32\ucrtbase.dll
0x6bde0000 - 0x6bfef000 	C:\WINDOWS\WinSxS\x86_microsoft.windows.common-controls_6595b64144ccf1df_6.0.18362.592_none_2e6de868278ee708\COMCTL32.dll
0x74f00000 - 0x75176000 	C:\WINDOWS\System32\combase.dll
0x74ed0000 - 0x74ef5000 	C:\WINDOWS\System32\IMM32.DLL
0x65bf0000 - 0x65caf000 	C:\Program Files (x86)\Java\jdk1.8.0_66\jre\bin\msvcr100.dll
0x65820000 - 0x65be5000 	C:\Program Files (x86)\Java\jdk1.8.0_66\jre\bin\client\jvm.dll
0x766e0000 - 0x766e6000 	C:\WINDOWS\System32\PSAPI.DLL
0x74380000 - 0x743a4000 	C:\WINDOWS\SYSTEM32\WINMM.dll
0x70de0000 - 0x70de8000 	C:\WINDOWS\SYSTEM32\WSOCK32.dll
0x747e0000 - 0x747e8000 	C:\WINDOWS\SYSTEM32\VERSION.dll
0x75340000 - 0x7539e000 	C:\WINDOWS\System32\WS2_32.dll
0x74350000 - 0x74373000 	C:\WINDOWS\SYSTEM32\winmmbase.dll
0x76920000 - 0x7695b000 	C:\WINDOWS\System32\cfgmgr32.dll
0x65810000 - 0x6581c000 	C:\Program Files (x86)\Java\jdk1.8.0_66\jre\bin\verify.dll
0x657e0000 - 0x65801000 	C:\Program Files (x86)\Java\jdk1.8.0_66\jre\bin\java.dll
0x657a0000 - 0x657c0000 	C:\Program Files (x86)\Java\jdk1.8.0_66\jre\bin\instrument.dll
0x657c0000 - 0x657d3000 	C:\Program Files (x86)\Java\jdk1.8.0_66\jre\bin\zip.dll
0x74840000 - 0x74dba000 	C:\WINDOWS\System32\SHELL32.dll
0x74e40000 - 0x74ec4000 	C:\WINDOWS\System32\shcore.dll
0x75600000 - 0x75bc5000 	C:\WINDOWS\System32\windows.storage.dll
0x766c0000 - 0x766d7000 	C:\WINDOWS\System32\profapi.dll
0x75e10000 - 0x75e53000 	C:\WINDOWS\System32\powrprof.dll
0x76e50000 - 0x76e5d000 	C:\WINDOWS\System32\UMPDC.dll
0x76e60000 - 0x76ea4000 	C:\WINDOWS\System32\shlwapi.dll
0x75420000 - 0x7542f000 	C:\WINDOWS\System32\kernel.appcore.dll
0x75180000 - 0x75193000 	C:\WINDOWS\System32\cryptsp.dll
0x65780000 - 0x65796000 	D:\IDEA\IntelliJ IDEA 2018.3.3\bin\breakgen.dll
0x65760000 - 0x65776000 	C:\Program Files (x86)\Java\jdk1.8.0_66\jre\bin\net.dll
0x738f0000 - 0x73942000 	C:\WINDOWS\system32\mswsock.dll
0x65750000 - 0x6575a000 	C:\Program Files (x86)\Java\jdk1.8.0_66\jre\bin\management.dll
0x65740000 - 0x6574f000 	C:\Program Files (x86)\Java\jdk1.8.0_66\jre\bin\nio.dll
0x70bf0000 - 0x70c01000 	C:\WINDOWS\system32\napinsp.dll
0x70bd0000 - 0x70be6000 	C:\WINDOWS\system32\pnrpnsp.dll
0x73f20000 - 0x73fb1000 	C:\WINDOWS\SYSTEM32\DNSAPI.dll
0x75e00000 - 0x75e07000 	C:\WINDOWS\System32\NSI.dll
0x74670000 - 0x746a2000 	C:\WINDOWS\SYSTEM32\IPHLPAPI.DLL
0x70bc0000 - 0x70bcb000 	C:\WINDOWS\System32\winrnr.dll
0x70ba0000 - 0x70bb6000 	C:\WINDOWS\system32\NLAapi.dll
0x70b90000 - 0x70ba0000 	C:\WINDOWS\system32\wshbth.dll
0x74160000 - 0x74168000 	C:\Windows\System32\rasadhlp.dll
0x71160000 - 0x711b1000 	C:\WINDOWS\System32\fwpuclnt.dll
0x75c30000 - 0x75c49000 	C:\WINDOWS\System32\bcrypt.dll
0x73ef0000 - 0x73f1f000 	C:\WINDOWS\system32\rsaenh.dll
0x747b0000 - 0x747ce000 	C:\WINDOWS\SYSTEM32\USERENV.dll
0x73de0000 - 0x73df3000 	C:\WINDOWS\SYSTEM32\dhcpcsvc6.DLL
0x742b0000 - 0x742c5000 	C:\WINDOWS\SYSTEM32\dhcpcsvc.DLL
0x64ae0000 - 0x64cd2000 	C:\Users\82038\Desktop\FaceSDK_x86\opencv_core2413.dll
0x7ac10000 - 0x7ac4b000 	C:\WINDOWS\SYSTEM32\CONCRT140.dll
0x6fa70000 - 0x6fae1000 	C:\WINDOWS\SYSTEM32\MSVCP140.dll
0x73250000 - 0x73265000 	C:\WINDOWS\SYSTEM32\VCRUNTIME140.dll
0x64890000 - 0x64ad4000 	C:\Users\82038\Desktop\FaceSDK_x86\opencv_imgproc2413.dll
0x64690000 - 0x64882000 	C:\Users\82038\Desktop\FaceSDK_x86\opencv_highgui2413.dll
0x76070000 - 0x76167000 	C:\WINDOWS\System32\ole32.dll
0x767a0000 - 0x76832000 	C:\WINDOWS\System32\OLEAUT32.dll
0x71cb0000 - 0x71cc4000 	C:\WINDOWS\SYSTEM32\AVICAP32.dll
0x71920000 - 0x71942000 	C:\WINDOWS\SYSTEM32\MSVFW32.dll
0x64670000 - 0x6468b000 	C:\WINDOWS\SYSTEM32\AVIFIL32.dll
0x6d9b0000 - 0x6d9c9000 	C:\WINDOWS\SYSTEM32\MSACM32.dll
0x5bf50000 - 0x5c8dc000 	C:\Users\82038\Desktop\FaceSDK_x86\THFeature.dll
0x70000000 - 0x7006b000 	C:\WINDOWS\SYSTEM32\WINSPOOL.DRV
0x73480000 - 0x73545000 	C:\WINDOWS\SYSTEM32\PROPSYS.dll
0x64640000 - 0x64670000 	C:\Users\82038\Desktop\FaceSDK_x86\WKWIN32.dll
0x71100000 - 0x71129000 	C:\WINDOWS\SYSTEM32\ntmarta.dll
0x640c0000 - 0x6463f000 	C:\Users\82038\Desktop\FaceSDK_x86\THFaceImage.dll
0x65080000 - 0x6508a000 	C:\Users\82038\Desktop\FaceSDK_x86\YukaFaceHelper.dll
0x1b990000 - 0x1b9e2000 	C:\Users\82038\AppData\Local\Temp\jna7946071548354180050.tmp
0x6d880000 - 0x6d8fa000 	C:\WINDOWS\system32\uxtheme.dll
0x76840000 - 0x768c0000 	C:\WINDOWS\System32\clbcatq.dll
0x7b730000 - 0x7b745000 	C:\Windows\System32\devenum.dll
0x76170000 - 0x765b9000 	C:\WINDOWS\System32\setupapi.dll
0x71020000 - 0x71043000 	C:\WINDOWS\SYSTEM32\DEVOBJ.dll
0x76020000 - 0x76066000 	C:\WINDOWS\System32\WINTRUST.dll
0x75c50000 - 0x75c5e000 	C:\WINDOWS\System32\MSASN1.dll
0x765c0000 - 0x766bb000 	C:\WINDOWS\System32\CRYPT32.dll
0x55a60000 - 0x55a69000 	C:\WINDOWS\SYSTEM32\msdmo.dll
0x64080000 - 0x640bf000 	C:\Windows\System32\mfksproxy.dll
0x64060000 - 0x64077000 	C:\Windows\System32\ATL.DLL
0x63b10000 - 0x63c8d000 	C:\Windows\System32\MFPlat.DLL
0x63ae0000 - 0x63b0a000 	C:\Windows\System32\RTWorkQ.DLL
0x64010000 - 0x6405f000 	C:\Windows\System32\MFSENSORGROUP.dll
0x63fd0000 - 0x6400e000 	C:\Windows\System32\ksproxy.ax
0x563e0000 - 0x5656e000 	C:\Windows\System32\d3d9.dll
0x6f900000 - 0x6f907000 	C:\Windows\System32\ksuser.dll
0x6bd80000 - 0x6bda5000 	C:\Windows\System32\dwmapi.dll
0x63590000 - 0x635a9000 	C:\WINDOWS\SYSTEM32\dxcore.dll
0x77f80000 - 0x77ff3000 	C:\WINDOWS\SYSTEM32\policymanager.dll
0x68ac0000 - 0x68b25000 	C:\Windows\System32\msvcp110_win.dll
0x65010000 - 0x6501b000 	C:\Windows\System32\vidcap.ax
0x63fb0000 - 0x63fcf000 	C:\Windows\System32\kswdmcap.ax
0x63e80000 - 0x63fa4000 	C:\Windows\System32\MFC42.dll
0x1bea0000 - 0x1c0e4000 	C:\Users\82038\AppData\Local\Temp\~qqtempdat008633~.tmp
0x78110000 - 0x7a603000 	C:\Users\82038\AppData\Local\Temp\~tmp8003bin.tmp
0x63e60000 - 0x63e7f000 	C:\WINDOWS\SYSTEM32\VCOMP110.DLL
0x71d80000 - 0x71f0f000 	C:\WINDOWS\SYSTEM32\dbghelp.dll

VM Arguments:
jvm_args: -XX:TieredStopAtLevel=1 -Xverify:none -Dspring.output.ansi.enabled=always -Dcom.sun.management.jmxremote -Dcom.sun.management.jmxremote.port=49857 -Dcom.sun.management.jmxremote.authenticate=false -Dcom.sun.management.jmxremote.ssl=false -Djava.rmi.server.hostname=localhost -Dspring.liveBeansView.mbeanDomain -Dspring.application.admin.enabled=true -javaagent:D:\IDEA\IntelliJ IDEA 2018.3.3\lib\idea_rt.jar=49858:D:\IDEA\IntelliJ IDEA 2018.3.3\bin -Dfile.encoding=UTF-8 
java_command: com.atguigu.springboot.SpringBoot04WebRestfulcrudApplication
java_class_path (initial): C:\Program Files (x86)\Java\jdk1.8.0_66\jre\lib\charsets.jar;C:\Program Files (x86)\Java\jdk1.8.0_66\jre\lib\deploy.jar;C:\Program Files (x86)\Java\jdk1.8.0_66\jre\lib\ext\access-bridge-32.jar;C:\Program Files (x86)\Java\jdk1.8.0_66\jre\lib\ext\cldrdata.jar;C:\Program Files (x86)\Java\jdk1.8.0_66\jre\lib\ext\dnsns.jar;C:\Program Files (x86)\Java\jdk1.8.0_66\jre\lib\ext\jaccess.jar;C:\Program Files (x86)\Java\jdk1.8.0_66\jre\lib\ext\jfxrt.jar;C:\Program Files (x86)\Java\jdk1.8.0_66\jre\lib\ext\localedata.jar;C:\Program Files (x86)\Java\jdk1.8.0_66\jre\lib\ext\nashorn.jar;C:\Program Files (x86)\Java\jdk1.8.0_66\jre\lib\ext\sunec.jar;C:\Program Files (x86)\Java\jdk1.8.0_66\jre\lib\ext\sunjce_provider.jar;C:\Program Files (x86)\Java\jdk1.8.0_66\jre\lib\ext\sunmscapi.jar;C:\Program Files (x86)\Java\jdk1.8.0_66\jre\lib\ext\sunpkcs11.jar;C:\Program Files (x86)\Java\jdk1.8.0_66\jre\lib\ext\zipfs.jar;C:\Program Files (x86)\Java\jdk1.8.0_66\jre\lib\javaws.jar;C:\Program Files (x86)\Java\jdk1.8.0_66\jre\lib\jce.jar;C:\Program Files (x86)\Java\jdk1.8.0_66\jre\lib\jfr.jar;C:\Program Files (x86)\Java\jdk1.8.0_66\jre\lib\jfxswt.jar;C:\Program Files (x86)\Java\jdk1.8.0_66\jre\lib\jsse.jar;C:\Program Files (x86)\Java\jdk1.8.0_66\jre\lib\management-agent.jar;C:\Program Files (x86)\Java\jdk1.8.0_66\jre\lib\plugin.jar;C:\Program Files (x86)\Java\jdk1.8.0_66\jre\lib\resources.jar;C:\Program Files (x86)\Java\jdk1.8.0_66\jre\lib\rt.jar;F:\02、尚硅谷SpringBoot视频\源码、资料、课件\代码\weibridge_PCC\target\classes;D:\my_maven_local_repository\com\github\pagehelper\pagehelper\5.0.0\pagehelper-5.0.0.jar;D:\my_maven_local_repository\com\github\jsqlparser\jsqlparser\0.9.5\jsqlparser-0.9.5.jar;D:\my_maven_local_repository\org\springframework\boot\spring-boot-starter-data-jpa\1.5.10.RELEASE\spring-boot-starter-data-jpa-1.5.10.RELEASE.jar;D:\my_maven_local_repository\org\springframework\boot\spring-boot-starter\1.5.10.RELEASE\spring-boot-starter-1.5.10.RELEASE.jar;D:\
Launcher Type: SUN_STANDARD

Environment Variables:
JAVA_HOME=C:\Program Files (x86)\Java\jdk1.7.0_45
CLASSPATH=.;C:\Program Files (x86)\Java\jdk1.7.0_45\lib;C:\Program Files (x86)\Java\jdk1.7.0_45\lib\tools.jar
PATH=C:\ProgramData\Oracle\Java\javapath;C:\Program Files (x86)\Intel\iCLS Client\;C:\Program Files\Intel\iCLS Client\;C:\windows\system32;C:\windows;C:\windows\System32\Wbem;C:\windows\System32\WindowsPowerShell\v1.0\;C:\Program Files (x86)\Intel\Intel(R) Management Engine Components\DAL;C:\Program Files\Intel\Intel(R) Management Engine Components\DAL;C:\Program Files (x86)\Intel\Intel(R) Management Engine Components\IPT;C:\Program Files\Intel\Intel(R) Management Engine Components\IPT;C:\Program Files (x86)\NVIDIA Corporation\PhysX\Common;C:\WINDOWS\system32;C:\WINDOWS;C:\WINDOWS\System32\Wbem;C:\WINDOWS\System32\WindowsPowerShell\v1.0\;C:\WINDOWS\System32\OpenSSH\;C:\Program Files\Git\cmd;C:\Program Files\Git\bin;D:\Maven\apache-maven-3.6.2\bin;C:\Program Files (x86)\Java\jdk1.7.0_45\bin;C:\Program Files (x86)\Java\jdk1.7.0_45\jre\bin;C:\WINDOWS\system32\config\systemprofile\.dnx\bin;C:\Program Files\Microsoft DNX\Dnvm\;C:\Program Files (x86)\Windows Kits\8.1\Windows Performance Toolkit\;C:\Program Files\Microsoft SQL Server\130\Tools\Binn\;C:\Program Files\mysql-5.7.26-winx64\bin;C:\Program Files\nodejs\;C:\Users\82038\AppData\Local\Programs\Python\Python37\Scripts\;C:\Users\82038\AppData\Local\Programs\Python\Python37\;C:\Users\82038\AppData\Local\Microsoft\WindowsApps;D:\IDEA\IntelliJ IDEA 2018.3.3\bin;C:\Users\82038\AppData\Local\GitHubDesktop\bin;D:\Microsoft VS Code\bin;C:\Users\82038\AppData\Roaming\npm;%USERPROFILE%\AppData\Local\Microsoft\WindowsApps;
USERNAME=82038
OS=Windows_NT
PROCESSOR_IDENTIFIER=Intel64 Family 6 Model 158 Stepping 9, GenuineIntel



---------------  S Y S T E M  ---------------

OS: Windows 10.0 , 64 bit Build 18362 (10.0.18362.329)

CPU:total 8 (4 cores per cpu, 2 threads per core) family 6 model 158 stepping 9, cmov, cx8, fxsr, mmx, sse, sse2, sse3, ssse3, sse4.1, sse4.2, popcnt, avx, avx2, aes, clmul, erms, 3dnowpref, lzcnt, ht, tsc, tscinvbit, bmi1, bmi2, adx

Memory: 4k page, physical 16731636k(8135228k free), swap 19222004k(6242600k free)

vm_info: Java HotSpot(TM) Client VM (25.66-b17) for windows-x86 JRE (1.8.0_66-b17), built on Oct  6 2015 19:59:47 by "java_re" with MS VC++ 10.0 (VS2010)

time: Fri Jan 17 14:33:38 2020
elapsed time: 32 seconds (0d 0h 0m 32s)

