#
# A fatal error has been detected by the Java Runtime Environment:
#
#  EXCEPTION_ACCESS_VIOLATION (0xc0000005) at pc=0x57cc2920, pid=19560, tid=1940
#
# JRE version: Java(TM) SE Runtime Environment (8.0_66-b17) (build 1.8.0_66-b17)
# Java VM: Java HotSpot(TM) Client VM (25.66-b17 mixed mode, sharing windows-x86 )
# Problematic frame:
# C  [THFeature.dll+0x2920]
#
# Failed to write core dump. Minidumps are not enabled by default on client versions of Windows
#
# If you would like to submit a bug report, please visit:
#   http://bugreport.java.com/bugreport/crash.jsp
# The crash happened outside the Java Virtual Machine in native code.
# See problematic frame for where to report the bug.
#

---------------  T H R E A D  ---------------

Current thread (0x17ae3800):  JavaThread "http-nio-8083-exec-1" daemon [_thread_in_native, id=1940, stack(0x19aa0000,0x19af0000)]

siginfo: ExceptionCode=0xc0000005, reading address 0x0082f008

Registers:
EAX=0x0000d710, EBX=0x0078db40, ECX=0x006c004f, EDX=0x0082f008
ESP=0x19aed7e8, EBP=0x0000000b, ESI=0x19aed8ac, EDI=0x0000002d
EIP=0x57cc2920, EFLAGS=0x00010293

Top of Stack: (sp=0x19aed7e8)
0x19aed7e8:   20ef1650 30f60d58 19aed9f4 00000001
0x19aed7f8:   00000019 00000000 00000000 00000000
0x19aed808:   00000000 00000001 2ee2c70c 4d88a092
0x19aed818:   00000002 004d002c 00630069 00000003
0x19aed828:   00000000 00000001 00000004 00000361
0x19aed838:   036b0004 00000005 0000000f 00800000
0x19aed848:   00000006 00000000 00000000 00000009
0x19aed858:   00000016 004d0044 0000000a 00000000 

Instructions: (pc=0x57cc2920)
0x57cc2900:   00 00 f3 a5 89 6c 24 10 85 db 74 3c 8d 74 24 1c
0x57cc2910:   8b 0b 8b 7e fc 33 c0 85 c9 7e 25 8d 53 08 8b ff
0x57cc2920:   3b 3a 74 0a 40 83 c2 0c 3b c1 7c f4 eb 12 8d 14
0x57cc2930:   40 d9 44 93 0c 8d 04 93 d9 1e d9 40 10 d9 5e 04 


Register to memory mapping:

EAX=0x0000d710 is an unknown value
EBX=0x0078db40 is an unknown value
ECX=0x006c004f is an unknown value
EDX=0x0082f008 is an unknown value
ESP=0x19aed7e8 is pointing into the stack for thread: 0x17ae3800
EBP=0x0000000b is an unknown value
ESI=0x19aed8ac is pointing into the stack for thread: 0x17ae3800
EDI=0x0000002d is an unknown value


Stack: [0x19aa0000,0x19af0000],  sp=0x19aed7e8,  free space=309k
Native frames: (J=compiled Java code, j=interpreted, Vv=VM code, C=native code)
C  [THFeature.dll+0x2920]

Java frames: (J=compiled Java code, j=interpreted, Vv=VM code)
j  com.sun.jna.Function.invokeDouble(I[Ljava/lang/Object;)D+0
j  com.sun.jna.Function.invoke([Ljava/lang/Object;Ljava/lang/Class;)Ljava/lang/Object;+465
j  com.sun.jna.Function.invoke(Ljava/lang/Class;[Ljava/lang/Object;Ljava/util/Map;)Ljava/lang/Object;+194
j  com.sun.jna.Library$Handler.invoke(Ljava/lang/Object;Ljava/lang/reflect/Method;[Ljava/lang/Object;)Ljava/lang/Object;+344
j  com.sun.proxy.$Proxy87.YK_Compare_JAVA([BI[BI)D+35
j  com.atguigu.springboot.controller.PersonCodeController.uplaod(Ljavax/servlet/http/HttpServletRequest;Lorg/springframework/web/multipart/MultipartFile;Lorg/springframework/ui/Model;)Ljava/lang/String;+334
v  ~StubRoutines::call_stub
J 2206  sun.reflect.NativeMethodAccessorImpl.invoke0(Ljava/lang/reflect/Method;Ljava/lang/Object;[Ljava/lang/Object;)Ljava/lang/Object; (0 bytes) @ 0x02ae2b5d [0x02ae2ae0+0x7d]
J 2205 C1 sun.reflect.NativeMethodAccessorImpl.invoke(Ljava/lang/Object;[Ljava/lang/Object;)Ljava/lang/Object; (104 bytes) @ 0x02ae3090 [0x02ae2e00+0x290]
J 595 C1 sun.reflect.DelegatingMethodAccessorImpl.invoke(Ljava/lang/Object;[Ljava/lang/Object;)Ljava/lang/Object; (10 bytes) @ 0x0283ff80 [0x0283ff50+0x30]
J 594 C1 java.lang.reflect.Method.invoke(Ljava/lang/Object;[Ljava/lang/Object;)Ljava/lang/Object; (62 bytes) @ 0x0283fcbc [0x0283fc00+0xbc]
j  org.springframework.web.method.support.InvocableHandlerMethod.doInvoke([Ljava/lang/Object;)Ljava/lang/Object;+16
j  org.springframework.web.method.support.InvocableHandlerMethod.invokeForRequest(Lorg/springframework/web/context/request/NativeWebRequest;Lorg/springframework/web/method/support/ModelAndViewContainer;[Ljava/lang/Object;)Ljava/lang/Object;+75
j  org.springframework.web.servlet.mvc.method.annotation.ServletInvocableHandlerMethod.invokeAndHandle(Lorg/springframework/web/context/request/ServletWebRequest;Lorg/springframework/web/method/support/ModelAndViewContainer;[Ljava/lang/Object;)V+4
j  org.springframework.web.servlet.mvc.method.annotation.RequestMappingHandlerAdapter.invokeHandlerMethod(Ljavax/servlet/http/HttpServletRequest;Ljavax/servlet/http/HttpServletResponse;Lorg/springframework/web/method/HandlerMethod;)Lorg/springframework/web/servlet/ModelAndView;+262
j  org.springframework.web.servlet.mvc.method.annotation.RequestMappingHandlerAdapter.handleInternal(Ljavax/servlet/http/HttpServletRequest;Ljavax/servlet/http/HttpServletResponse;Lorg/springframework/web/method/HandlerMethod;)Lorg/springframework/web/servlet/ModelAndView;+81
j  org.springframework.web.servlet.mvc.method.AbstractHandlerMethodAdapter.handle(Ljavax/servlet/http/HttpServletRequest;Ljavax/servlet/http/HttpServletResponse;Ljava/lang/Object;)Lorg/springframework/web/servlet/ModelAndView;+7
j  org.springframework.web.servlet.DispatcherServlet.doDispatch(Ljavax/servlet/http/HttpServletRequest;Ljavax/servlet/http/HttpServletResponse;)V+318
j  org.springframework.web.servlet.DispatcherServlet.doService(Ljavax/servlet/http/HttpServletRequest;Ljavax/servlet/http/HttpServletResponse;)V+301
j  org.springframework.web.servlet.FrameworkServlet.processRequest(Ljavax/servlet/http/HttpServletRequest;Ljavax/servlet/http/HttpServletResponse;)V+71
j  org.springframework.web.servlet.FrameworkServlet.doPost(Ljavax/servlet/http/HttpServletRequest;Ljavax/servlet/http/HttpServletResponse;)V+3
j  javax.servlet.http.HttpServlet.service(Ljavax/servlet/http/HttpServletRequest;Ljavax/servlet/http/HttpServletResponse;)V+149
j  org.springframework.web.servlet.FrameworkServlet.service(Ljavax/servlet/http/HttpServletRequest;Ljavax/servlet/http/HttpServletResponse;)V+33
j  javax.servlet.http.HttpServlet.service(Ljavax/servlet/ServletRequest;Ljavax/servlet/ServletResponse;)V+30
j  org.apache.catalina.core.ApplicationFilterChain.internalDoFilter(Ljavax/servlet/ServletRequest;Ljavax/servlet/ServletResponse;)V+304
j  org.apache.catalina.core.ApplicationFilterChain.doFilter(Ljavax/servlet/ServletRequest;Ljavax/servlet/ServletResponse;)V+101
j  org.apache.tomcat.websocket.server.WsFilter.doFilter(Ljavax/servlet/ServletRequest;Ljavax/servlet/ServletResponse;Ljavax/servlet/FilterChain;)V+21
j  org.apache.catalina.core.ApplicationFilterChain.internalDoFilter(Ljavax/servlet/ServletRequest;Ljavax/servlet/ServletResponse;)V+135
j  org.apache.catalina.core.ApplicationFilterChain.doFilter(Ljavax/servlet/ServletRequest;Ljavax/servlet/ServletResponse;)V+101
j  com.alibaba.druid.support.http.WebStatFilter.doFilter(Ljavax/servlet/ServletRequest;Ljavax/servlet/ServletResponse;Ljavax/servlet/FilterChain;)V+190
j  org.apache.catalina.core.ApplicationFilterChain.internalDoFilter(Ljavax/servlet/ServletRequest;Ljavax/servlet/ServletResponse;)V+135
j  org.apache.catalina.core.ApplicationFilterChain.doFilter(Ljavax/servlet/ServletRequest;Ljavax/servlet/ServletResponse;)V+101
j  org.springframework.web.filter.RequestContextFilter.doFilterInternal(Ljavax/servlet/http/HttpServletRequest;Ljavax/servlet/http/HttpServletResponse;Ljavax/servlet/FilterChain;)V+21
j  org.springframework.web.filter.OncePerRequestFilter.doFilter(Ljavax/servlet/ServletRequest;Ljavax/servlet/ServletResponse;Ljavax/servlet/FilterChain;)V+111
j  org.apache.catalina.core.ApplicationFilterChain.internalDoFilter(Ljavax/servlet/ServletRequest;Ljavax/servlet/ServletResponse;)V+135
j  org.apache.catalina.core.ApplicationFilterChain.doFilter(Ljavax/servlet/ServletRequest;Ljavax/servlet/ServletResponse;)V+101
j  org.springframework.web.filter.HttpPutFormContentFilter.doFilterInternal(Ljavax/servlet/http/HttpServletRequest;Ljavax/servlet/http/HttpServletResponse;Ljavax/servlet/FilterChain;)V+95
j  org.springframework.web.filter.OncePerRequestFilter.doFilter(Ljavax/servlet/ServletRequest;Ljavax/servlet/ServletResponse;Ljavax/servlet/FilterChain;)V+111
j  org.apache.catalina.core.ApplicationFilterChain.internalDoFilter(Ljavax/servlet/ServletRequest;Ljavax/servlet/ServletResponse;)V+135
j  org.apache.catalina.core.ApplicationFilterChain.doFilter(Ljavax/servlet/ServletRequest;Ljavax/servlet/ServletResponse;)V+101
j  org.springframework.web.filter.HiddenHttpMethodFilter.doFilterInternal(Ljavax/servlet/http/HttpServletRequest;Ljavax/servlet/http/HttpServletResponse;Ljavax/servlet/FilterChain;)V+64
j  org.springframework.web.filter.OncePerRequestFilter.doFilter(Ljavax/servlet/ServletRequest;Ljavax/servlet/ServletResponse;Ljavax/servlet/FilterChain;)V+111
j  org.apache.catalina.core.ApplicationFilterChain.internalDoFilter(Ljavax/servlet/ServletRequest;Ljavax/servlet/ServletResponse;)V+135
j  org.apache.catalina.core.ApplicationFilterChain.doFilter(Ljavax/servlet/ServletRequest;Ljavax/servlet/ServletResponse;)V+101
j  org.springframework.web.filter.CharacterEncodingFilter.doFilterInternal(Ljavax/servlet/http/HttpServletRequest;Ljavax/servlet/http/HttpServletResponse;Ljavax/servlet/FilterChain;)V+53
j  org.springframework.web.filter.OncePerRequestFilter.doFilter(Ljavax/servlet/ServletRequest;Ljavax/servlet/ServletResponse;Ljavax/servlet/FilterChain;)V+111
j  org.apache.catalina.core.ApplicationFilterChain.internalDoFilter(Ljavax/servlet/ServletRequest;Ljavax/servlet/ServletResponse;)V+135
j  org.apache.catalina.core.ApplicationFilterChain.doFilter(Ljavax/servlet/ServletRequest;Ljavax/servlet/ServletResponse;)V+101
j  org.apache.catalina.core.StandardWrapperValve.invoke(Lorg/apache/catalina/connector/Request;Lorg/apache/catalina/connector/Response;)V+688
j  org.apache.catalina.core.StandardContextValve.invoke(Lorg/apache/catalina/connector/Request;Lorg/apache/catalina/connector/Response;)V+166
j  org.apache.catalina.authenticator.AuthenticatorBase.invoke(Lorg/apache/catalina/connector/Request;Lorg/apache/catalina/connector/Response;)V+272
j  org.apache.catalina.core.StandardHostValve.invoke(Lorg/apache/catalina/connector/Request;Lorg/apache/catalina/connector/Response;)V+138
j  org.apache.catalina.valves.ErrorReportValve.invoke(Lorg/apache/catalina/connector/Request;Lorg/apache/catalina/connector/Response;)V+6
j  org.apache.catalina.core.StandardEngineValve.invoke(Lorg/apache/catalina/connector/Request;Lorg/apache/catalina/connector/Response;)V+71
j  org.apache.catalina.connector.CoyoteAdapter.service(Lorg/apache/coyote/Request;Lorg/apache/coyote/Response;)V+199
j  org.apache.coyote.http11.Http11Processor.service(Lorg/apache/tomcat/util/net/SocketWrapperBase;)Lorg/apache/tomcat/util/net/AbstractEndpoint$Handler$SocketState;+806
j  org.apache.coyote.AbstractProcessorLight.process(Lorg/apache/tomcat/util/net/SocketWrapperBase;Lorg/apache/tomcat/util/net/SocketEvent;)Lorg/apache/tomcat/util/net/AbstractEndpoint$Handler$SocketState;+113
j  org.apache.coyote.AbstractProtocol$ConnectionHandler.process(Lorg/apache/tomcat/util/net/SocketWrapperBase;Lorg/apache/tomcat/util/net/SocketEvent;)Lorg/apache/tomcat/util/net/AbstractEndpoint$Handler$SocketState;+378
j  org.apache.tomcat.util.net.NioEndpoint$SocketProcessor.doRun()V+191
j  org.apache.tomcat.util.net.SocketProcessorBase.run()V+21
j  java.util.concurrent.ThreadPoolExecutor.runWorker(Ljava/util/concurrent/ThreadPoolExecutor$Worker;)V+95
j  java.util.concurrent.ThreadPoolExecutor$Worker.run()V+5
j  org.apache.tomcat.util.threads.TaskThread$WrappingRunnable.run()V+4
j  java.lang.Thread.run()V+11
v  ~StubRoutines::call_stub

---------------  P R O C E S S  ---------------

Java Threads: ( => current thread )
  0x16dfa800 JavaThread "RMI TCP Connection(idle)" daemon [_thread_blocked, id=6192, stack(0x1a280000,0x1a2d0000)]
  0x16dfa000 JavaThread "RMI TCP Connection(idle)" daemon [_thread_blocked, id=12460, stack(0x1a310000,0x1a360000)]
  0x16df9400 JavaThread "DestroyJavaVM" [_thread_blocked, id=6196, stack(0x009c0000,0x00a10000)]
  0x16dfc800 JavaThread "http-nio-8083-AsyncTimeout" daemon [_thread_blocked, id=16036, stack(0x1a1f0000,0x1a240000)]
  0x16dfb400 JavaThread "http-nio-8083-Acceptor-0" daemon [_thread_in_native, id=15708, stack(0x1a160000,0x1a1b0000)]
  0x16df9c00 JavaThread "http-nio-8083-ClientPoller-1" daemon [_thread_in_native, id=16340, stack(0x1a0d0000,0x1a120000)]
  0x16df9000 JavaThread "http-nio-8083-ClientPoller-0" daemon [_thread_in_native, id=16016, stack(0x1a040000,0x1a090000)]
  0x16dfc000 JavaThread "http-nio-8083-exec-10" daemon [_thread_blocked, id=12104, stack(0x19fb0000,0x1a000000)]
  0x16dfb000 JavaThread "http-nio-8083-exec-9" daemon [_thread_blocked, id=10116, stack(0x19f20000,0x19f70000)]
  0x16e00800 JavaThread "http-nio-8083-exec-8" daemon [_thread_blocked, id=17340, stack(0x19e90000,0x19ee0000)]
  0x16dff400 JavaThread "http-nio-8083-exec-7" daemon [_thread_blocked, id=6580, stack(0x19e00000,0x19e50000)]
  0x16dfe800 JavaThread "http-nio-8083-exec-6" daemon [_thread_blocked, id=15732, stack(0x19d70000,0x19dc0000)]
  0x16dfec00 JavaThread "http-nio-8083-exec-5" daemon [_thread_blocked, id=11696, stack(0x19ce0000,0x19d30000)]
  0x16e00000 JavaThread "http-nio-8083-exec-4" daemon [_thread_blocked, id=8788, stack(0x19c50000,0x19ca0000)]
  0x17ae6000 JavaThread "http-nio-8083-exec-3" daemon [_thread_blocked, id=18652, stack(0x19bc0000,0x19c10000)]
  0x17ae4400 JavaThread "http-nio-8083-exec-2" daemon [_thread_blocked, id=9388, stack(0x19b30000,0x19b80000)]
=>0x17ae3800 JavaThread "http-nio-8083-exec-1" daemon [_thread_in_native, id=1940, stack(0x19aa0000,0x19af0000)]
  0x17ae3400 JavaThread "NioBlockingSelector.BlockPoller-1" daemon [_thread_in_native, id=7404, stack(0x19a10000,0x19a60000)]
  0x17ae5400 JavaThread "Druid-ConnectionPool-Destroy-19392110" daemon [_thread_blocked, id=5716, stack(0x19160000,0x191b0000)]
  0x17ae5800 JavaThread "Druid-ConnectionPool-Create-19392110" daemon [_thread_blocked, id=9144, stack(0x190d0000,0x19120000)]
  0x17ae4c00 JavaThread "Abandoned connection cleanup thread" daemon [_thread_blocked, id=10636, stack(0x18f40000,0x18f90000)]
  0x17ae2800 JavaThread "container-0" [_thread_blocked, id=18808, stack(0x18db0000,0x18e00000)]
  0x17ae4000 JavaThread "ContainerBackgroundProcessor[StandardEngine[Tomcat]]" daemon [_thread_blocked, id=5488, stack(0x18d20000,0x18d70000)]
  0x164da400 JavaThread "RMI TCP Connection(idle)" daemon [_thread_blocked, id=19664, stack(0x16740000,0x16790000)]
  0x1654f400 JavaThread "RMI Scheduler(0)" daemon [_thread_blocked, id=12656, stack(0x166b0000,0x16700000)]
  0x16540800 JavaThread "RMI TCP Connection(idle)" daemon [_thread_blocked, id=6368, stack(0x16620000,0x16670000)]
  0x16462000 JavaThread "RMI TCP Accept-0" daemon [_thread_in_native, id=20436, stack(0x15ae0000,0x15b30000)]
  0x16414800 JavaThread "RMI TCP Accept-53383" daemon [_thread_in_native, id=14108, stack(0x15a50000,0x15aa0000)]
  0x1641e400 JavaThread "RMI TCP Accept-0" daemon [_thread_in_native, id=18896, stack(0x159c0000,0x15a10000)]
  0x162cf800 JavaThread "Service Thread" daemon [_thread_blocked, id=1432, stack(0x15930000,0x15980000)]
  0x16295800 JavaThread "C1 CompilerThread0" daemon [_thread_blocked, id=13324, stack(0x158a0000,0x158f0000)]
  0x1620f400 JavaThread "Monitor Ctrl-Break" daemon [_thread_in_native, id=18972, stack(0x15810000,0x15860000)]
  0x02612800 JavaThread "Attach Listener" daemon [_thread_blocked, id=20136, stack(0x14f60000,0x14fb0000)]
  0x02630800 JavaThread "Signal Dispatcher" daemon [_thread_blocked, id=19632, stack(0x14ed0000,0x14f20000)]
  0x0259e000 JavaThread "Finalizer" daemon [_thread_blocked, id=9716, stack(0x14de0000,0x14e30000)]
  0x0259cc00 JavaThread "Reference Handler" daemon [_thread_blocked, id=13192, stack(0x14d50000,0x14da0000)]

Other Threads:
  0x02599800 VMThread [stack: 0x14cc0000,0x14d10000] [id=12180]
  0x16463000 WatcherThread [stack: 0x15b70000,0x15bc0000] [id=6584]

VM state:not at safepoint (normal execution)

VM Mutex/Monitor currently owned by a thread: None

Heap:
 def new generation   total 19264K, used 10522K [0x04800000, 0x05ce0000, 0x09d50000)
  eden space 17152K,  61% used [0x04800000, 0x05245d38, 0x058c0000)
  from space 2112K,   0% used [0x058c0000, 0x058c0d20, 0x05ad0000)
  to   space 2112K,   0% used [0x05ad0000, 0x05ad0000, 0x05ce0000)
 tenured generation   total 42688K, used 35586K [0x09d50000, 0x0c700000, 0x14800000)
   the space 42688K,  83% used [0x09d50000, 0x0c010a90, 0x0c010c00, 0x0c700000)
 Metaspace       used 28263K, capacity 28565K, committed 28800K, reserved 29056K

Card table byte_map: [0x04750000,0x047e0000] byte_map_base: 0x0472c000

Polling page: 0x00a10000

CodeCache: size=32768Kb used=5742Kb max_used=5749Kb free=27025Kb
 bounds [0x026d0000, 0x02c78000, 0x046d0000]
 total_blobs=2958 nmethods=2504 adapters=384
 compilation: enabled

Compilation events (10 events):
Event: 33.486 Thread 0x16295800 2889             com.atguigu.springboot.bean.TUeInfo::getCaptureTime (5 bytes)
Event: 33.486 Thread 0x16295800 nmethod 2889 0x02c61b08 code [0x02c61c00, 0x02c61c80]
Event: 33.486 Thread 0x16295800 2890             java.util.Calendar::after (24 bytes)
Event: 33.487 Thread 0x16295800 nmethod 2890 0x02c61cc8 code [0x02c61df0, 0x02c62024]
Event: 33.487 Thread 0x16295800 2891             java.util.Calendar::compareTo (9 bytes)
Event: 33.487 Thread 0x16295800 nmethod 2891 0x02c62208 code [0x02c62340, 0x02c62580]
Event: 33.487 Thread 0x16295800 2892             java.util.Calendar::compareTo (27 bytes)
Event: 33.487 Thread 0x16295800 nmethod 2892 0x02c62808 code [0x02c62920, 0x02c62ab8]
Event: 34.860 Thread 0x16295800 2893 % !         com.atguigu.springboot.controller.PersonCodeController::uplaod @ 403 (878 bytes)
Event: 34.867 Thread 0x16295800 nmethod 2893% 0x02c62c08 code [0x02c635d0, 0x02c66c54]

GC Heap History (10 events):
Event: 33.516 GC heap before
{Heap before GC invocations=114 (full 3):
 def new generation   total 19264K, used 18856K [0x04800000, 0x05ce0000, 0x09d50000)
  eden space 17152K, 100% used [0x04800000, 0x058c0000, 0x058c0000)
  from space 2112K,  80% used [0x05ad0000, 0x05c7a3a8, 0x05ce0000)
  to   space 2112K,   0% used [0x058c0000, 0x058c0000, 0x05ad0000)
 tenured generation   total 42688K, used 33928K [0x09d50000, 0x0c700000, 0x14800000)
   the space 42688K,  79% used [0x09d50000, 0x0be72260, 0x0be72400, 0x0c700000)
 Metaspace       used 28263K, capacity 28565K, committed 28800K, reserved 29056K
Event: 33.521 GC heap after
Heap after GC invocations=115 (full 3):
 def new generation   total 19264K, used 2K [0x04800000, 0x05ce0000, 0x09d50000)
  eden space 17152K,   0% used [0x04800000, 0x04800000, 0x058c0000)
  from space 2112K,   0% used [0x058c0000, 0x058c0828, 0x05ad0000)
  to   space 2112K,   0% used [0x05ad0000, 0x05ad0000, 0x05ce0000)
 tenured generation   total 42688K, used 35586K [0x09d50000, 0x0c700000, 0x14800000)
   the space 42688K,  83% used [0x09d50000, 0x0c010a90, 0x0c010c00, 0x0c700000)
 Metaspace       used 28263K, capacity 28565K, committed 28800K, reserved 29056K
}
Event: 33.558 GC heap before
{Heap before GC invocations=115 (full 3):
 def new generation   total 19264K, used 17154K [0x04800000, 0x05ce0000, 0x09d50000)
  eden space 17152K, 100% used [0x04800000, 0x058c0000, 0x058c0000)
  from space 2112K,   0% used [0x058c0000, 0x058c0828, 0x05ad0000)
  to   space 2112K,   0% used [0x05ad0000, 0x05ad0000, 0x05ce0000)
 tenured generation   total 42688K, used 35586K [0x09d50000, 0x0c700000, 0x14800000)
   the space 42688K,  83% used [0x09d50000, 0x0c010a90, 0x0c010c00, 0x0c700000)
 Metaspace       used 28263K, capacity 28565K, committed 28800K, reserved 29056K
Event: 33.560 GC heap after
Heap after GC invocations=116 (full 3):
 def new generation   total 19264K, used 5K [0x04800000, 0x05ce0000, 0x09d50000)
  eden space 17152K,   0% used [0x04800000, 0x04800000, 0x058c0000)
  from space 2112K,   0% used [0x05ad0000, 0x05ad1768, 0x05ce0000)
  to   space 2112K,   0% used [0x058c0000, 0x058c0000, 0x05ad0000)
 tenured generation   total 42688K, used 35586K [0x09d50000, 0x0c700000, 0x14800000)
   the space 42688K,  83% used [0x09d50000, 0x0c010a90, 0x0c010c00, 0x0c700000)
 Metaspace       used 28263K, capacity 28565K, committed 28800K, reserved 29056K
}
Event: 34.786 GC heap before
{Heap before GC invocations=116 (full 3):
 def new generation   total 19264K, used 17157K [0x04800000, 0x05ce0000, 0x09d50000)
  eden space 17152K, 100% used [0x04800000, 0x058c0000, 0x058c0000)
  from space 2112K,   0% used [0x05ad0000, 0x05ad1768, 0x05ce0000)
  to   space 2112K,   0% used [0x058c0000, 0x058c0000, 0x05ad0000)
 tenured generation   total 42688K, used 35586K [0x09d50000, 0x0c700000, 0x14800000)
   the space 42688K,  83% used [0x09d50000, 0x0c010a90, 0x0c010c00, 0x0c700000)
 Metaspace       used 28263K, capacity 28565K, committed 28800K, reserved 29056K
Event: 34.787 GC heap after
Heap after GC invocations=117 (full 3):
 def new generation   total 19264K, used 4K [0x04800000, 0x05ce0000, 0x09d50000)
  eden space 17152K,   0% used [0x04800000, 0x04800000, 0x058c0000)
  from space 2112K,   0% used [0x058c0000, 0x058c13f8, 0x05ad0000)
  to   space 2112K,   0% used [0x05ad0000, 0x05ad0000, 0x05ce0000)
 tenured generation   total 42688K, used 35586K [0x09d50000, 0x0c700000, 0x14800000)
   the space 42688K,  83% used [0x09d50000, 0x0c010a90, 0x0c010c00, 0x0c700000)
 Metaspace       used 28263K, capacity 28565K, committed 28800K, reserved 29056K
}
Event: 34.824 GC heap before
{Heap before GC invocations=117 (full 3):
 def new generation   total 19264K, used 17156K [0x04800000, 0x05ce0000, 0x09d50000)
  eden space 17152K, 100% used [0x04800000, 0x058c0000, 0x058c0000)
  from space 2112K,   0% used [0x058c0000, 0x058c13f8, 0x05ad0000)
  to   space 2112K,   0% used [0x05ad0000, 0x05ad0000, 0x05ce0000)
 tenured generation   total 42688K, used 35586K [0x09d50000, 0x0c700000, 0x14800000)
   the space 42688K,  83% used [0x09d50000, 0x0c010a90, 0x0c010c00, 0x0c700000)
 Metaspace       used 28263K, capacity 28565K, committed 28800K, reserved 29056K
Event: 34.826 GC heap after
Heap after GC invocations=118 (full 3):
 def new generation   total 19264K, used 5K [0x04800000, 0x05ce0000, 0x09d50000)
  eden space 17152K,   0% used [0x04800000, 0x04800000, 0x058c0000)
  from space 2112K,   0% used [0x05ad0000, 0x05ad1600, 0x05ce0000)
  to   space 2112K,   0% used [0x058c0000, 0x058c0000, 0x05ad0000)
 tenured generation   total 42688K, used 35586K [0x09d50000, 0x0c700000, 0x14800000)
   the space 42688K,  83% used [0x09d50000, 0x0c010a90, 0x0c010c00, 0x0c700000)
 Metaspace       used 28263K, capacity 28565K, committed 28800K, reserved 29056K
}
Event: 34.865 GC heap before
{Heap before GC invocations=118 (full 3):
 def new generation   total 19264K, used 17157K [0x04800000, 0x05ce0000, 0x09d50000)
  eden space 17152K, 100% used [0x04800000, 0x058c0000, 0x058c0000)
  from space 2112K,   0% used [0x05ad0000, 0x05ad1600, 0x05ce0000)
  to   space 2112K,   0% used [0x058c0000, 0x058c0000, 0x05ad0000)
 tenured generation   total 42688K, used 35586K [0x09d50000, 0x0c700000, 0x14800000)
   the space 42688K,  83% used [0x09d50000, 0x0c010a90, 0x0c010c00, 0x0c700000)
 Metaspace       used 28263K, capacity 28565K, committed 28800K, reserved 29056K
Event: 34.866 GC heap after
Heap after GC invocations=119 (full 3):
 def new generation   total 19264K, used 3K [0x04800000, 0x05ce0000, 0x09d50000)
  eden space 17152K,   0% used [0x04800000, 0x04800000, 0x058c0000)
  from space 2112K,   0% used [0x058c0000, 0x058c0d20, 0x05ad0000)
  to   space 2112K,   0% used [0x05ad0000, 0x05ad0000, 0x05ce0000)
 tenured generation   total 42688K, used 35586K [0x09d50000, 0x0c700000, 0x14800000)
   the space 42688K,  83% used [0x09d50000, 0x0c010a90, 0x0c010c00, 0x0c700000)
 Metaspace       used 28263K, capacity 28565K, committed 28800K, reserved 29056K
}

Deoptimization events (0 events):
No events

Internal exceptions (10 events):
Event: 25.546 Thread 0x17ae3800 Exception <a 'java/lang/ClassNotFoundException': org/springframework/web/servlet/view/DefaultRequestToViewNameTranslatorCustomizer> (0x0527a198) thrown at [C:\re\workspace\8-2-build-windows-i586-cygwin\jdk8u66\4988\hotspot\src\share\vm\classfile\systemDictDäMå9@
Event: 25.548 Thread 0x17ae3800 Exception <a 'java/lang/ClassNotFoundException': org/springframework/web/servlet/RequestToViewNameTranslatorCustomizer> (0x052a6f00) thrown at [C:\re\workspace\8-2-build-windows-i586-cygwin\jdk8u66\4988\hotspot\src\share\vm\classfile\systemDictionary.cpp, ˝\~ÒVç9@
Event: 25.552 Thread 0x17ae3800 Exception <a 'java/lang/ClassNotFoundException': org/springframework/web/servlet/support/SessionFlashMapManagerBeanInfo> (0x052fbd90) thrown at [C:\re\workspace\8-2-build-windows-i586-cygwin\jdk8u66\4988\hotspot\src\share\vm\classfile\systemDictionary.cpp,Œ<`≥ç9@
Event: 25.554 Thread 0x17ae3800 Exception <a 'java/lang/ClassNotFoundException': org/springframework/web/servlet/support/AbstractFlashMapManagerBeanInfo> (0x05318d60) thrown at [C:\re\workspace\8-2-build-windows-i586-cygwin\jdk8u66\4988\hotspot\src\share\vm\classfile\systemDictionary.cpp£+«é9@
Event: 25.555 Thread 0x17ae3800 Exception <a 'java/lang/ClassNotFoundException': org/springframework/web/servlet/support/AbstractFlashMapManagerCustomizer> (0x05336780) thrown at [C:\re\workspace\8-2-build-windows-i586-cygwin\jdk8u66\4988\hotspot\src\share\vm\classfile\systemDictionary.c∫∞Ëìé9@
Event: 25.557 Thread 0x17ae3800 Exception <a 'java/lang/ClassNotFoundException': org/springframework/web/servlet/support/SessionFlashMapManagerCustomizer> (0x0535aa80) thrown at [C:\re\workspace\8-2-build-windows-i586-cygwin\jdk8u66\4988\hotspot\src\share\vm\classfile\systemDictionary.cpiZΩè9@
Event: 25.559 Thread 0x17ae3800 Exception <a 'java/lang/ClassNotFoundException': org/springframework/web/servlet/FlashMapManagerCustomizer> (0x05376c40) thrown at [C:\re\workspace\8-2-build-windows-i586-cygwin\jdk8u66\4988\hotspot\src\share\vm\classfile\systemDictionary.cpp, line 210]
Event: 25.996 Thread 0x17ae3800 Exception <a 'java/lang/ArrayIndexOutOfBoundsException'> (0x0503da08) thrown at [C:\re\workspace\8-2-build-windows-i586-cygwin\jdk8u66\4988\hotspot\src\share\vm\runtime\sharedRuntime.cpp, line 605]
Event: 26.378 Thread 0x17ae3800 Exception <a 'java/lang/ArrayIndexOutOfBoundsException'> (0x051c8ab0) thrown at [C:\re\workspace\8-2-build-windows-i586-cygwin\jdk8u66\4988\hotspot\src\share\vm\runtime\sharedRuntime.cpp, line 605]
Event: 26.392 Thread 0x17ae3800 Exception <a 'java/lang/ArrayIndexOutOfBoundsException'> (0x05222e50) thrown at [C:\re\workspace\8-2-build-windows-i586-cygwin\jdk8u66\4988\hotspot\src\share\vm\runtime\sharedRuntime.cpp, line 605]

Events (10 events):
Event: 34.824 Executing VM operation: GenCollectForAllocation
Event: 34.826 Executing VM operation: GenCollectForAllocation done
Event: 34.864 Executing VM operation: GenCollectForAllocation
Event: 34.866 Executing VM operation: GenCollectForAllocation done
Event: 34.867 Thread 0x16295800 flushing nmethod 0x02811608
Event: 34.867 Thread 0x16295800 flushing nmethod 0x02811c88
Event: 34.867 Thread 0x16295800 flushing nmethod 0x02812408
Event: 34.867 Thread 0x16295800 flushing nmethod 0x02812c48
Event: 34.867 Thread 0x16295800 flushing nmethod 0x02812e08
Event: 34.867 Thread 0x16295800 flushing nmethod 0x028130c8


Dynamic libraries:
0x00520000 - 0x00553000 	C:\Program Files (x86)\Java\jdk1.8.0_66\bin\java.exe
0x77240000 - 0x773da000 	C:\WINDOWS\SYSTEM32\ntdll.dll
0x76e90000 - 0x76f70000 	C:\WINDOWS\System32\KERNEL32.DLL
0x76090000 - 0x7628d000 	C:\WINDOWS\System32\KERNELBASE.dll
0x67b80000 - 0x67c1f000 	C:\WINDOWS\SYSTEM32\apphelp.dll
0x771a0000 - 0x77219000 	C:\WINDOWS\System32\ADVAPI32.dll
0x75e80000 - 0x75f3f000 	C:\WINDOWS\System32\msvcrt.dll
0x75820000 - 0x75896000 	C:\WINDOWS\System32\sechost.dll
0x76290000 - 0x7634b000 	C:\WINDOWS\System32\RPCRT4.dll
0x74a10000 - 0x74a30000 	C:\WINDOWS\System32\SspiCli.dll
0x74a00000 - 0x74a0a000 	C:\WINDOWS\System32\CRYPTBASE.dll
0x76d60000 - 0x76dbf000 	C:\WINDOWS\System32\bcryptPrimitives.dll
0x76b30000 - 0x76cc7000 	C:\WINDOWS\System32\USER32.dll
0x75f40000 - 0x75f57000 	C:\WINDOWS\System32\win32u.dll
0x76de0000 - 0x76e01000 	C:\WINDOWS\System32\GDI32.dll
0x75380000 - 0x754da000 	C:\WINDOWS\System32\gdi32full.dll
0x76e10000 - 0x76e8c000 	C:\WINDOWS\System32\msvcp_win.dll
0x75f60000 - 0x7607f000 	C:\WINDOWS\System32\ucrtbase.dll
0x672e0000 - 0x674ef000 	C:\WINDOWS\WinSxS\x86_microsoft.windows.common-controls_6595b64144ccf1df_6.0.18362.657_none_2e72ec50278a619e\COMCTL32.dll
0x74a30000 - 0x74ca5000 	C:\WINDOWS\System32\combase.dll
0x74d40000 - 0x74d65000 	C:\WINDOWS\System32\IMM32.DLL
0x59a40000 - 0x59aff000 	C:\Program Files (x86)\Java\jdk1.8.0_66\jre\bin\msvcr100.dll
0x58f60000 - 0x59325000 	C:\Program Files (x86)\Java\jdk1.8.0_66\jre\bin\client\jvm.dll
0x74dd0000 - 0x74dd6000 	C:\WINDOWS\System32\PSAPI.DLL
0x70970000 - 0x70978000 	C:\WINDOWS\SYSTEM32\WSOCK32.dll
0x75320000 - 0x7537e000 	C:\WINDOWS\System32\WS2_32.dll
0x74590000 - 0x745b4000 	C:\WINDOWS\SYSTEM32\WINMM.dll
0x749f0000 - 0x749f8000 	C:\WINDOWS\SYSTEM32\VERSION.dll
0x74560000 - 0x74583000 	C:\WINDOWS\SYSTEM32\WINMMBASE.dll
0x76980000 - 0x769bb000 	C:\WINDOWS\System32\cfgmgr32.dll
0x67a30000 - 0x67a3c000 	C:\Program Files (x86)\Java\jdk1.8.0_66\jre\bin\verify.dll
0x67a00000 - 0x67a21000 	C:\Program Files (x86)\Java\jdk1.8.0_66\jre\bin\java.dll
0x67920000 - 0x67940000 	C:\Program Files (x86)\Java\jdk1.8.0_66\jre\bin\instrument.dll
0x679e0000 - 0x679f3000 	C:\Program Files (x86)\Java\jdk1.8.0_66\jre\bin\zip.dll
0x75900000 - 0x75e7a000 	C:\WINDOWS\System32\SHELL32.dll
0x75500000 - 0x75584000 	C:\WINDOWS\System32\shcore.dll
0x76350000 - 0x76915000 	C:\WINDOWS\System32\windows.storage.dll
0x75590000 - 0x755a7000 	C:\WINDOWS\System32\profapi.dll
0x757d0000 - 0x75813000 	C:\WINDOWS\System32\powrprof.dll
0x76080000 - 0x7608d000 	C:\WINDOWS\System32\UMPDC.dll
0x74d70000 - 0x74db4000 	C:\WINDOWS\System32\shlwapi.dll
0x74dc0000 - 0x74dcf000 	C:\WINDOWS\System32\kernel.appcore.dll
0x755b0000 - 0x755c3000 	C:\WINDOWS\System32\cryptsp.dll
0x67900000 - 0x67916000 	D:\IDEA\IntelliJ IDEA 2018.3.3\bin\breakgen.dll
0x679c0000 - 0x679d6000 	C:\Program Files (x86)\Java\jdk1.8.0_66\jre\bin\net.dll
0x735b0000 - 0x73602000 	C:\WINDOWS\system32\mswsock.dll
0x679a0000 - 0x679aa000 	C:\Program Files (x86)\Java\jdk1.8.0_66\jre\bin\management.dll
0x679b0000 - 0x679bf000 	C:\Program Files (x86)\Java\jdk1.8.0_66\jre\bin\nio.dll
0x70380000 - 0x70391000 	C:\WINDOWS\system32\napinsp.dll
0x70280000 - 0x70296000 	C:\WINDOWS\system32\pnrpnsp.dll
0x74130000 - 0x741c1000 	C:\WINDOWS\SYSTEM32\DNSAPI.dll
0x77080000 - 0x77087000 	C:\WINDOWS\System32\NSI.dll
0x74880000 - 0x748b2000 	C:\WINDOWS\SYSTEM32\IPHLPAPI.DLL
0x70270000 - 0x7027b000 	C:\WINDOWS\System32\winrnr.dll
0x70250000 - 0x70266000 	C:\WINDOWS\system32\NLAapi.dll
0x70240000 - 0x70250000 	C:\WINDOWS\system32\wshbth.dll
0x724c0000 - 0x72586000 	C:\WINDOWS\System32\ierd_tgp_lsp.dll
0x756d0000 - 0x757c7000 	C:\WINDOWS\System32\ole32.dll
0x72060000 - 0x72067000 	C:\WINDOWS\system32\wshqos.dll
0x71ce0000 - 0x71ce7000 	C:\WINDOWS\SYSTEM32\wshtcpip.DLL
0x71cd0000 - 0x71cd7000 	C:\WINDOWS\SYSTEM32\wship6.dll
0x74370000 - 0x74378000 	C:\Windows\System32\rasadhlp.dll
0x73530000 - 0x73581000 	C:\WINDOWS\System32\fwpuclnt.dll
0x754e0000 - 0x754f9000 	C:\WINDOWS\System32\bcrypt.dll
0x73fd0000 - 0x73fff000 	C:\WINDOWS\system32\rsaenh.dll
0x749d0000 - 0x749ee000 	C:\WINDOWS\SYSTEM32\USERENV.dll
0x73700000 - 0x73713000 	C:\WINDOWS\SYSTEM32\dhcpcsvc6.DLL
0x744c0000 - 0x744d5000 	C:\WINDOWS\SYSTEM32\dhcpcsvc.DLL
0x58aa0000 - 0x58c92000 	C:\Users\82038\Desktop\FaceSDK_x86\opencv_core2413.dll
0x6d620000 - 0x6d68e000 	C:\WINDOWS\SYSTEM32\MSVCP140.dll
0x73450000 - 0x73463000 	C:\WINDOWS\SYSTEM32\VCRUNTIME140.dll
0x79860000 - 0x7989d000 	C:\WINDOWS\SYSTEM32\CONCRT140.dll
0x58850000 - 0x58a94000 	C:\Users\82038\Desktop\FaceSDK_x86\opencv_imgproc2413.dll
0x58650000 - 0x58842000 	C:\Users\82038\Desktop\FaceSDK_x86\opencv_highgui2413.dll
0x74de0000 - 0x74e72000 	C:\WINDOWS\System32\OLEAUT32.dll
0x59350000 - 0x5936b000 	C:\WINDOWS\SYSTEM32\AVIFIL32.dll
0x71710000 - 0x71724000 	C:\WINDOWS\SYSTEM32\AVICAP32.dll
0x71600000 - 0x71622000 	C:\WINDOWS\SYSTEM32\MSVFW32.dll
0x643e0000 - 0x643f9000 	C:\WINDOWS\SYSTEM32\MSACM32.dll
0x57cc0000 - 0x5864c000 	C:\Users\82038\Desktop\FaceSDK_x86\THFeature.dll
0x71400000 - 0x7146b000 	C:\WINDOWS\SYSTEM32\WINSPOOL.DRV
0x73720000 - 0x737e5000 	C:\WINDOWS\SYSTEM32\PROPSYS.dll
0x57c90000 - 0x57cc0000 	C:\Users\82038\Desktop\FaceSDK_x86\WKWIN32.dll
0x72900000 - 0x72929000 	C:\WINDOWS\SYSTEM32\ntmarta.dll
0x57410000 - 0x5798f000 	C:\Users\82038\Desktop\FaceSDK_x86\THFaceImage.dll
0x678f0000 - 0x678fa000 	C:\Users\82038\Desktop\FaceSDK_x86\YukaFaceHelper.dll
0x1b690000 - 0x1b6e2000 	C:\Users\82038\AppData\Local\Temp\jna273910183970776904.tmp
0x70880000 - 0x708fa000 	C:\WINDOWS\system32\uxtheme.dll
0x74cb0000 - 0x74d30000 	C:\WINDOWS\System32\clbcatq.dll
0x79a30000 - 0x79a45000 	C:\Windows\System32\devenum.dll
0x74e80000 - 0x752c9000 	C:\WINDOWS\System32\setupapi.dll
0x70b80000 - 0x70ba3000 	C:\WINDOWS\SYSTEM32\DEVOBJ.dll
0x752d0000 - 0x75316000 	C:\WINDOWS\System32\WINTRUST.dll
0x74d30000 - 0x74d3e000 	C:\WINDOWS\System32\MSASN1.dll
0x755d0000 - 0x756cb000 	C:\WINDOWS\System32\CRYPT32.dll
0x714e0000 - 0x714e9000 	C:\WINDOWS\SYSTEM32\msdmo.dll
0x57c50000 - 0x57c8f000 	C:\Windows\System32\mfksproxy.dll
0x59330000 - 0x59347000 	C:\Windows\System32\ATL.DLL
0x506b0000 - 0x5082d000 	C:\Windows\System32\MFPlat.DLL
0x50680000 - 0x506aa000 	C:\Windows\System32\RTWorkQ.DLL
0x57c00000 - 0x57c4f000 	C:\Windows\System32\MFSENSORGROUP.dll
0x57bc0000 - 0x57bfe000 	C:\Windows\System32\ksproxy.ax
0x64620000 - 0x64627000 	C:\Windows\System32\ksuser.dll
0x65fb0000 - 0x6613e000 	C:\Windows\System32\d3d9.dll
0x72330000 - 0x72355000 	C:\Windows\System32\dwmapi.dll
0x70460000 - 0x70479000 	C:\WINDOWS\SYSTEM32\dxcore.dll
0x7b1a0000 - 0x7b213000 	C:\WINDOWS\SYSTEM32\policymanager.dll
0x5c630000 - 0x5c695000 	C:\Windows\System32\msvcp110_win.dll
0x59a30000 - 0x59a3b000 	C:\Windows\System32\vidcap.ax
0x57ba0000 - 0x57bbf000 	C:\Windows\System32\kswdmcap.ax
0x572e0000 - 0x57404000 	C:\Windows\System32\MFC42.dll
0x1bc20000 - 0x1be64000 	C:\Users\82038\AppData\Local\Temp\~qqtempdat008633~.tmp
0x1dde0000 - 0x202d3000 	C:\Users\82038\AppData\Local\Temp\~tmp8003bin.tmp
0x57b80000 - 0x57b9f000 	C:\WINDOWS\SYSTEM32\VCOMP110.DLL
0x71d90000 - 0x71f1f000 	C:\WINDOWS\SYSTEM32\dbghelp.dll

VM Arguments:
jvm_args: -XX:TieredStopAtLevel=1 -Xverify:none -Dspring.output.ansi.enabled=always -Dcom.sun.management.jmxremote -Dcom.sun.management.jmxremote.port=53383 -Dcom.sun.management.jmxremote.authenticate=false -Dcom.sun.management.jmxremote.ssl=false -Djava.rmi.server.hostname=localhost -Dspring.liveBeansView.mbeanDomain -Dspring.application.admin.enabled=true -javaagent:D:\IDEA\IntelliJ IDEA 2018.3.3\lib\idea_rt.jar=53384:D:\IDEA\IntelliJ IDEA 2018.3.3\bin -Dfile.encoding=UTF-8 
java_command: com.atguigu.springboot.SpringBoot04WebRestfulcrudApplication
java_class_path (initial): C:\Program Files (x86)\Java\jdk1.8.0_66\jre\lib\charsets.jar;C:\Program Files (x86)\Java\jdk1.8.0_66\jre\lib\deploy.jar;C:\Program Files (x86)\Java\jdk1.8.0_66\jre\lib\ext\access-bridge-32.jar;C:\Program Files (x86)\Java\jdk1.8.0_66\jre\lib\ext\cldrdata.jar;C:\Program Files (x86)\Java\jdk1.8.0_66\jre\lib\ext\dnsns.jar;C:\Program Files (x86)\Java\jdk1.8.0_66\jre\lib\ext\jaccess.jar;C:\Program Files (x86)\Java\jdk1.8.0_66\jre\lib\ext\jfxrt.jar;C:\Program Files (x86)\Java\jdk1.8.0_66\jre\lib\ext\localedata.jar;C:\Program Files (x86)\Java\jdk1.8.0_66\jre\lib\ext\nashorn.jar;C:\Program Files (x86)\Java\jdk1.8.0_66\jre\lib\ext\sunec.jar;C:\Program Files (x86)\Java\jdk1.8.0_66\jre\lib\ext\sunjce_provider.jar;C:\Program Files (x86)\Java\jdk1.8.0_66\jre\lib\ext\sunmscapi.jar;C:\Program Files (x86)\Java\jdk1.8.0_66\jre\lib\ext\sunpkcs11.jar;C:\Program Files (x86)\Java\jdk1.8.0_66\jre\lib\ext\zipfs.jar;C:\Program Files (x86)\Java\jdk1.8.0_66\jre\lib\javaws.jar;C:\Program Files (x86)\Java\jdk1.8.0_66\jre\lib\jce.jar;C:\Program Files (x86)\Java\jdk1.8.0_66\jre\lib\jfr.jar;C:\Program Files (x86)\Java\jdk1.8.0_66\jre\lib\jfxswt.jar;C:\Program Files (x86)\Java\jdk1.8.0_66\jre\lib\jsse.jar;C:\Program Files (x86)\Java\jdk1.8.0_66\jre\lib\management-agent.jar;C:\Program Files (x86)\Java\jdk1.8.0_66\jre\lib\plugin.jar;C:\Program Files (x86)\Java\jdk1.8.0_66\jre\lib\resources.jar;C:\Program Files (x86)\Java\jdk1.8.0_66\jre\lib\rt.jar;F:\02°¢…–πËπ»SpringBoot ”∆µ\‘¥¬Î°¢◊ ¡œ°¢øŒº˛\¥˙¬Î\weibridge_PCC\target\classes;D:\my_maven_local_repository\com\github\pagehelper\pagehelper\5.0.0\pagehelper-5.0.0.jar;D:\my_maven_local_repository\com\github\jsqlparser\jsqlparser\0.9.5\jsqlparser-0.9.5.jar;D:\my_maven_local_repository\org\springframework\boot\spring-boot-starter-data-jpa\1.5.10.RELEASE\spring-boot-starter-data-jpa-1.5.10.RELEASE.jar;D:\my_maven_local_repository\org\springframework\boot\spring-boot-starter\1.5.10.RELEASE\spring-boot-starter-1.5.10.RELEASE.jar;D:\
Launcher Type: SUN_STANDARD

Environment Variables:
JAVA_HOME=C:\Program Files (x86)\Java\jdk1.7.0_45
CLASSPATH=.;C:\Program Files (x86)\Java\jdk1.7.0_45\lib;C:\Program Files (x86)\Java\jdk1.7.0_45\lib\tools.jar
PATH=C:\ProgramData\Oracle\Java\javapath;C:\Program Files (x86)\Intel\iCLS Client\;C:\Program Files\Intel\iCLS Client\;C:\windows\system32;C:\windows;C:\windows\System32\Wbem;C:\windows\System32\WindowsPowerShell\v1.0\;C:\Program Files (x86)\Intel\Intel(R) Management Engine Components\DAL;C:\Program Files\Intel\Intel(R) Management Engine Components\DAL;C:\Program Files (x86)\Intel\Intel(R) Management Engine Components\IPT;C:\Program Files\Intel\Intel(R) Management Engine Components\IPT;C:\Program Files (x86)\NVIDIA Corporation\PhysX\Common;C:\WINDOWS\system32;C:\WINDOWS;C:\WINDOWS\System32\Wbem;C:\WINDOWS\System32\WindowsPowerShell\v1.0\;C:\WINDOWS\System32\OpenSSH\;C:\Program Files\Git\cmd;C:\Program Files\Git\bin;D:\Maven\apache-maven-3.6.2\bin;C:\Program Files (x86)\Java\jdk1.7.0_45\bin;C:\Program Files (x86)\Java\jdk1.7.0_45\jre\bin;C:\Users\82038\.dnx\bin;C:\Program Files\Microsoft DNX\Dnvm\;C:\Program Files (x86)\Windows Kits\8.1\Windows Performance Toolkit\;C:\Program Files\Microsoft SQL Server\130\Tools\Binn\;C:\Program Files\mysql-5.7.26-winx64\bin;C:\Program Files\nodejs\;;C:\Program Files (x86)\Common Files\Thunder Network\KanKan\Codecs;C:\Users\82038\AppData\Local\Programs\Python\Python37\Scripts\;C:\Users\82038\AppData\Local\Programs\Python\Python37\;C:\Users\82038\AppData\Local\Microsoft\WindowsApps;D:\IDEA\IntelliJ IDEA 2018.3.3\bin;C:\Users\82038\AppData\Local\GitHubDesktop\bin;D:\Microsoft VS Code\bin;C:\Users\82038\AppData\Roaming\npm;%USERPROFILE%\AppData\Local\Microsoft\WindowsApps;
USERNAME=82038
OS=Windows_NT
PROCESSOR_IDENTIFIER=Intel64 Family 6 Model 158 Stepping 9, GenuineIntel



---------------  S Y S T E M  ---------------

OS: Windows 10.0 , 64 bit Build 18362 (10.0.18362.329)

CPU:total 8 (4 cores per cpu, 2 threads per core) family 6 model 158 stepping 9, cmov, cx8, fxsr, mmx, sse, sse2, sse3, ssse3, sse4.1, sse4.2, popcnt, avx, avx2, aes, clmul, erms, 3dnowpref, lzcnt, ht, tsc, tscinvbit, bmi1, bmi2, adx

Memory: 4k page, physical 16731636k(8633512k free), swap 23023092k(11384816k free)

vm_info: Java HotSpot(TM) Client VM (25.66-b17) for windows-x86 JRE (1.8.0_66-b17), built on Oct  6 2015 19:59:47 by "java_re" with MS VC++ 10.0 (VS2010)

time: Sun Feb 16 14:30:27 2020
elapsed time: 35 seconds (0d 0h 0m 35s)

