#
# A fatal error has been detected by the Java Runtime Environment:
#
#  EXCEPTION_ACCESS_VIOLATION (0xc0000005) at pc=0x5a652920, pid=6236, tid=14188
#
# JRE version: Java(TM) SE Runtime Environment (8.0_66-b17) (build 1.8.0_66-b17)
# Java VM: Java HotSpot(TM) Client VM (25.66-b17 mixed mode, sharing windows-x86 )
# Problematic frame:
# C  [THFeature.dll+0x2920]
#
# Failed to write core dump. Minidumps are not enabled by default on client versions of Windows
#
# If you would like to submit a bug report, please visit:
#   http://bugreport.java.com/bugreport/crash.jsp
# The crash happened outside the Java Virtual Machine in native code.
# See problematic frame for where to report the bug.
#

---------------  T H R E A D  ---------------

Current thread (0x17c87000):  JavaThread "http-nio-8083-exec-1" daemon [_thread_in_native, id=14188, stack(0x19200000,0x19250000)]

siginfo: ExceptionCode=0xc0000005, reading address 0x0087f000

Registers:
EAX=0x0000da4e, EBX=0x007db450, ECX=0x003a0043, EDX=0x0087f000
ESP=0x1924df18, EBP=0x0000000b, ESI=0x1924dfdc, EDI=0x0000002d
EIP=0x5a652920, EFLAGS=0x00010283

Top of Stack: (sp=0x1924df18)
0x1924df18:   67c67a00 662f6c48 1924e124 00000018
0x1924df28:   00000019 00000000 00000000 00000000
0x1924df38:   00000000 00000001 77021280 00000000
0x1924df48:   00000002 007dbee0 007dbee8 00000003
0x1924df58:   00000000 00000000 00000004 47f22151
0x1924df68:   8c001300 00000005 00040032 00000001
0x1924df78:   00000006 00000000 00000000 00000009
0x1924df88:   22da0ff0 47c77a6b 0000000a 00000000 

Instructions: (pc=0x5a652920)
0x5a652900:   00 00 f3 a5 89 6c 24 10 85 db 74 3c 8d 74 24 1c
0x5a652910:   8b 0b 8b 7e fc 33 c0 85 c9 7e 25 8d 53 08 8b ff
0x5a652920:   3b 3a 74 0a 40 83 c2 0c 3b c1 7c f4 eb 12 8d 14
0x5a652930:   40 d9 44 93 0c 8d 04 93 d9 1e d9 40 10 d9 5e 04 


Register to memory mapping:

EAX=0x0000da4e is an unknown value
EBX=0x007db450 is an unknown value
ECX=0x003a0043 is an unknown value
EDX=0x0087f000 is an unknown value
ESP=0x1924df18 is pointing into the stack for thread: 0x17c87000
EBP=0x0000000b is an unknown value
ESI=0x1924dfdc is pointing into the stack for thread: 0x17c87000
EDI=0x0000002d is an unknown value


Stack: [0x19200000,0x19250000],  sp=0x1924df18,  free space=311k
Native frames: (J=compiled Java code, j=interpreted, Vv=VM code, C=native code)
C  [THFeature.dll+0x2920]

Java frames: (J=compiled Java code, j=interpreted, Vv=VM code)
j  com.sun.jna.Function.invokeDouble(I[Ljava/lang/Object;)D+0
j  com.sun.jna.Function.invoke([Ljava/lang/Object;Ljava/lang/Class;)Ljava/lang/Object;+465
j  com.sun.jna.Function.invoke(Ljava/lang/Class;[Ljava/lang/Object;Ljava/util/Map;)Ljava/lang/Object;+194
j  com.sun.jna.Library$Handler.invoke(Ljava/lang/Object;Ljava/lang/reflect/Method;[Ljava/lang/Object;)Ljava/lang/Object;+344
j  com.sun.proxy.$Proxy78.YK_Compare_JAVA([BI[BI)D+35
j  com.atguigu.springboot.controller.PersonCodeController.uplaod(Ljavax/servlet/http/HttpServletRequest;Lorg/springframework/web/multipart/MultipartFile;Lorg/springframework/ui/Model;)Ljava/lang/String;+265
v  ~StubRoutines::call_stub
J 2209  sun.reflect.NativeMethodAccessorImpl.invoke0(Ljava/lang/reflect/Method;Ljava/lang/Object;[Ljava/lang/Object;)Ljava/lang/Object; (0 bytes) @ 0x02cc4edd [0x02cc4e60+0x7d]
J 2208 C1 sun.reflect.NativeMethodAccessorImpl.invoke(Ljava/lang/Object;[Ljava/lang/Object;)Ljava/lang/Object; (104 bytes) @ 0x02cc7990 [0x02cc7700+0x290]
J 594 C1 sun.reflect.DelegatingMethodAccessorImpl.invoke(Ljava/lang/Object;[Ljava/lang/Object;)Ljava/lang/Object; (10 bytes) @ 0x02960a40 [0x02960a10+0x30]
J 593 C1 java.lang.reflect.Method.invoke(Ljava/lang/Object;[Ljava/lang/Object;)Ljava/lang/Object; (62 bytes) @ 0x0296077c [0x029606c0+0xbc]
j  org.springframework.web.method.support.InvocableHandlerMethod.doInvoke([Ljava/lang/Object;)Ljava/lang/Object;+16
j  org.springframework.web.method.support.InvocableHandlerMethod.invokeForRequest(Lorg/springframework/web/context/request/NativeWebRequest;Lorg/springframework/web/method/support/ModelAndViewContainer;[Ljava/lang/Object;)Ljava/lang/Object;+75
j  org.springframework.web.servlet.mvc.method.annotation.ServletInvocableHandlerMethod.invokeAndHandle(Lorg/springframework/web/context/request/ServletWebRequest;Lorg/springframework/web/method/support/ModelAndViewContainer;[Ljava/lang/Object;)V+4
j  org.springframework.web.servlet.mvc.method.annotation.RequestMappingHandlerAdapter.invokeHandlerMethod(Ljavax/servlet/http/HttpServletRequest;Ljavax/servlet/http/HttpServletResponse;Lorg/springframework/web/method/HandlerMethod;)Lorg/springframework/web/servlet/ModelAndView;+262
j  org.springframework.web.servlet.mvc.method.annotation.RequestMappingHandlerAdapter.handleInternal(Ljavax/servlet/http/HttpServletRequest;Ljavax/servlet/http/HttpServletResponse;Lorg/springframework/web/method/HandlerMethod;)Lorg/springframework/web/servlet/ModelAndView;+81
j  org.springframework.web.servlet.mvc.method.AbstractHandlerMethodAdapter.handle(Ljavax/servlet/http/HttpServletRequest;Ljavax/servlet/http/HttpServletResponse;Ljava/lang/Object;)Lorg/springframework/web/servlet/ModelAndView;+7
j  org.springframework.web.servlet.DispatcherServlet.doDispatch(Ljavax/servlet/http/HttpServletRequest;Ljavax/servlet/http/HttpServletResponse;)V+318
j  org.springframework.web.servlet.DispatcherServlet.doService(Ljavax/servlet/http/HttpServletRequest;Ljavax/servlet/http/HttpServletResponse;)V+301
j  org.springframework.web.servlet.FrameworkServlet.processRequest(Ljavax/servlet/http/HttpServletRequest;Ljavax/servlet/http/HttpServletResponse;)V+71
j  org.springframework.web.servlet.FrameworkServlet.doPost(Ljavax/servlet/http/HttpServletRequest;Ljavax/servlet/http/HttpServletResponse;)V+3
j  javax.servlet.http.HttpServlet.service(Ljavax/servlet/http/HttpServletRequest;Ljavax/servlet/http/HttpServletResponse;)V+149
j  org.springframework.web.servlet.FrameworkServlet.service(Ljavax/servlet/http/HttpServletRequest;Ljavax/servlet/http/HttpServletResponse;)V+33
j  javax.servlet.http.HttpServlet.service(Ljavax/servlet/ServletRequest;Ljavax/servlet/ServletResponse;)V+30
j  org.apache.catalina.core.ApplicationFilterChain.internalDoFilter(Ljavax/servlet/ServletRequest;Ljavax/servlet/ServletResponse;)V+304
j  org.apache.catalina.core.ApplicationFilterChain.doFilter(Ljavax/servlet/ServletRequest;Ljavax/servlet/ServletResponse;)V+101
j  org.apache.tomcat.websocket.server.WsFilter.doFilter(Ljavax/servlet/ServletRequest;Ljavax/servlet/ServletResponse;Ljavax/servlet/FilterChain;)V+21
j  org.apache.catalina.core.ApplicationFilterChain.internalDoFilter(Ljavax/servlet/ServletRequest;Ljavax/servlet/ServletResponse;)V+135
j  org.apache.catalina.core.ApplicationFilterChain.doFilter(Ljavax/servlet/ServletRequest;Ljavax/servlet/ServletResponse;)V+101
j  com.alibaba.druid.support.http.WebStatFilter.doFilter(Ljavax/servlet/ServletRequest;Ljavax/servlet/ServletResponse;Ljavax/servlet/FilterChain;)V+190
j  org.apache.catalina.core.ApplicationFilterChain.internalDoFilter(Ljavax/servlet/ServletRequest;Ljavax/servlet/ServletResponse;)V+135
j  org.apache.catalina.core.ApplicationFilterChain.doFilter(Ljavax/servlet/ServletRequest;Ljavax/servlet/ServletResponse;)V+101
j  org.springframework.web.filter.RequestContextFilter.doFilterInternal(Ljavax/servlet/http/HttpServletRequest;Ljavax/servlet/http/HttpServletResponse;Ljavax/servlet/FilterChain;)V+21
j  org.springframework.web.filter.OncePerRequestFilter.doFilter(Ljavax/servlet/ServletRequest;Ljavax/servlet/ServletResponse;Ljavax/servlet/FilterChain;)V+111
j  org.apache.catalina.core.ApplicationFilterChain.internalDoFilter(Ljavax/servlet/ServletRequest;Ljavax/servlet/ServletResponse;)V+135
j  org.apache.catalina.core.ApplicationFilterChain.doFilter(Ljavax/servlet/ServletRequest;Ljavax/servlet/ServletResponse;)V+101
j  org.springframework.web.filter.HttpPutFormContentFilter.doFilterInternal(Ljavax/servlet/http/HttpServletRequest;Ljavax/servlet/http/HttpServletResponse;Ljavax/servlet/FilterChain;)V+95
j  org.springframework.web.filter.OncePerRequestFilter.doFilter(Ljavax/servlet/ServletRequest;Ljavax/servlet/ServletResponse;Ljavax/servlet/FilterChain;)V+111
j  org.apache.catalina.core.ApplicationFilterChain.internalDoFilter(Ljavax/servlet/ServletRequest;Ljavax/servlet/ServletResponse;)V+135
j  org.apache.catalina.core.ApplicationFilterChain.doFilter(Ljavax/servlet/ServletRequest;Ljavax/servlet/ServletResponse;)V+101
j  org.springframework.web.filter.HiddenHttpMethodFilter.doFilterInternal(Ljavax/servlet/http/HttpServletRequest;Ljavax/servlet/http/HttpServletResponse;Ljavax/servlet/FilterChain;)V+64
j  org.springframework.web.filter.OncePerRequestFilter.doFilter(Ljavax/servlet/ServletRequest;Ljavax/servlet/ServletResponse;Ljavax/servlet/FilterChain;)V+111
j  org.apache.catalina.core.ApplicationFilterChain.internalDoFilter(Ljavax/servlet/ServletRequest;Ljavax/servlet/ServletResponse;)V+135
j  org.apache.catalina.core.ApplicationFilterChain.doFilter(Ljavax/servlet/ServletRequest;Ljavax/servlet/ServletResponse;)V+101
j  org.springframework.web.filter.CharacterEncodingFilter.doFilterInternal(Ljavax/servlet/http/HttpServletRequest;Ljavax/servlet/http/HttpServletResponse;Ljavax/servlet/FilterChain;)V+53
j  org.springframework.web.filter.OncePerRequestFilter.doFilter(Ljavax/servlet/ServletRequest;Ljavax/servlet/ServletResponse;Ljavax/servlet/FilterChain;)V+111
j  org.apache.catalina.core.ApplicationFilterChain.internalDoFilter(Ljavax/servlet/ServletRequest;Ljavax/servlet/ServletResponse;)V+135
j  org.apache.catalina.core.ApplicationFilterChain.doFilter(Ljavax/servlet/ServletRequest;Ljavax/servlet/ServletResponse;)V+101
j  org.apache.catalina.core.StandardWrapperValve.invoke(Lorg/apache/catalina/connector/Request;Lorg/apache/catalina/connector/Response;)V+688
j  org.apache.catalina.core.StandardContextValve.invoke(Lorg/apache/catalina/connector/Request;Lorg/apache/catalina/connector/Response;)V+166
j  org.apache.catalina.authenticator.AuthenticatorBase.invoke(Lorg/apache/catalina/connector/Request;Lorg/apache/catalina/connector/Response;)V+272
j  org.apache.catalina.core.StandardHostValve.invoke(Lorg/apache/catalina/connector/Request;Lorg/apache/catalina/connector/Response;)V+138
j  org.apache.catalina.valves.ErrorReportValve.invoke(Lorg/apache/catalina/connector/Request;Lorg/apache/catalina/connector/Response;)V+6
j  org.apache.catalina.core.StandardEngineValve.invoke(Lorg/apache/catalina/connector/Request;Lorg/apache/catalina/connector/Response;)V+71
j  org.apache.catalina.connector.CoyoteAdapter.service(Lorg/apache/coyote/Request;Lorg/apache/coyote/Response;)V+199
j  org.apache.coyote.http11.Http11Processor.service(Lorg/apache/tomcat/util/net/SocketWrapperBase;)Lorg/apache/tomcat/util/net/AbstractEndpoint$Handler$SocketState;+806
j  org.apache.coyote.AbstractProcessorLight.process(Lorg/apache/tomcat/util/net/SocketWrapperBase;Lorg/apache/tomcat/util/net/SocketEvent;)Lorg/apache/tomcat/util/net/AbstractEndpoint$Handler$SocketState;+113
j  org.apache.coyote.AbstractProtocol$ConnectionHandler.process(Lorg/apache/tomcat/util/net/SocketWrapperBase;Lorg/apache/tomcat/util/net/SocketEvent;)Lorg/apache/tomcat/util/net/AbstractEndpoint$Handler$SocketState;+378
j  org.apache.tomcat.util.net.NioEndpoint$SocketProcessor.doRun()V+191
j  org.apache.tomcat.util.net.SocketProcessorBase.run()V+21
j  java.util.concurrent.ThreadPoolExecutor.runWorker(Ljava/util/concurrent/ThreadPoolExecutor$Worker;)V+95
j  java.util.concurrent.ThreadPoolExecutor$Worker.run()V+5
j  org.apache.tomcat.util.threads.TaskThread$WrappingRunnable.run()V+4
j  java.lang.Thread.run()V+11
v  ~StubRoutines::call_stub

---------------  P R O C E S S  ---------------

Java Threads: ( => current thread )
  0x17ef3800 JavaThread "RMI TCP Connection(idle)" daemon [_thread_blocked, id=9688, stack(0x19b00000,0x19b50000)]
  0x17ef2800 JavaThread "RMI TCP Connection(idle)" daemon [_thread_blocked, id=9596, stack(0x19a70000,0x19ac0000)]
  0x17ef1c00 JavaThread "DestroyJavaVM" [_thread_blocked, id=11116, stack(0x00880000,0x008d0000)]
  0x17ef1800 JavaThread "http-nio-8083-AsyncTimeout" daemon [_thread_blocked, id=9584, stack(0x19950000,0x199a0000)]
  0x17ef8000 JavaThread "http-nio-8083-Acceptor-0" daemon [_thread_in_native, id=9628, stack(0x198c0000,0x19910000)]
  0x17ef1000 JavaThread "http-nio-8083-ClientPoller-1" daemon [_thread_in_native, id=8196, stack(0x19830000,0x19880000)]
  0x17ef7c00 JavaThread "http-nio-8083-ClientPoller-0" daemon [_thread_in_native, id=9704, stack(0x197a0000,0x197f0000)]
  0x17ef4800 JavaThread "http-nio-8083-exec-10" daemon [_thread_blocked, id=9676, stack(0x19710000,0x19760000)]
  0x17ef7400 JavaThread "http-nio-8083-exec-9" daemon [_thread_blocked, id=9772, stack(0x19680000,0x196d0000)]
  0x17ef4400 JavaThread "http-nio-8083-exec-8" daemon [_thread_blocked, id=9236, stack(0x195f0000,0x19640000)]
  0x17ef3000 JavaThread "http-nio-8083-exec-7" daemon [_thread_blocked, id=14556, stack(0x19560000,0x195b0000)]
  0x17ef7000 JavaThread "http-nio-8083-exec-6" daemon [_thread_blocked, id=11304, stack(0x194d0000,0x19520000)]
  0x17ef8800 JavaThread "http-nio-8083-exec-5" daemon [_thread_blocked, id=11300, stack(0x19440000,0x19490000)]
  0x17ef3c00 JavaThread "http-nio-8083-exec-4" daemon [_thread_blocked, id=9132, stack(0x193b0000,0x19400000)]
  0x17ef5000 JavaThread "http-nio-8083-exec-3" daemon [_thread_blocked, id=9848, stack(0x19320000,0x19370000)]
  0x17ef5c00 JavaThread "http-nio-8083-exec-2" daemon [_thread_blocked, id=18852, stack(0x19290000,0x192e0000)]
=>0x17c87000 JavaThread "http-nio-8083-exec-1" daemon [_thread_in_native, id=14188, stack(0x19200000,0x19250000)]
  0x17c86400 JavaThread "NioBlockingSelector.BlockPoller-1" daemon [_thread_in_native, id=9160, stack(0x19170000,0x191c0000)]
  0x17c87400 JavaThread "container-0" [_thread_blocked, id=8984, stack(0x18cc0000,0x18d10000)]
  0x17c85c00 JavaThread "ContainerBackgroundProcessor[StandardEngine[Tomcat]]" daemon [_thread_blocked, id=8168, stack(0x18c30000,0x18c80000)]
  0x163ca400 JavaThread "RMI TCP Connection(idle)" daemon [_thread_blocked, id=8288, stack(0x16780000,0x167d0000)]
  0x163c5800 JavaThread "RMI Scheduler(0)" daemon [_thread_blocked, id=12336, stack(0x166f0000,0x16740000)]
  0x1636d400 JavaThread "RMI TCP Connection(idle)" daemon [_thread_blocked, id=12328, stack(0x165b0000,0x16600000)]
  0x16367c00 JavaThread "RMI TCP Accept-0" daemon [_thread_in_native, id=1916, stack(0x15b20000,0x15b70000)]
  0x16336000 JavaThread "RMI TCP Accept-52531" daemon [_thread_in_native, id=14528, stack(0x15a90000,0x15ae0000)]
  0x16343c00 JavaThread "RMI TCP Accept-0" daemon [_thread_in_native, id=12188, stack(0x15a00000,0x15a50000)]
  0x161d3800 JavaThread "Service Thread" daemon [_thread_blocked, id=8640, stack(0x15970000,0x159c0000)]
  0x161cdc00 JavaThread "C1 CompilerThread0" daemon [_thread_blocked, id=7760, stack(0x158e0000,0x15930000)]
  0x161c6c00 JavaThread "Monitor Ctrl-Break" daemon [_thread_in_native, id=14752, stack(0x15850000,0x158a0000)]
  0x026b4000 JavaThread "Attach Listener" daemon [_thread_blocked, id=8140, stack(0x14f90000,0x14fe0000)]
  0x026d2800 JavaThread "Signal Dispatcher" daemon [_thread_blocked, id=7980, stack(0x14f00000,0x14f50000)]
  0x0263e000 JavaThread "Finalizer" daemon [_thread_blocked, id=7712, stack(0x14e10000,0x14e60000)]
  0x0263cc00 JavaThread "Reference Handler" daemon [_thread_blocked, id=7560, stack(0x14d80000,0x14dd0000)]

Other Threads:
  0x02639000 VMThread [stack: 0x14cf0000,0x14d40000] [id=7900]
  0x1636cc00 WatcherThread [stack: 0x15bb0000,0x15c00000] [id=10704]

VM state:not at safepoint (normal execution)

VM Mutex/Monitor currently owned by a thread: None

Heap:
 def new generation   total 15488K, used 9648K [0x04800000, 0x058c0000, 0x09d50000)
  eden space 13824K,  57% used [0x04800000, 0x04fcc310, 0x05580000)
  from space 1664K, 100% used [0x05720000, 0x058c0000, 0x058c0000)
  to   space 1664K,   0% used [0x05580000, 0x05580000, 0x05720000)
 tenured generation   total 34284K, used 23755K [0x09d50000, 0x0becb000, 0x14800000)
   the space 34284K,  69% used [0x09d50000, 0x0b482c08, 0x0b482e00, 0x0becb000)
 Metaspace       used 21133K, capacity 21393K, committed 21760K, reserved 21888K

Card table byte_map: [0x14800000,0x14890000] byte_map_base: 0x147dc000

Polling page: 0x00770000

CodeCache: size=32768Kb used=5100Kb max_used=5100Kb free=27667Kb
 bounds [0x027f0000, 0x02cf0000, 0x047f0000]
 total_blobs=2712 nmethods=2266 adapters=376
 compilation: enabled

Compilation events (10 events):
Event: 70.567 Thread 0x161cdc00 2300             org.thymeleaf.engine.TemplateData::getTemplateMode (5 bytes)
Event: 70.567 Thread 0x161cdc00 nmethod 2300 0x02ceab48 code [0x02ceac40, 0x02ceacc0]
Event: 70.568 Thread 0x161cdc00 2301             org.thymeleaf.engine.Attribute::write (135 bytes)
Event: 70.568 Thread 0x161cdc00 nmethod 2301 0x02cead08 code [0x02ceae90, 0x02ceb0e8]
Event: 70.569 Thread 0x161cdc00 2302             org.thymeleaf.context.WebEngineContext$RequestAttributesVariablesMap::getTemplateData (52 bytes)
Event: 70.569 Thread 0x161cdc00 nmethod 2302 0x02ceb2c8 code [0x02ceb3d0, 0x02ceb4d0]
Event: 70.569 Thread 0x161cdc00 2303             java.nio.ByteBuffer::hasArray (20 bytes)
Event: 70.569 Thread 0x161cdc00 nmethod 2303 0x02ceb5c8 code [0x02ceb6c0, 0x02ceb770]
Event: 70.569 Thread 0x161cdc00 2304             org.thymeleaf.context.AbstractEngineContext::getTemplateMode (8 bytes)
Event: 70.569 Thread 0x161cdc00 nmethod 2304 0x02ceb7c8 code [0x02ceb8d0, 0x02ceb96c]

GC Heap History (10 events):
Event: 5.647 GC heap before
{Heap before GC invocations=84 (full 2):
 def new generation   total 12736K, used 11924K [0x04800000, 0x055d0000, 0x09d50000)
  eden space 11328K, 100% used [0x04800000, 0x05310000, 0x05310000)
  from space 1408K,  42% used [0x05310000, 0x053a5338, 0x05470000)
  to   space 1408K,   0% used [0x05470000, 0x05470000, 0x055d0000)
 tenured generation   total 28268K, used 27265K [0x09d50000, 0x0b8eb000, 0x14800000)
   the space 28268K,  96% used [0x09d50000, 0x0b7f0500, 0x0b7f0600, 0x0b8eb000)
 Metaspace       used 18392K, capacity 18679K, committed 18816K, reserved 18816K
Event: 5.651 GC heap after
Heap after GC invocations=85 (full 2):
 def new generation   total 12736K, used 1408K [0x04800000, 0x055d0000, 0x09d50000)
  eden space 11328K,   0% used [0x04800000, 0x04800000, 0x05310000)
  from space 1408K, 100% used [0x05470000, 0x055d0000, 0x055d0000)
  to   space 1408K,   0% used [0x05310000, 0x05310000, 0x05470000)
 tenured generation   total 28268K, used 27314K [0x09d50000, 0x0b8eb000, 0x14800000)
   the space 28268K,  96% used [0x09d50000, 0x0b7fcb30, 0x0b7fcc00, 0x0b8eb000)
 Metaspace       used 18392K, capacity 18679K, committed 18816K, reserved 18816K
}
Event: 13.112 GC heap before
{Heap before GC invocations=85 (full 2):
 def new generation   total 12736K, used 12736K [0x04800000, 0x055d0000, 0x09d50000)
  eden space 11328K, 100% used [0x04800000, 0x05310000, 0x05310000)
  from space 1408K, 100% used [0x05470000, 0x055d0000, 0x055d0000)
  to   space 1408K,   0% used [0x05310000, 0x05310000, 0x05470000)
 tenured generation   total 28268K, used 27314K [0x09d50000, 0x0b8eb000, 0x14800000)
   the space 28268K,  96% used [0x09d50000, 0x0b7fcb30, 0x0b7fcc00, 0x0b8eb000)
 Metaspace       used 18995K, capacity 19287K, committed 19456K, reserved 19840K
Event: 13.176 GC heap after
Heap after GC invocations=86 (full 3):
 def new generation   total 15488K, used 0K [0x04800000, 0x058c0000, 0x09d50000)
  eden space 13824K,   0% used [0x04800000, 0x04800000, 0x05580000)
  from space 1664K,   0% used [0x05580000, 0x05580000, 0x05720000)
  to   space 1664K,   0% used [0x05720000, 0x05720000, 0x058c0000)
 tenured generation   total 34284K, used 20568K [0x09d50000, 0x0becb000, 0x14800000)
   the space 34284K,  59% used [0x09d50000, 0x0b166388, 0x0b166400, 0x0becb000)
 Metaspace       used 18867K, capacity 19112K, committed 19456K, reserved 19840K
}
Event: 19.555 GC heap before
{Heap before GC invocations=86 (full 3):
 def new generation   total 15488K, used 13824K [0x04800000, 0x058c0000, 0x09d50000)
  eden space 13824K, 100% used [0x04800000, 0x05580000, 0x05580000)
  from space 1664K,   0% used [0x05580000, 0x05580000, 0x05720000)
  to   space 1664K,   0% used [0x05720000, 0x05720000, 0x058c0000)
 tenured generation   total 34284K, used 20568K [0x09d50000, 0x0becb000, 0x14800000)
   the space 34284K,  59% used [0x09d50000, 0x0b166388, 0x0b166400, 0x0becb000)
 Metaspace       used 19578K, capacity 19816K, committed 20224K, reserved 20864K
Event: 19.563 GC heap after
Heap after GC invocations=87 (full 3):
 def new generation   total 15488K, used 1547K [0x04800000, 0x058c0000, 0x09d50000)
  eden space 13824K,   0% used [0x04800000, 0x04800000, 0x05580000)
  from space 1664K,  92% used [0x05720000, 0x058a2e08, 0x058c0000)
  to   space 1664K,   0% used [0x05580000, 0x05580000, 0x05720000)
 tenured generation   total 34284K, used 20568K [0x09d50000, 0x0becb000, 0x14800000)
   the space 34284K,  59% used [0x09d50000, 0x0b166388, 0x0b166400, 0x0becb000)
 Metaspace       used 19578K, capacity 19816K, committed 20224K, reserved 20864K
}
Event: 19.789 GC heap before
{Heap before GC invocations=87 (full 3):
 def new generation   total 15488K, used 15371K [0x04800000, 0x058c0000, 0x09d50000)
  eden space 13824K, 100% used [0x04800000, 0x05580000, 0x05580000)
  from space 1664K,  92% used [0x05720000, 0x058a2e08, 0x058c0000)
  to   space 1664K,   0% used [0x05580000, 0x05580000, 0x05720000)
 tenured generation   total 34284K, used 20568K [0x09d50000, 0x0becb000, 0x14800000)
   the space 34284K,  59% used [0x09d50000, 0x0b166388, 0x0b166400, 0x0becb000)
 Metaspace       used 20040K, capacity 20266K, committed 20608K, reserved 20864K
Event: 19.796 GC heap after
Heap after GC invocations=88 (full 3):
 def new generation   total 15488K, used 1664K [0x04800000, 0x058c0000, 0x09d50000)
  eden space 13824K,   0% used [0x04800000, 0x04800000, 0x05580000)
  from space 1664K, 100% used [0x05580000, 0x05720000, 0x05720000)
  to   space 1664K,   0% used [0x05720000, 0x05720000, 0x058c0000)
 tenured generation   total 34284K, used 21756K [0x09d50000, 0x0becb000, 0x14800000)
   the space 34284K,  63% used [0x09d50000, 0x0b28f310, 0x0b28f400, 0x0becb000)
 Metaspace       used 20040K, capacity 20266K, committed 20608K, reserved 20864K
}
Event: 19.941 GC heap before
{Heap before GC invocations=88 (full 3):
 def new generation   total 15488K, used 15488K [0x04800000, 0x058c0000, 0x09d50000)
  eden space 13824K, 100% used [0x04800000, 0x05580000, 0x05580000)
  from space 1664K, 100% used [0x05580000, 0x05720000, 0x05720000)
  to   space 1664K,   0% used [0x05720000, 0x05720000, 0x058c0000)
 tenured generation   total 34284K, used 21756K [0x09d50000, 0x0becb000, 0x14800000)
   the space 34284K,  63% used [0x09d50000, 0x0b28f310, 0x0b28f400, 0x0becb000)
 Metaspace       used 20897K, capacity 21162K, committed 21504K, reserved 21888K
Event: 19.947 GC heap after
Heap after GC invocations=89 (full 3):
 def new generation   total 15488K, used 1664K [0x04800000, 0x058c0000, 0x09d50000)
  eden space 13824K,   0% used [0x04800000, 0x04800000, 0x05580000)
  from space 1664K, 100% used [0x05720000, 0x058c0000, 0x058c0000)
  to   space 1664K,   0% used [0x05580000, 0x05580000, 0x05720000)
 tenured generation   total 34284K, used 23755K [0x09d50000, 0x0becb000, 0x14800000)
   the space 34284K,  69% used [0x09d50000, 0x0b482c08, 0x0b482e00, 0x0becb000)
 Metaspace       used 20897K, capacity 21162K, committed 21504K, reserved 21888K
}

Deoptimization events (0 events):
No events

Internal exceptions (10 events):
Event: 19.706 Thread 0x17ef5000 Exception <a 'java/lang/ClassNotFoundException': nz/net/ultraq/thymeleaf/includes/ReplaceProcessorBeanInfo> (0x04eeabc8) thrown at [C:\re\workspace\8-2-build-windows-i586-cygwin\jdk8u66\4988\hotspot\src\share\vm\classfile\systemDictionary.cpp, line 210]
Event: 19.708 Thread 0x17ef5000 Exception <a 'java/lang/ClassNotFoundException': nz/net/ultraq/thymeleaf/includes/ReplaceProcessorCustomizer> (0x04f018a0) thrown at [C:\re\workspace\8-2-build-windows-i586-cygwin\jdk8u66\4988\hotspot\src\share\vm\classfile\systemDictionary.cpp, line 210]
Event: 19.713 Thread 0x17ef5000 Exception <a 'java/lang/ClassNotFoundException': nz/net/ultraq/thymeleaf/fragments/FragmentProcessorBeanInfo> (0x04f4bb50) thrown at [C:\re\workspace\8-2-build-windows-i586-cygwin\jdk8u66\4988\hotspot\src\share\vm\classfile\systemDictionary.cpp, line 210]
Event: 19.715 Thread 0x17ef5000 Exception <a 'java/lang/ClassNotFoundException': nz/net/ultraq/thymeleaf/fragments/FragmentProcessorCustomizer> (0x04f630f8) thrown at [C:\re\workspace\8-2-build-windows-i586-cygwin\jdk8u66\4988\hotspot\src\share\vm\classfile\systemDictionary.cpp, line 210Ë5∏3@
Event: 19.720 Thread 0x17ef5000 Exception <a 'java/lang/ClassNotFoundException': nz/net/ultraq/thymeleaf/decorators/TitlePatternProcessorBeanInfo> (0x04fb3b30) thrown at [C:\re\workspace\8-2-build-windows-i586-cygwin\jdk8u66\4988\hotspot\src\share\vm\classfile\systemDictionary.cpp, line RÅìm‡∏3@
Event: 19.722 Thread 0x17ef5000 Exception <a 'java/lang/ClassNotFoundException': nz/net/ultraq/thymeleaf/decorators/TitlePatternProcessorCustomizer> (0x04fcc488) thrown at [C:\re\workspace\8-2-build-windows-i586-cygwin\jdk8u66\4988\hotspot\src\share\vm\classfile\systemDictionary.cpp, lin∂qzÕaı3@
Event: 19.959 Thread 0x17c87000 Exception <a 'java/io/IOException'> (0x04970bf0) thrown at [C:\re\workspace\8-2-build-windows-i586-cygwin\jdk8u66\4988\hotspot\src\share\vm\prims\jni.cpp, line 709]
Event: 20.804 Thread 0x17c87000 Exception <a 'java/io/IOException'> (0x04979338) thrown at [C:\re\workspace\8-2-build-windows-i586-cygwin\jdk8u66\4988\hotspot\src\share\vm\prims\jni.cpp, line 709]
Event: 34.392 Thread 0x17ef3000 Exception <a 'java/io/IOException'> (0x04f2c970) thrown at [C:\re\workspace\8-2-build-windows-i586-cygwin\jdk8u66\4988\hotspot\src\share\vm\prims\jni.cpp, line 709]
Event: 34.395 Thread 0x17ef3000 Exception <a 'java/io/IOException'> (0x04f2d770) thrown at [C:\re\workspace\8-2-build-windows-i586-cygwin\jdk8u66\4988\hotspot\src\share\vm\prims\jni.cpp, line 709]

Events (10 events):
Event: 34.193 loading class org/apache/catalina/webresources/Cache$EvictionOrder done
Event: 34.194 loading class org/apache/tomcat/PeriodicEventListener
Event: 34.194 loading class org/apache/tomcat/PeriodicEventListener done
Event: 37.137 Thread 0x161cdc00 flushing nmethod 0x02cda6c8
Event: 37.139 Executing VM operation: RevokeBias
Event: 37.140 Executing VM operation: RevokeBias done
Event: 37.140 Executing VM operation: RevokeBias
Event: 37.140 Executing VM operation: RevokeBias done
Event: 37.154 Executing VM operation: RevokeBias
Event: 37.154 Executing VM operation: RevokeBias done


Dynamic libraries:
0x00560000 - 0x00593000 	C:\Program Files (x86)\Java\jdk1.8.0_66\bin\java.exe
0x77020000 - 0x771ba000 	C:\WINDOWS\SYSTEM32\ntdll.dll
0x76d20000 - 0x76e00000 	C:\WINDOWS\System32\KERNEL32.DLL
0x75940000 - 0x75b3c000 	C:\WINDOWS\System32\KERNELBASE.dll
0x6dfe0000 - 0x6e07f000 	C:\WINDOWS\SYSTEM32\apphelp.dll
0x76be0000 - 0x76c59000 	C:\WINDOWS\System32\ADVAPI32.dll
0x75280000 - 0x7533f000 	C:\WINDOWS\System32\msvcrt.dll
0x74ba0000 - 0x74c16000 	C:\WINDOWS\System32\sechost.dll
0x76700000 - 0x767bb000 	C:\WINDOWS\System32\RPCRT4.dll
0x747f0000 - 0x74810000 	C:\WINDOWS\System32\SspiCli.dll
0x747e0000 - 0x747ea000 	C:\WINDOWS\System32\CRYPTBASE.dll
0x76f30000 - 0x76f8f000 	C:\WINDOWS\System32\bcryptPrimitives.dll
0x75350000 - 0x754e7000 	C:\WINDOWS\System32\USER32.dll
0x76a70000 - 0x76a87000 	C:\WINDOWS\System32\win32u.dll
0x76c70000 - 0x76c91000 	C:\WINDOWS\System32\GDI32.dll
0x757e0000 - 0x7593a000 	C:\WINDOWS\System32\gdi32full.dll
0x74b20000 - 0x74b9c000 	C:\WINDOWS\System32\msvcp_win.dll
0x75b60000 - 0x75c7f000 	C:\WINDOWS\System32\ucrtbase.dll
0x6b1d0000 - 0x6b3df000 	C:\WINDOWS\WinSxS\x86_microsoft.windows.common-controls_6595b64144ccf1df_6.0.18362.418_none_2e73e95e27897f63\COMCTL32.dll
0x754f0000 - 0x75766000 	C:\WINDOWS\System32\combase.dll
0x74af0000 - 0x74b15000 	C:\WINDOWS\System32\IMM32.DLL
0x5bc90000 - 0x5bd4f000 	C:\Program Files (x86)\Java\jdk1.8.0_66\jre\bin\msvcr100.dll
0x5b8c0000 - 0x5bc85000 	C:\Program Files (x86)\Java\jdk1.8.0_66\jre\bin\client\jvm.dll
0x767c0000 - 0x767c6000 	C:\WINDOWS\System32\PSAPI.DLL
0x71730000 - 0x71738000 	C:\WINDOWS\SYSTEM32\WSOCK32.dll
0x74380000 - 0x743a4000 	C:\WINDOWS\SYSTEM32\WINMM.dll
0x747b0000 - 0x747b8000 	C:\WINDOWS\SYSTEM32\VERSION.dll
0x75c80000 - 0x75cde000 	C:\WINDOWS\System32\WS2_32.dll
0x74350000 - 0x74373000 	C:\WINDOWS\SYSTEM32\winmmbase.dll
0x76260000 - 0x7629b000 	C:\WINDOWS\System32\cfgmgr32.dll
0x61280000 - 0x6128c000 	C:\Program Files (x86)\Java\jdk1.8.0_66\jre\bin\verify.dll
0x5b890000 - 0x5b8b1000 	C:\Program Files (x86)\Java\jdk1.8.0_66\jre\bin\java.dll
0x5c0f0000 - 0x5c110000 	C:\Program Files (x86)\Java\jdk1.8.0_66\jre\bin\instrument.dll
0x5b870000 - 0x5b883000 	C:\Program Files (x86)\Java\jdk1.8.0_66\jre\bin\zip.dll
0x75ce0000 - 0x7625a000 	C:\WINDOWS\System32\SHELL32.dll
0x74a60000 - 0x74ae4000 	C:\WINDOWS\System32\shcore.dll
0x74cb0000 - 0x75275000 	C:\WINDOWS\System32\windows.storage.dll
0x76d00000 - 0x76d17000 	C:\WINDOWS\System32\profapi.dll
0x76b90000 - 0x76bd3000 	C:\WINDOWS\System32\powrprof.dll
0x762a0000 - 0x762ad000 	C:\WINDOWS\System32\UMPDC.dll
0x75770000 - 0x757b4000 	C:\WINDOWS\System32\shlwapi.dll
0x76c60000 - 0x76c6f000 	C:\WINDOWS\System32\kernel.appcore.dll
0x76a50000 - 0x76a63000 	C:\WINDOWS\System32\cryptsp.dll
0x5c0d0000 - 0x5c0e6000 	D:\IDEA\IntelliJ IDEA 2018.3.3\bin\breakgen.dll
0x5b850000 - 0x5b866000 	C:\Program Files (x86)\Java\jdk1.8.0_66\jre\bin\net.dll
0x73940000 - 0x73992000 	C:\WINDOWS\system32\mswsock.dll
0x632e0000 - 0x632ea000 	C:\Program Files (x86)\Java\jdk1.8.0_66\jre\bin\management.dll
0x61270000 - 0x6127f000 	C:\Program Files (x86)\Java\jdk1.8.0_66\jre\bin\nio.dll
0x70bf0000 - 0x70c01000 	C:\WINDOWS\system32\napinsp.dll
0x70bd0000 - 0x70be6000 	C:\WINDOWS\system32\pnrpnsp.dll
0x73cb0000 - 0x73d41000 	C:\WINDOWS\SYSTEM32\DNSAPI.dll
0x757c0000 - 0x757c7000 	C:\WINDOWS\System32\NSI.dll
0x74660000 - 0x74692000 	C:\WINDOWS\SYSTEM32\IPHLPAPI.DLL
0x70bc0000 - 0x70bcb000 	C:\WINDOWS\System32\winrnr.dll
0x70ba0000 - 0x70bb6000 	C:\WINDOWS\system32\NLAapi.dll
0x70b90000 - 0x70ba0000 	C:\WINDOWS\system32\wshbth.dll
0x72560000 - 0x72626000 	C:\WINDOWS\System32\ierd_tgp_lsp.dll
0x74960000 - 0x74a57000 	C:\WINDOWS\System32\ole32.dll
0x72650000 - 0x72657000 	C:\WINDOWS\system32\wshqos.dll
0x72640000 - 0x72647000 	C:\WINDOWS\SYSTEM32\wshtcpip.DLL
0x72630000 - 0x72637000 	C:\WINDOWS\SYSTEM32\wship6.dll
0x74190000 - 0x74198000 	C:\Windows\System32\rasadhlp.dll
0x73750000 - 0x737a1000 	C:\WINDOWS\System32\fwpuclnt.dll
0x75b40000 - 0x75b59000 	C:\WINDOWS\System32\bcrypt.dll
0x74130000 - 0x7415f000 	C:\WINDOWS\system32\rsaenh.dll
0x747c0000 - 0x747de000 	C:\WINDOWS\SYSTEM32\USERENV.dll
0x73a10000 - 0x73a23000 	C:\WINDOWS\SYSTEM32\dhcpcsvc6.DLL
0x74260000 - 0x74275000 	C:\WINDOWS\SYSTEM32\dhcpcsvc.DLL
0x5b430000 - 0x5b622000 	C:\Users\82038\Desktop\FaceSDK_x86\opencv_core2413.dll
0x79ab0000 - 0x79aec000 	C:\WINDOWS\SYSTEM32\CONCRT140.dll
0x703c0000 - 0x70431000 	C:\WINDOWS\SYSTEM32\MSVCP140.dll
0x73240000 - 0x73255000 	C:\WINDOWS\SYSTEM32\VCRUNTIME140.dll
0x5b1e0000 - 0x5b424000 	C:\Users\82038\Desktop\FaceSDK_x86\opencv_imgproc2413.dll
0x5afe0000 - 0x5b1d2000 	C:\Users\82038\Desktop\FaceSDK_x86\opencv_highgui2413.dll
0x76a90000 - 0x76b22000 	C:\WINDOWS\System32\OLEAUT32.dll
0x71380000 - 0x713a2000 	C:\WINDOWS\SYSTEM32\MSVFW32.dll
0x714b0000 - 0x714c4000 	C:\WINDOWS\SYSTEM32\AVICAP32.dll
0x5c0b0000 - 0x5c0cb000 	C:\WINDOWS\SYSTEM32\AVIFIL32.dll
0x6d980000 - 0x6d999000 	C:\WINDOWS\SYSTEM32\MSACM32.dll
0x5a650000 - 0x5afdc000 	C:\Users\82038\Desktop\FaceSDK_x86\THFeature.dll
0x6e260000 - 0x6e2cb000 	C:\WINDOWS\SYSTEM32\WINSPOOL.DRV
0x73550000 - 0x73615000 	C:\WINDOWS\SYSTEM32\PROPSYS.dll
0x5c080000 - 0x5c0b0000 	C:\Users\82038\Desktop\FaceSDK_x86\WKWIN32.dll
0x70f70000 - 0x70f99000 	C:\WINDOWS\SYSTEM32\ntmarta.dll
0x5a0d0000 - 0x5a64f000 	C:\Users\82038\Desktop\FaceSDK_x86\THFaceImage.dll
0x5c070000 - 0x5c07a000 	C:\Users\82038\Desktop\FaceSDK_x86\YukaFaceHelper.dll
0x1af80000 - 0x1afd2000 	C:\Users\82038\AppData\Local\Temp\jna1709533625467130102.tmp
0x6d710000 - 0x6d78a000 	C:\WINDOWS\system32\uxtheme.dll
0x76f90000 - 0x77010000 	C:\WINDOWS\System32\clbcatq.dll
0x50430000 - 0x50445000 	C:\Windows\System32\devenum.dll
0x762b0000 - 0x766f9000 	C:\WINDOWS\System32\setupapi.dll
0x71de0000 - 0x71e03000 	C:\WINDOWS\SYSTEM32\DEVOBJ.dll
0x74810000 - 0x74856000 	C:\WINDOWS\System32\WINTRUST.dll
0x757d0000 - 0x757de000 	C:\WINDOWS\System32\MSASN1.dll
0x74860000 - 0x7495b000 	C:\WINDOWS\System32\CRYPT32.dll
0x7b860000 - 0x7b869000 	C:\WINDOWS\SYSTEM32\msdmo.dll
0x5c030000 - 0x5c06f000 	C:\Windows\System32\mfksproxy.dll
0x5c010000 - 0x5c027000 	C:\Windows\System32\ATL.DLL
0x59f50000 - 0x5a0cd000 	C:\Windows\System32\MFPlat.DLL
0x59f20000 - 0x59f4a000 	C:\Windows\System32\RTWorkQ.DLL
0x59ed0000 - 0x59f1f000 	C:\Windows\System32\MFSENSORGROUP.dll
0x59e90000 - 0x59ece000 	C:\Windows\System32\ksproxy.ax
0x57810000 - 0x5799e000 	C:\Windows\System32\d3d9.dll
0x6e0b0000 - 0x6e0b7000 	C:\Windows\System32\ksuser.dll
0x6d0c0000 - 0x6d0e5000 	C:\Windows\System32\dwmapi.dll
0x66650000 - 0x66669000 	C:\WINDOWS\SYSTEM32\dxcore.dll
0x500e0000 - 0x50153000 	C:\WINDOWS\SYSTEM32\policymanager.dll
0x62050000 - 0x620b5000 	C:\Windows\System32\msvcp110_win.dll
0x59e80000 - 0x59e8b000 	C:\Windows\System32\vidcap.ax
0x59e60000 - 0x59e7f000 	C:\Windows\System32\kswdmcap.ax
0x59d30000 - 0x59e54000 	C:\Windows\System32\MFC42.dll
0x1b1e0000 - 0x1b424000 	C:\Users\82038\AppData\Local\Temp\~qqtempdat008633~.tmp
0x1d4e0000 - 0x1f9d3000 	C:\Users\82038\AppData\Local\Temp\~tmp8003bin.tmp
0x59d10000 - 0x59d2f000 	C:\WINDOWS\SYSTEM32\VCOMP110.DLL

VM Arguments:
jvm_args: -XX:TieredStopAtLevel=1 -Xverify:none -Dspring.output.ansi.enabled=always -Dcom.sun.management.jmxremote -Dcom.sun.management.jmxremote.port=52531 -Dcom.sun.management.jmxremote.authenticate=false -Dcom.sun.management.jmxremote.ssl=false -Djava.rmi.server.hostname=localhost -Dspring.liveBeansView.mbeanDomain -Dspring.application.admin.enabled=true -javaagent:D:\IDEA\IntelliJ IDEA 2018.3.3\lib\idea_rt.jar=52532:D:\IDEA\IntelliJ IDEA 2018.3.3\bin -Dfile.encoding=UTF-8 
java_command: com.atguigu.springboot.SpringBoot04WebRestfulcrudApplication
java_class_path (initial): C:\Program Files (x86)\Java\jdk1.8.0_66\jre\lib\charsets.jar;C:\Program Files (x86)\Java\jdk1.8.0_66\jre\lib\deploy.jar;C:\Program Files (x86)\Java\jdk1.8.0_66\jre\lib\ext\access-bridge-32.jar;C:\Program Files (x86)\Java\jdk1.8.0_66\jre\lib\ext\cldrdata.jar;C:\Program Files (x86)\Java\jdk1.8.0_66\jre\lib\ext\dnsns.jar;C:\Program Files (x86)\Java\jdk1.8.0_66\jre\lib\ext\jaccess.jar;C:\Program Files (x86)\Java\jdk1.8.0_66\jre\lib\ext\jfxrt.jar;C:\Program Files (x86)\Java\jdk1.8.0_66\jre\lib\ext\localedata.jar;C:\Program Files (x86)\Java\jdk1.8.0_66\jre\lib\ext\nashorn.jar;C:\Program Files (x86)\Java\jdk1.8.0_66\jre\lib\ext\sunec.jar;C:\Program Files (x86)\Java\jdk1.8.0_66\jre\lib\ext\sunjce_provider.jar;C:\Program Files (x86)\Java\jdk1.8.0_66\jre\lib\ext\sunmscapi.jar;C:\Program Files (x86)\Java\jdk1.8.0_66\jre\lib\ext\sunpkcs11.jar;C:\Program Files (x86)\Java\jdk1.8.0_66\jre\lib\ext\zipfs.jar;C:\Program Files (x86)\Java\jdk1.8.0_66\jre\lib\javaws.jar;C:\Program Files (x86)\Java\jdk1.8.0_66\jre\lib\jce.jar;C:\Program Files (x86)\Java\jdk1.8.0_66\jre\lib\jfr.jar;C:\Program Files (x86)\Java\jdk1.8.0_66\jre\lib\jfxswt.jar;C:\Program Files (x86)\Java\jdk1.8.0_66\jre\lib\jsse.jar;C:\Program Files (x86)\Java\jdk1.8.0_66\jre\lib\management-agent.jar;C:\Program Files (x86)\Java\jdk1.8.0_66\jre\lib\plugin.jar;C:\Program Files (x86)\Java\jdk1.8.0_66\jre\lib\resources.jar;C:\Program Files (x86)\Java\jdk1.8.0_66\jre\lib\rt.jar;F:\02°¢…–πËπ»SpringBoot ”∆µ\‘¥¬Î°¢◊ ¡œ°¢øŒº˛\¥˙¬Î\weibridge_PCC\target\classes;D:\IDEA\IntelliJ IDEA 2018.3.3\plugins\maven\lib\maven3\respository\org\springframework\boot\spring-boot-starter-jdbc\1.5.10.RELEASE\spring-boot-starter-jdbc-1.5.10.RELEASE.jar;D:\IDEA\IntelliJ IDEA 2018.3.3\plugins\maven\lib\maven3\respository\org\springframework\boot\spring-boot-starter\1.5.10.RELEASE\spring-boot-starter-1.5.10.RELEASE.jar;D:\IDEA\IntelliJ IDEA 2018.3.3\plugins\maven\lib\maven3\respository\org\springframework\boot\spring-boot\1.5.10
Launcher Type: SUN_STANDARD

Environment Variables:
JAVA_HOME=C:\Program Files (x86)\Java\jdk1.7.0_45
CLASSPATH=.;C:\Program Files (x86)\Java\jdk1.7.0_45\lib;C:\Program Files (x86)\Java\jdk1.7.0_45\lib\tools.jar
PATH=C:\ProgramData\Oracle\Java\javapath;C:\Program Files (x86)\Intel\iCLS Client\;C:\Program Files\Intel\iCLS Client\;C:\windows\system32;C:\windows;C:\windows\System32\Wbem;C:\windows\System32\WindowsPowerShell\v1.0\;C:\Program Files (x86)\Intel\Intel(R) Management Engine Components\DAL;C:\Program Files\Intel\Intel(R) Management Engine Components\DAL;C:\Program Files (x86)\Intel\Intel(R) Management Engine Components\IPT;C:\Program Files\Intel\Intel(R) Management Engine Components\IPT;C:\Program Files (x86)\NVIDIA Corporation\PhysX\Common;C:\WINDOWS\system32;C:\WINDOWS;C:\WINDOWS\System32\Wbem;C:\WINDOWS\System32\WindowsPowerShell\v1.0\;C:\WINDOWS\System32\OpenSSH\;C:\Program Files\Git\cmd;C:\Program Files\Git\bin;C:\Program Files\apache-maven-3.6.0\bin;C:\Program Files (x86)\Java\jdk1.7.0_45\bin;C:\Program Files (x86)\Java\jdk1.7.0_45\jre\bin;C:\WINDOWS\system32\config\systemprofile\.dnx\bin;C:\Program Files\Microsoft DNX\Dnvm\;C:\Program Files (x86)\Windows Kits\8.1\Windows Performance Toolkit\;C:\Program Files\Microsoft SQL Server\130\Tools\Binn\;C:\Program Files\mysql-5.7.26-winx64\bin;C:\Program Files\nodejs\;C:\Users\82038\AppData\Local\Programs\Python\Python37\Scripts\;C:\Users\82038\AppData\Local\Programs\Python\Python37\;C:\Users\82038\AppData\Local\Microsoft\WindowsApps;D:\IDEA\IntelliJ IDEA 2018.3.3\bin;C:\Users\82038\AppData\Local\GitHubDesktop\bin;D:\Microsoft VS Code\bin;C:\Users\82038\AppData\Roaming\npm;%USERPROFILE%\AppData\Local\Microsoft\WindowsApps;
USERNAME=82038
OS=Windows_NT
PROCESSOR_IDENTIFIER=Intel64 Family 6 Model 158 Stepping 9, GenuineIntel



---------------  S Y S T E M  ---------------

OS: Windows 10.0 , 64 bit Build 18362 (10.0.18362.329)

CPU:total 8 (4 cores per cpu, 2 threads per core) family 6 model 158 stepping 9, cmov, cx8, fxsr, mmx, sse, sse2, sse3, ssse3, sse4.1, sse4.2, popcnt, avx, avx2, aes, clmul, erms, 3dnowpref, lzcnt, ht, tsc, tscinvbit, bmi1, bmi2, adx

Memory: 4k page, physical 16731636k(7270572k free), swap 17780212k(3999048k free)

vm_info: Java HotSpot(TM) Client VM (25.66-b17) for windows-x86 JRE (1.8.0_66-b17), built on Oct  6 2015 19:59:47 by "java_re" with MS VC++ 10.0 (VS2010)

time: Thu Nov 07 01:59:59 2019
elapsed time: 81 seconds (0d 0h 1m 21s)

