#
# A fatal error has been detected by the Java Runtime Environment:
#
#  EXCEPTION_UNCAUGHT_CXX_EXCEPTION (0xe06d7363) at pc=0x779135d2, pid=16920, tid=17592
#
# JRE version: Java(TM) SE Runtime Environment (8.0_66-b17) (build 1.8.0_66-b17)
# Java VM: Java HotSpot(TM) Client VM (25.66-b17 mixed mode, sharing windows-x86 )
# Problematic frame:
# C  [KERNELBASE.dll+0x1135d2]
#
# Failed to write core dump. Minidumps are not enabled by default on client versions of Windows
#
# If you would like to submit a bug report, please visit:
#   http://bugreport.java.com/bugreport/crash.jsp
# The crash happened outside the Java Virtual Machine in native code.
# See problematic frame for where to report the bug.
#

---------------  T H R E A D  ---------------

Current thread (0x18bddc00):  JavaThread "http-nio-8083-exec-10" daemon [_thread_in_native, id=17592, stack(0x1a760000,0x1a7b0000)]

siginfo: ExceptionCode=0xe06d7363, ExceptionInformation=0x19930520 0x1a79d344 0x78aa4e00 

Registers:
EAX=0x1a79d290, EBX=0x1a79d344, ECX=0x00000003, EDX=0x00000000
ESP=0x1a79d290, EBP=0x1a79d2e8, ESI=0x73e214a8, EDI=0x78aa4e00
EIP=0x779135d2, EFLAGS=0x00000216

Top of Stack: (sp=0x1a79d290)
0x1a79d290:   e06d7363 00000001 00000000 779135d2
0x1a79d2a0:   00000003 19930520 1a79d344 78aa4e00
0x1a79d2b0:   1a79d2e4 788e4f8a 00000050 89c451f9
0x1a79d2c0:   00000047 1a79d39c 1a7ad428 1a79d39c
0x1a79d2d0:   00d6a800 1a79d2bc 1a79d324 1a79d39c
0x1a79d2e0:   00000047 c8bcc701 1a79d32c 73e24a25
0x1a79d2f0:   e06d7363 00000001 00000003 1a79d320
0x1a79d300:   1a7ad3d0 776bf240 00000002 e06d7363 

Instructions: (pc=0x779135d2)
0x779135b2:   89 44 24 10 c1 e0 02 50 51 8d 44 24 1c 50 e8 6f
0x779135c2:   50 02 00 83 c4 0c 8d 04 24 50 ff 15 04 84 9c 77
0x779135d2:   8b 4c 24 54 33 cc e8 f3 bc 01 00 8b e5 5d c2 10
0x779135e2:   00 83 64 24 10 00 eb de 6a 0f 58 eb c3 cc cc cc 


Register to memory mapping:

EAX=0x1a79d290 is pointing into the stack for thread: 0x18bddc00
EBX=0x1a79d344 is pointing into the stack for thread: 0x18bddc00
ECX=0x00000003 is an unknown value
EDX=0x00000000 is an unknown value
ESP=0x1a79d290 is pointing into the stack for thread: 0x18bddc00
EBP=0x1a79d2e8 is pointing into the stack for thread: 0x18bddc00
ESI=0x73e214a8 is an unknown value
EDI=0x78aa4e00 is an unknown value


Stack: [0x1a760000,0x1a7b0000],  sp=0x1a79d290,  free space=244k
Native frames: (J=compiled Java code, j=interpreted, Vv=VM code, C=native code)
C  [KERNELBASE.dll+0x1135d2]
C  [VCRUNTIME140.dll+0x4a25]
C  [opencv_core2413.dll+0x14e9f4]
C  [opencv_core2413.dll+0xd490]
C  [opencv_core2413.dll+0xd5a0]
C  [opencv_core2413.dll+0xf9c24]
C  [opencv_highgui2413.dll+0x501a]
C  [opencv_highgui2413.dll+0x5ef0]
C  [opencv_highgui2413.dll+0x595e]
C  [YukaFaceHelper.dll+0x1e34]
C  0x00000002

Java frames: (J=compiled Java code, j=interpreted, Vv=VM code)
j  com.sun.jna.Function.invokeDouble(I[Ljava/lang/Object;)D+0
j  com.sun.jna.Function.invoke([Ljava/lang/Object;Ljava/lang/Class;)Ljava/lang/Object;+465
J 3237 C1 com.sun.jna.Function.invoke(Ljava/lang/Class;[Ljava/lang/Object;Ljava/util/Map;)Ljava/lang/Object; (552 bytes) @ 0x03125480 [0x031250a0+0x3e0]
j  com.sun.jna.Library$Handler.invoke(Ljava/lang/Object;Ljava/lang/reflect/Method;[Ljava/lang/Object;)Ljava/lang/Object;+344
j  com.sun.proxy.$Proxy86.YK_Compare_JAVA([BI[BI)D+35
J 3267 C1 com.atguigu.springboot.controller.CodePersonController.uplaod(Ljavax/servlet/http/HttpServletRequest;Ljava/lang/String;Lorg/springframework/ui/Model;)Ljava/lang/String; (866 bytes) @ 0x03433504 [0x03432370+0x1194]
v  ~StubRoutines::call_stub
J 2280  sun.reflect.NativeMethodAccessorImpl.invoke0(Ljava/lang/reflect/Method;Ljava/lang/Object;[Ljava/lang/Object;)Ljava/lang/Object; (0 bytes) @ 0x03005c9d [0x03005c20+0x7d]
J 2279 C1 sun.reflect.NativeMethodAccessorImpl.invoke(Ljava/lang/Object;[Ljava/lang/Object;)Ljava/lang/Object; (104 bytes) @ 0x02fe8090 [0x02fe7e00+0x290]
J 600 C1 sun.reflect.DelegatingMethodAccessorImpl.invoke(Ljava/lang/Object;[Ljava/lang/Object;)Ljava/lang/Object; (10 bytes) @ 0x0305ef00 [0x0305eed0+0x30]
J 599 C1 java.lang.reflect.Method.invoke(Ljava/lang/Object;[Ljava/lang/Object;)Ljava/lang/Object; (62 bytes) @ 0x0305ec3c [0x0305eb80+0xbc]
j  org.springframework.web.method.support.InvocableHandlerMethod.doInvoke([Ljava/lang/Object;)Ljava/lang/Object;+16
j  org.springframework.web.method.support.InvocableHandlerMethod.invokeForRequest(Lorg/springframework/web/context/request/NativeWebRequest;Lorg/springframework/web/method/support/ModelAndViewContainer;[Ljava/lang/Object;)Ljava/lang/Object;+75
j  org.springframework.web.servlet.mvc.method.annotation.ServletInvocableHandlerMethod.invokeAndHandle(Lorg/springframework/web/context/request/ServletWebRequest;Lorg/springframework/web/method/support/ModelAndViewContainer;[Ljava/lang/Object;)V+4
j  org.springframework.web.servlet.mvc.method.annotation.RequestMappingHandlerAdapter.invokeHandlerMethod(Ljavax/servlet/http/HttpServletRequest;Ljavax/servlet/http/HttpServletResponse;Lorg/springframework/web/method/HandlerMethod;)Lorg/springframework/web/servlet/ModelAndView;+262
j  org.springframework.web.servlet.mvc.method.annotation.RequestMappingHandlerAdapter.handleInternal(Ljavax/servlet/http/HttpServletRequest;Ljavax/servlet/http/HttpServletResponse;Lorg/springframework/web/method/HandlerMethod;)Lorg/springframework/web/servlet/ModelAndView;+81
j  org.springframework.web.servlet.mvc.method.AbstractHandlerMethodAdapter.handle(Ljavax/servlet/http/HttpServletRequest;Ljavax/servlet/http/HttpServletResponse;Ljava/lang/Object;)Lorg/springframework/web/servlet/ModelAndView;+7
j  org.springframework.web.servlet.DispatcherServlet.doDispatch(Ljavax/servlet/http/HttpServletRequest;Ljavax/servlet/http/HttpServletResponse;)V+318
j  org.springframework.web.servlet.DispatcherServlet.doService(Ljavax/servlet/http/HttpServletRequest;Ljavax/servlet/http/HttpServletResponse;)V+301
j  org.springframework.web.servlet.FrameworkServlet.processRequest(Ljavax/servlet/http/HttpServletRequest;Ljavax/servlet/http/HttpServletResponse;)V+71
j  org.springframework.web.servlet.FrameworkServlet.doPost(Ljavax/servlet/http/HttpServletRequest;Ljavax/servlet/http/HttpServletResponse;)V+3
j  javax.servlet.http.HttpServlet.service(Ljavax/servlet/http/HttpServletRequest;Ljavax/servlet/http/HttpServletResponse;)V+149
j  org.springframework.web.servlet.FrameworkServlet.service(Ljavax/servlet/http/HttpServletRequest;Ljavax/servlet/http/HttpServletResponse;)V+33
j  javax.servlet.http.HttpServlet.service(Ljavax/servlet/ServletRequest;Ljavax/servlet/ServletResponse;)V+30
j  org.apache.catalina.core.ApplicationFilterChain.internalDoFilter(Ljavax/servlet/ServletRequest;Ljavax/servlet/ServletResponse;)V+304
j  org.apache.catalina.core.ApplicationFilterChain.doFilter(Ljavax/servlet/ServletRequest;Ljavax/servlet/ServletResponse;)V+101
j  org.apache.tomcat.websocket.server.WsFilter.doFilter(Ljavax/servlet/ServletRequest;Ljavax/servlet/ServletResponse;Ljavax/servlet/FilterChain;)V+21
j  org.apache.catalina.core.ApplicationFilterChain.internalDoFilter(Ljavax/servlet/ServletRequest;Ljavax/servlet/ServletResponse;)V+135
j  org.apache.catalina.core.ApplicationFilterChain.doFilter(Ljavax/servlet/ServletRequest;Ljavax/servlet/ServletResponse;)V+101
j  com.alibaba.druid.support.http.WebStatFilter.doFilter(Ljavax/servlet/ServletRequest;Ljavax/servlet/ServletResponse;Ljavax/servlet/FilterChain;)V+190
j  org.apache.catalina.core.ApplicationFilterChain.internalDoFilter(Ljavax/servlet/ServletRequest;Ljavax/servlet/ServletResponse;)V+135
j  org.apache.catalina.core.ApplicationFilterChain.doFilter(Ljavax/servlet/ServletRequest;Ljavax/servlet/ServletResponse;)V+101
j  org.springframework.web.filter.RequestContextFilter.doFilterInternal(Ljavax/servlet/http/HttpServletRequest;Ljavax/servlet/http/HttpServletResponse;Ljavax/servlet/FilterChain;)V+21
j  org.springframework.web.filter.OncePerRequestFilter.doFilter(Ljavax/servlet/ServletRequest;Ljavax/servlet/ServletResponse;Ljavax/servlet/FilterChain;)V+111
j  org.apache.catalina.core.ApplicationFilterChain.internalDoFilter(Ljavax/servlet/ServletRequest;Ljavax/servlet/ServletResponse;)V+135
j  org.apache.catalina.core.ApplicationFilterChain.doFilter(Ljavax/servlet/ServletRequest;Ljavax/servlet/ServletResponse;)V+101
j  org.springframework.web.filter.HttpPutFormContentFilter.doFilterInternal(Ljavax/servlet/http/HttpServletRequest;Ljavax/servlet/http/HttpServletResponse;Ljavax/servlet/FilterChain;)V+95
j  org.springframework.web.filter.OncePerRequestFilter.doFilter(Ljavax/servlet/ServletRequest;Ljavax/servlet/ServletResponse;Ljavax/servlet/FilterChain;)V+111
j  org.apache.catalina.core.ApplicationFilterChain.internalDoFilter(Ljavax/servlet/ServletRequest;Ljavax/servlet/ServletResponse;)V+135
j  org.apache.catalina.core.ApplicationFilterChain.doFilter(Ljavax/servlet/ServletRequest;Ljavax/servlet/ServletResponse;)V+101
j  org.springframework.web.filter.HiddenHttpMethodFilter.doFilterInternal(Ljavax/servlet/http/HttpServletRequest;Ljavax/servlet/http/HttpServletResponse;Ljavax/servlet/FilterChain;)V+64
j  org.springframework.web.filter.OncePerRequestFilter.doFilter(Ljavax/servlet/ServletRequest;Ljavax/servlet/ServletResponse;Ljavax/servlet/FilterChain;)V+111
j  org.apache.catalina.core.ApplicationFilterChain.internalDoFilter(Ljavax/servlet/ServletRequest;Ljavax/servlet/ServletResponse;)V+135
j  org.apache.catalina.core.ApplicationFilterChain.doFilter(Ljavax/servlet/ServletRequest;Ljavax/servlet/ServletResponse;)V+101
j  org.springframework.web.filter.CharacterEncodingFilter.doFilterInternal(Ljavax/servlet/http/HttpServletRequest;Ljavax/servlet/http/HttpServletResponse;Ljavax/servlet/FilterChain;)V+53
j  org.springframework.web.filter.OncePerRequestFilter.doFilter(Ljavax/servlet/ServletRequest;Ljavax/servlet/ServletResponse;Ljavax/servlet/FilterChain;)V+111
j  org.apache.catalina.core.ApplicationFilterChain.internalDoFilter(Ljavax/servlet/ServletRequest;Ljavax/servlet/ServletResponse;)V+135
j  org.apache.catalina.core.ApplicationFilterChain.doFilter(Ljavax/servlet/ServletRequest;Ljavax/servlet/ServletResponse;)V+101
j  org.apache.catalina.core.StandardWrapperValve.invoke(Lorg/apache/catalina/connector/Request;Lorg/apache/catalina/connector/Response;)V+688
j  org.apache.catalina.core.StandardContextValve.invoke(Lorg/apache/catalina/connector/Request;Lorg/apache/catalina/connector/Response;)V+166
j  org.apache.catalina.authenticator.AuthenticatorBase.invoke(Lorg/apache/catalina/connector/Request;Lorg/apache/catalina/connector/Response;)V+272
j  org.apache.catalina.core.StandardHostValve.invoke(Lorg/apache/catalina/connector/Request;Lorg/apache/catalina/connector/Response;)V+138
j  org.apache.catalina.valves.ErrorReportValve.invoke(Lorg/apache/catalina/connector/Request;Lorg/apache/catalina/connector/Response;)V+6
j  org.apache.catalina.core.StandardEngineValve.invoke(Lorg/apache/catalina/connector/Request;Lorg/apache/catalina/connector/Response;)V+71
j  org.apache.catalina.connector.CoyoteAdapter.service(Lorg/apache/coyote/Request;Lorg/apache/coyote/Response;)V+199
j  org.apache.coyote.http11.Http11Processor.service(Lorg/apache/tomcat/util/net/SocketWrapperBase;)Lorg/apache/tomcat/util/net/AbstractEndpoint$Handler$SocketState;+806
j  org.apache.coyote.AbstractProcessorLight.process(Lorg/apache/tomcat/util/net/SocketWrapperBase;Lorg/apache/tomcat/util/net/SocketEvent;)Lorg/apache/tomcat/util/net/AbstractEndpoint$Handler$SocketState;+113
j  org.apache.coyote.AbstractProtocol$ConnectionHandler.process(Lorg/apache/tomcat/util/net/SocketWrapperBase;Lorg/apache/tomcat/util/net/SocketEvent;)Lorg/apache/tomcat/util/net/AbstractEndpoint$Handler$SocketState;+378
j  org.apache.tomcat.util.net.NioEndpoint$SocketProcessor.doRun()V+191
j  org.apache.tomcat.util.net.SocketProcessorBase.run()V+21
j  java.util.concurrent.ThreadPoolExecutor.runWorker(Ljava/util/concurrent/ThreadPoolExecutor$Worker;)V+95
j  java.util.concurrent.ThreadPoolExecutor$Worker.run()V+5
j  org.apache.tomcat.util.threads.TaskThread$WrappingRunnable.run()V+4
j  java.lang.Thread.run()V+11
v  ~StubRoutines::call_stub

---------------  P R O C E S S  ---------------

Java Threads: ( => current thread )
  0x18bde800 JavaThread "DestroyJavaVM" [_thread_blocked, id=16872, stack(0x027a0000,0x027f0000)]
  0x18be2400 JavaThread "http-nio-8083-AsyncTimeout" daemon [_thread_blocked, id=17564, stack(0x1a9a0000,0x1a9f0000)]
  0x18be2000 JavaThread "http-nio-8083-Acceptor-0" daemon [_thread_in_native, id=17568, stack(0x1a910000,0x1a960000)]
  0x18be1800 JavaThread "http-nio-8083-ClientPoller-1" daemon [_thread_in_native, id=17528, stack(0x1a880000,0x1a8d0000)]
  0x18be0c00 JavaThread "http-nio-8083-ClientPoller-0" daemon [_thread_in_native, id=17548, stack(0x1a7f0000,0x1a840000)]
=>0x18bddc00 JavaThread "http-nio-8083-exec-10" daemon [_thread_in_native, id=17592, stack(0x1a760000,0x1a7b0000)]
  0x18bdf400 JavaThread "http-nio-8083-exec-9" daemon [_thread_blocked, id=17560, stack(0x1a6d0000,0x1a720000)]
  0x18bdc000 JavaThread "http-nio-8083-exec-8" daemon [_thread_blocked, id=17572, stack(0x1a640000,0x1a690000)]
  0x18bdec00 JavaThread "http-nio-8083-exec-7" daemon [_thread_blocked, id=10208, stack(0x1a5b0000,0x1a600000)]
  0x18be2c00 JavaThread "http-nio-8083-exec-6" daemon [_thread_blocked, id=8812, stack(0x1a520000,0x1a570000)]
  0x18bdf800 JavaThread "http-nio-8083-exec-5" daemon [_thread_blocked, id=17416, stack(0x1a490000,0x1a4e0000)]
  0x18bdbc00 JavaThread "http-nio-8083-exec-4" daemon [_thread_blocked, id=17420, stack(0x1a400000,0x1a450000)]
  0x17845800 JavaThread "http-nio-8083-exec-3" daemon [_thread_blocked, id=18340, stack(0x1a370000,0x1a3c0000)]
  0x17845000 JavaThread "http-nio-8083-exec-2" daemon [_thread_blocked, id=18424, stack(0x1a2e0000,0x1a330000)]
  0x17848800 JavaThread "http-nio-8083-exec-1" daemon [_thread_blocked, id=18412, stack(0x1a250000,0x1a2a0000)]
  0x17846400 JavaThread "NioBlockingSelector.BlockPoller-1" daemon [_thread_in_native, id=18408, stack(0x1a1c0000,0x1a210000)]
  0x17845c00 JavaThread "Druid-ConnectionPool-Destroy-25504585" daemon [_thread_blocked, id=18296, stack(0x19920000,0x19970000)]
  0x17847c00 JavaThread "Druid-ConnectionPool-Create-25504585" daemon [_thread_blocked, id=18292, stack(0x19890000,0x198e0000)]
  0x17847800 JavaThread "Abandoned connection cleanup thread" daemon [_thread_blocked, id=18192, stack(0x19700000,0x19750000)]
  0x17847000 JavaThread "container-0" [_thread_blocked, id=17808, stack(0x185a0000,0x185f0000)]
  0x17846c00 JavaThread "ContainerBackgroundProcessor[StandardEngine[Tomcat]]" daemon [_thread_blocked, id=17796, stack(0x18510000,0x18560000)]
  0x16d11800 JavaThread "RMI Scheduler(0)" daemon [_thread_blocked, id=13316, stack(0x16e50000,0x16ea0000)]
  0x16ce7c00 JavaThread "RMI TCP Accept-0" daemon [_thread_in_native, id=7584, stack(0x167a0000,0x167f0000)]
  0x16cb1000 JavaThread "RMI TCP Accept-50421" daemon [_thread_in_native, id=16564, stack(0x16710000,0x16760000)]
  0x16cc0c00 JavaThread "RMI TCP Accept-0" daemon [_thread_in_native, id=7112, stack(0x16680000,0x166d0000)]
  0x16b84c00 JavaThread "Service Thread" daemon [_thread_blocked, id=14520, stack(0x165f0000,0x16640000)]
  0x16b5f800 JavaThread "C1 CompilerThread0" daemon [_thread_blocked, id=11380, stack(0x16560000,0x165b0000)]
  0x16b5d800 JavaThread "Monitor Ctrl-Break" daemon [_thread_in_native, id=5908, stack(0x164d0000,0x16520000)]
  0x02e92400 JavaThread "Attach Listener" daemon [_thread_blocked, id=16944, stack(0x16240000,0x16290000)]
  0x02eb0400 JavaThread "Signal Dispatcher" daemon [_thread_blocked, id=17120, stack(0x161b0000,0x16200000)]
  0x02e1e000 JavaThread "Finalizer" daemon [_thread_blocked, id=6688, stack(0x15b40000,0x15b90000)]
  0x02e1cc00 JavaThread "Reference Handler" daemon [_thread_blocked, id=17348, stack(0x15ab0000,0x15b00000)]

Other Threads:
  0x02e19800 VMThread [stack: 0x04f80000,0x04fd0000] [id=16904]
  0x16ce8c00 WatcherThread [stack: 0x16910000,0x16960000] [id=13140]

VM state:not at safepoint (normal execution)

VM Mutex/Monitor currently owned by a thread: None

Heap:
 def new generation   total 18368K, used 3206K [0x05000000, 0x063e0000, 0x0a550000)
  eden space 16384K,  18% used [0x05000000, 0x053089d0, 0x06000000)
  from space 1984K,   5% used [0x061f0000, 0x062090c0, 0x063e0000)
  to   space 1984K,   0% used [0x06000000, 0x06000000, 0x061f0000)
 tenured generation   total 40680K, used 34738K [0x0a550000, 0x0cd0a000, 0x15000000)
   the space 40680K,  85% used [0x0a550000, 0x0c73c888, 0x0c73ca00, 0x0cd0a000)
 Metaspace       used 30471K, capacity 30785K, committed 30976K, reserved 31104K

Card table byte_map: [0x04ef0000,0x04f80000] byte_map_base: 0x04ec8000

Polling page: 0x00fc0000

CodeCache: size=32768Kb used=5259Kb max_used=5362Kb free=27508Kb
 bounds [0x02ef0000, 0x03440000, 0x04ef0000]
 total_blobs=2739 nmethods=2282 adapters=387
 compilation: enabled

Compilation events (10 events):
Event: 427.358 Thread 0x16b5f800 3278             org.springframework.util.AntPathMatcher::tokenizePattern (91 bytes)
Event: 427.359 Thread 0x16b5f800 nmethod 3278 0x0303ec48 code [0x0303eda0, 0x0303efd8]
Event: 427.362 Thread 0x16b5f800 3279             org.apache.catalina.core.ApplicationHttpRequest::getAttribute (105 bytes)
Event: 427.362 Thread 0x16b5f800 nmethod 3279 0x0314ee48 code [0x0314efb0, 0x0314f208]
Event: 517.593 Thread 0x16b5f800 3280             com.alibaba.druid.filter.FilterAdapter::resultSet_next (8 bytes)
Event: 517.593 Thread 0x16b5f800 nmethod 3280 0x0314e908 code [0x0314ea50, 0x0314ec10]
Event: 517.594 Thread 0x16b5f800 3281   !         com.alibaba.druid.pool.DruidPooledResultSet::getLong (18 bytes)
Event: 517.594 Thread 0x16b5f800 nmethod 3281 0x0314fa88 code [0x0314fba0, 0x0314fc98]
Event: 517.595 Thread 0x16b5f800 3282             com.alibaba.druid.proxy.jdbc.ResultSetProxyImpl::getLong (19 bytes)
Event: 517.595 Thread 0x16b5f800 nmethod 3282 0x0303e988 code [0x0303ea90, 0x0303eb68]

GC Heap History (10 events):
Event: 179.450 GC heap before
{Heap before GC invocations=115 (full 3):
 def new generation   total 18368K, used 17433K [0x05000000, 0x063e0000, 0x0a550000)
  eden space 16384K, 100% used [0x05000000, 0x06000000, 0x06000000)
  from space 1984K,  52% used [0x06000000, 0x06106798, 0x061f0000)
  to   space 1984K,   0% used [0x061f0000, 0x061f0000, 0x063e0000)
 tenured generation   total 40680K, used 34412K [0x0a550000, 0x0cd0a000, 0x15000000)
   the space 40680K,  84% used [0x0a550000, 0x0c6eb120, 0x0c6eb200, 0x0cd0a000)
 Metaspace       used 30465K, capacity 30783K, committed 30976K, reserved 31104K
Event: 179.456 GC heap after
Heap after GC invocations=116 (full 3):
 def new generation   total 18368K, used 410K [0x05000000, 0x063e0000, 0x0a550000)
  eden space 16384K,   0% used [0x05000000, 0x05000000, 0x06000000)
  from space 1984K,  20% used [0x061f0000, 0x06256aa8, 0x063e0000)
  to   space 1984K,   0% used [0x06000000, 0x06000000, 0x061f0000)
 tenured generation   total 40680K, used 34448K [0x0a550000, 0x0cd0a000, 0x15000000)
   the space 40680K,  84% used [0x0a550000, 0x0c6f41f0, 0x0c6f4200, 0x0cd0a000)
 Metaspace       used 30465K, capacity 30783K, committed 30976K, reserved 31104K
}
Event: 234.329 GC heap before
{Heap before GC invocations=116 (full 3):
 def new generation   total 18368K, used 16418K [0x05000000, 0x063e0000, 0x0a550000)
  eden space 16384K,  97% used [0x05000000, 0x05fa1f10, 0x06000000)
  from space 1984K,  20% used [0x061f0000, 0x06256aa8, 0x063e0000)
  to   space 1984K,   0% used [0x06000000, 0x06000000, 0x061f0000)
 tenured generation   total 40680K, used 34448K [0x0a550000, 0x0cd0a000, 0x15000000)
   the space 40680K,  84% used [0x0a550000, 0x0c6f41f0, 0x0c6f4200, 0x0cd0a000)
 Metaspace       used 30469K, capacity 30783K, committed 30976K, reserved 31104K
Event: 234.335 GC heap after
Heap after GC invocations=117 (full 3):
 def new generation   total 18368K, used 1262K [0x05000000, 0x063e0000, 0x0a550000)
  eden space 16384K,   0% used [0x05000000, 0x05000000, 0x06000000)
  from space 1984K,  63% used [0x06000000, 0x0613b878, 0x061f0000)
  to   space 1984K,   0% used [0x061f0000, 0x061f0000, 0x063e0000)
 tenured generation   total 40680K, used 34448K [0x0a550000, 0x0cd0a000, 0x15000000)
   the space 40680K,  84% used [0x0a550000, 0x0c6f41f0, 0x0c6f4200, 0x0cd0a000)
 Metaspace       used 30469K, capacity 30783K, committed 30976K, reserved 31104K
}
Event: 317.496 GC heap before
{Heap before GC invocations=117 (full 3):
 def new generation   total 18368K, used 17414K [0x05000000, 0x063e0000, 0x0a550000)
  eden space 16384K,  98% used [0x05000000, 0x05fc6048, 0x06000000)
  from space 1984K,  63% used [0x06000000, 0x0613b878, 0x061f0000)
  to   space 1984K,   0% used [0x061f0000, 0x061f0000, 0x063e0000)
 tenured generation   total 40680K, used 34448K [0x0a550000, 0x0cd0a000, 0x15000000)
   the space 40680K,  84% used [0x0a550000, 0x0c6f41f0, 0x0c6f4200, 0x0cd0a000)
 Metaspace       used 30470K, capacity 30783K, committed 30976K, reserved 31104K
Event: 317.499 GC heap after
Heap after GC invocations=118 (full 3):
 def new generation   total 18368K, used 1015K [0x05000000, 0x063e0000, 0x0a550000)
  eden space 16384K,   0% used [0x05000000, 0x05000000, 0x06000000)
  from space 1984K,  51% used [0x061f0000, 0x062edcf8, 0x063e0000)
  to   space 1984K,   0% used [0x06000000, 0x06000000, 0x061f0000)
 tenured generation   total 40680K, used 34729K [0x0a550000, 0x0cd0a000, 0x15000000)
   the space 40680K,  85% used [0x0a550000, 0x0c73a770, 0x0c73a800, 0x0cd0a000)
 Metaspace       used 30470K, capacity 30783K, committed 30976K, reserved 31104K
}
Event: 360.024 GC heap before
{Heap before GC invocations=118 (full 3):
 def new generation   total 18368K, used 17237K [0x05000000, 0x063e0000, 0x0a550000)
  eden space 16384K,  99% used [0x05000000, 0x05fd7928, 0x06000000)
  from space 1984K,  51% used [0x061f0000, 0x062edcf8, 0x063e0000)
  to   space 1984K,   0% used [0x06000000, 0x06000000, 0x061f0000)
 tenured generation   total 40680K, used 34729K [0x0a550000, 0x0cd0a000, 0x15000000)
   the space 40680K,  85% used [0x0a550000, 0x0c73a770, 0x0c73a800, 0x0cd0a000)
 Metaspace       used 30470K, capacity 30783K, committed 30976K, reserved 31104K
Event: 360.028 GC heap after
Heap after GC invocations=119 (full 3):
 def new generation   total 18368K, used 5K [0x05000000, 0x063e0000, 0x0a550000)
  eden space 16384K,   0% used [0x05000000, 0x05000000, 0x06000000)
  from space 1984K,   0% used [0x06000000, 0x060017c8, 0x061f0000)
  to   space 1984K,   0% used [0x061f0000, 0x061f0000, 0x063e0000)
 tenured generation   total 40680K, used 34738K [0x0a550000, 0x0cd0a000, 0x15000000)
   the space 40680K,  85% used [0x0a550000, 0x0c73c888, 0x0c73ca00, 0x0cd0a000)
 Metaspace       used 30470K, capacity 30783K, committed 30976K, reserved 31104K
}
Event: 519.034 GC heap before
{Heap before GC invocations=119 (full 3):
 def new generation   total 18368K, used 15715K [0x05000000, 0x063e0000, 0x0a550000)
  eden space 16384K,  95% used [0x05000000, 0x05f577e8, 0x06000000)
  from space 1984K,   0% used [0x06000000, 0x060017c8, 0x061f0000)
  to   space 1984K,   0% used [0x061f0000, 0x061f0000, 0x063e0000)
 tenured generation   total 40680K, used 34738K [0x0a550000, 0x0cd0a000, 0x15000000)
   the space 40680K,  85% used [0x0a550000, 0x0c73c888, 0x0c73ca00, 0x0cd0a000)
 Metaspace       used 30471K, capacity 30785K, committed 30976K, reserved 31104K
Event: 519.039 GC heap after
Heap after GC invocations=120 (full 3):
 def new generation   total 18368K, used 100K [0x05000000, 0x063e0000, 0x0a550000)
  eden space 16384K,   0% used [0x05000000, 0x05000000, 0x06000000)
  from space 1984K,   5% used [0x061f0000, 0x062090c0, 0x063e0000)
  to   space 1984K,   0% used [0x06000000, 0x06000000, 0x061f0000)
 tenured generation   total 40680K, used 34738K [0x0a550000, 0x0cd0a000, 0x15000000)
   the space 40680K,  85% used [0x0a550000, 0x0c73c888, 0x0c73ca00, 0x0cd0a000)
 Metaspace       used 30471K, capacity 30785K, committed 30976K, reserved 31104K
}

Deoptimization events (0 events):
No events

Internal exceptions (10 events):
Event: 23.526 Thread 0x17845000 Exception <a 'java/lang/ArrayIndexOutOfBoundsException'> (0x0542fe40) thrown at [C:\re\workspace\8-2-build-windows-i586-cygwin\jdk8u66\4988\hotspot\src\share\vm\runtime\sharedRuntime.cpp, line 605]
Event: 23.527 Thread 0x18bdf800 Exception <a 'java/lang/ArrayIndexOutOfBoundsException'> (0x0543e7b8) thrown at [C:\re\workspace\8-2-build-windows-i586-cygwin\jdk8u66\4988\hotspot\src\share\vm\runtime\sharedRuntime.cpp, line 605]
Event: 23.527 Thread 0x17845000 Exception <a 'java/lang/ArrayIndexOutOfBoundsException'> (0x05431a48) thrown at [C:\re\workspace\8-2-build-windows-i586-cygwin\jdk8u66\4988\hotspot\src\share\vm\runtime\sharedRuntime.cpp, line 605]
Event: 23.558 Thread 0x18bdf800 Exception <a 'java/lang/ArrayIndexOutOfBoundsException'> (0x055de0c8) thrown at [C:\re\workspace\8-2-build-windows-i586-cygwin\jdk8u66\4988\hotspot\src\share\vm\runtime\sharedRuntime.cpp, line 605]
Event: 23.558 Thread 0x17845000 Exception <a 'java/lang/ArrayIndexOutOfBoundsException'> (0x056402d0) thrown at [C:\re\workspace\8-2-build-windows-i586-cygwin\jdk8u66\4988\hotspot\src\share\vm\runtime\sharedRuntime.cpp, line 605]
Event: 23.574 Thread 0x18bdf800 Exception <a 'java/lang/ArrayIndexOutOfBoundsException'> (0x057ce6c0) thrown at [C:\re\workspace\8-2-build-windows-i586-cygwin\jdk8u66\4988\hotspot\src\share\vm\runtime\sharedRuntime.cpp, line 605]
Event: 25.777 Thread 0x18bdf800 Exception <a 'java/io/FileNotFoundException'> (0x05abbb70) thrown at [C:\re\workspace\8-2-build-windows-i586-cygwin\jdk8u66\4988\hotspot\src\share\vm\prims\jni.cpp, line 709]
Event: 25.778 Thread 0x18bdf800 Exception <a 'java/io/FileNotFoundException'> (0x05abc520) thrown at [C:\re\workspace\8-2-build-windows-i586-cygwin\jdk8u66\4988\hotspot\src\share\vm\prims\jni.cpp, line 709]
Event: 34.863 Thread 0x18bdbc00 Exception <a 'java/lang/ArrayIndexOutOfBoundsException'> (0x05fb31e0) thrown at [C:\re\workspace\8-2-build-windows-i586-cygwin\jdk8u66\4988\hotspot\src\share\vm\runtime\sharedRuntime.cpp, line 605]
Event: 35.036 Thread 0x18bdbc00 Exception <a 'java/lang/ArrayIndexOutOfBoundsException'> (0x05c2eb28) thrown at [C:\re\workspace\8-2-build-windows-i586-cygwin\jdk8u66\4988\hotspot\src\share\vm\runtime\sharedRuntime.cpp, line 605]

Events (10 events):
Event: 517.594 Thread 0x16b5f800 flushing nmethod 0x03136788
Event: 517.594 Thread 0x16b5f800 flushing nmethod 0x03136988
Event: 517.594 Thread 0x16b5f800 flushing nmethod 0x03136f88
Event: 517.594 Thread 0x16b5f800 flushing nmethod 0x03137148
Event: 517.594 Thread 0x16b5f800 flushing nmethod 0x03151948
Event: 517.594 Thread 0x16b5f800 flushing nmethod 0x03156288
Event: 517.594 Thread 0x16b5f800 flushing nmethod 0x03156808
Event: 517.594 Thread 0x16b5f800 flushing nmethod 0x03157d08
Event: 519.033 Executing VM operation: GenCollectForAllocation
Event: 519.039 Executing VM operation: GenCollectForAllocation done


Dynamic libraries:
0x00160000 - 0x00193000 	C:\Program Files (x86)\Java\jdk1.8.0_66\bin\java.exe
0x77b80000 - 0x77d1a000 	C:\WINDOWS\SYSTEM32\ntdll.dll
0x76b90000 - 0x76c70000 	C:\WINDOWS\System32\KERNEL32.DLL
0x77800000 - 0x779fc000 	C:\WINDOWS\System32\KERNELBASE.dll
0x6e940000 - 0x6e9df000 	C:\WINDOWS\SYSTEM32\apphelp.dll
0x75dc0000 - 0x75e39000 	C:\WINDOWS\System32\ADVAPI32.dll
0x77a00000 - 0x77abf000 	C:\WINDOWS\System32\msvcrt.dll
0x75c30000 - 0x75ca6000 	C:\WINDOWS\System32\sechost.dll
0x75cb0000 - 0x75d6b000 	C:\WINDOWS\System32\RPCRT4.dll
0x75350000 - 0x75370000 	C:\WINDOWS\System32\SspiCli.dll
0x75340000 - 0x7534a000 	C:\WINDOWS\System32\CRYPTBASE.dll
0x77b10000 - 0x77b6f000 	C:\WINDOWS\System32\bcryptPrimitives.dll
0x76100000 - 0x76297000 	C:\WINDOWS\System32\USER32.dll
0x75ae0000 - 0x75af7000 	C:\WINDOWS\System32\win32u.dll
0x77530000 - 0x77551000 	C:\WINDOWS\System32\GDI32.dll
0x75ef0000 - 0x7604a000 	C:\WINDOWS\System32\gdi32full.dll
0x75370000 - 0x753ec000 	C:\WINDOWS\System32\msvcp_win.dll
0x77680000 - 0x7779f000 	C:\WINDOWS\System32\ucrtbase.dll
0x6c330000 - 0x6c53f000 	C:\WINDOWS\WinSxS\x86_microsoft.windows.common-controls_6595b64144ccf1df_6.0.18362.592_none_2e6de868278ee708\COMCTL32.dll
0x75860000 - 0x75ad6000 	C:\WINDOWS\System32\combase.dll
0x75b00000 - 0x75b25000 	C:\WINDOWS\System32\IMM32.DLL
0x55ac0000 - 0x55b7f000 	C:\Program Files (x86)\Java\jdk1.8.0_66\jre\bin\msvcr100.dll
0x54340000 - 0x54705000 	C:\Program Files (x86)\Java\jdk1.8.0_66\jre\bin\client\jvm.dll
0x75db0000 - 0x75db6000 	C:\WINDOWS\System32\PSAPI.DLL
0x72170000 - 0x72178000 	C:\WINDOWS\SYSTEM32\WSOCK32.dll
0x762a0000 - 0x762fe000 	C:\WINDOWS\System32\WS2_32.dll
0x74ed0000 - 0x74ef4000 	C:\WINDOWS\SYSTEM32\WINMM.dll
0x75330000 - 0x75338000 	C:\WINDOWS\SYSTEM32\VERSION.dll
0x74ea0000 - 0x74ec3000 	C:\WINDOWS\SYSTEM32\WINMMBASE.dll
0x75d70000 - 0x75dab000 	C:\WINDOWS\System32\cfgmgr32.dll
0x61850000 - 0x6185c000 	C:\Program Files (x86)\Java\jdk1.8.0_66\jre\bin\verify.dll
0x55a90000 - 0x55ab1000 	C:\Program Files (x86)\Java\jdk1.8.0_66\jre\bin\java.dll
0x55950000 - 0x55970000 	C:\Program Files (x86)\Java\jdk1.8.0_66\jre\bin\instrument.dll
0x55970000 - 0x55983000 	C:\Program Files (x86)\Java\jdk1.8.0_66\jre\bin\zip.dll
0x76c80000 - 0x771fa000 	C:\WINDOWS\System32\SHELL32.dll
0x774a0000 - 0x77524000 	C:\WINDOWS\System32\shcore.dll
0x76300000 - 0x768c5000 	C:\WINDOWS\System32\windows.storage.dll
0x77660000 - 0x77677000 	C:\WINDOWS\System32\profapi.dll
0x760b0000 - 0x760f3000 	C:\WINDOWS\System32\powrprof.dll
0x76950000 - 0x7695d000 	C:\WINDOWS\System32\UMPDC.dll
0x76960000 - 0x769a4000 	C:\WINDOWS\System32\shlwapi.dll
0x769b0000 - 0x769bf000 	C:\WINDOWS\System32\kernel.appcore.dll
0x753f0000 - 0x75403000 	C:\WINDOWS\System32\cryptsp.dll
0x55930000 - 0x55946000 	D:\IDEA\IntelliJ IDEA 2018.3.3\bin\breakgen.dll
0x55830000 - 0x55846000 	C:\Program Files (x86)\Java\jdk1.8.0_66\jre\bin\net.dll
0x74050000 - 0x740a2000 	C:\WINDOWS\system32\mswsock.dll
0x5a9c0000 - 0x5a9ca000 	C:\Program Files (x86)\Java\jdk1.8.0_66\jre\bin\management.dll
0x613e0000 - 0x613ef000 	C:\Program Files (x86)\Java\jdk1.8.0_66\jre\bin\nio.dll
0x714d0000 - 0x714e1000 	C:\WINDOWS\system32\napinsp.dll
0x71430000 - 0x71446000 	C:\WINDOWS\system32\pnrpnsp.dll
0x74a40000 - 0x74ad1000 	C:\WINDOWS\SYSTEM32\DNSAPI.dll
0x76b70000 - 0x76b77000 	C:\WINDOWS\System32\NSI.dll
0x751c0000 - 0x751f2000 	C:\WINDOWS\SYSTEM32\IPHLPAPI.DLL
0x714c0000 - 0x714cb000 	C:\WINDOWS\System32\winrnr.dll
0x714a0000 - 0x714b6000 	C:\WINDOWS\system32\NLAapi.dll
0x71490000 - 0x714a0000 	C:\WINDOWS\system32\wshbth.dll
0x74cb0000 - 0x74cb8000 	C:\Windows\System32\rasadhlp.dll
0x71960000 - 0x719b1000 	C:\WINDOWS\System32\fwpuclnt.dll
0x769e0000 - 0x769f9000 	C:\WINDOWS\System32\bcrypt.dll
0x74ae0000 - 0x74b0f000 	C:\WINDOWS\system32\rsaenh.dll
0x75310000 - 0x7532e000 	C:\WINDOWS\SYSTEM32\USERENV.dll
0x740b0000 - 0x740c3000 	C:\WINDOWS\SYSTEM32\dhcpcsvc6.DLL
0x74e00000 - 0x74e15000 	C:\WINDOWS\SYSTEM32\dhcpcsvc.DLL
0x788e0000 - 0x78ad2000 	C:\Users\82038\Desktop\FaceSDK_x86\opencv_core2413.dll
0x70bf0000 - 0x70c61000 	C:\WINDOWS\SYSTEM32\MSVCP140.dll
0x73e20000 - 0x73e35000 	C:\WINDOWS\SYSTEM32\VCRUNTIME140.dll
0x51970000 - 0x519ab000 	C:\WINDOWS\SYSTEM32\CONCRT140.dll
0x78ae0000 - 0x78d24000 	C:\Users\82038\Desktop\FaceSDK_x86\opencv_imgproc2413.dll
0x78d30000 - 0x78f22000 	C:\Users\82038\Desktop\FaceSDK_x86\opencv_highgui2413.dll
0x77560000 - 0x77657000 	C:\WINDOWS\System32\ole32.dll
0x77200000 - 0x77292000 	C:\WINDOWS\System32\OLEAUT32.dll
0x719c0000 - 0x719e2000 	C:\WINDOWS\SYSTEM32\MSVFW32.dll
0x71b00000 - 0x71b14000 	C:\WINDOWS\SYSTEM32\AVICAP32.dll
0x54320000 - 0x5433b000 	C:\WINDOWS\SYSTEM32\AVIFIL32.dll
0x6e820000 - 0x6e839000 	C:\WINDOWS\SYSTEM32\MSACM32.dll
0x78f30000 - 0x798bc000 	C:\Users\82038\Desktop\FaceSDK_x86\THFeature.dll
0x70c70000 - 0x70cdb000 	C:\WINDOWS\SYSTEM32\WINSPOOL.DRV
0x740f0000 - 0x741b5000 	C:\WINDOWS\SYSTEM32\PROPSYS.dll
0x542f0000 - 0x54320000 	C:\Users\82038\Desktop\FaceSDK_x86\WKWIN32.dll
0x71930000 - 0x71959000 	C:\WINDOWS\SYSTEM32\ntmarta.dll
0x799c0000 - 0x79f3f000 	C:\Users\82038\Desktop\FaceSDK_x86\THFaceImage.dll
0x560b0000 - 0x560ba000 	C:\Users\82038\Desktop\FaceSDK_x86\YukaFaceHelper.dll
0x1c090000 - 0x1c0e2000 	C:\Users\82038\AppData\Local\Temp\jna1190273140385924895.tmp
0x6dd00000 - 0x6dd7a000 	C:\WINDOWS\system32\uxtheme.dll
0x768d0000 - 0x76950000 	C:\WINDOWS\System32\clbcatq.dll
0x56870000 - 0x56885000 	C:\Windows\System32\devenum.dll
0x75410000 - 0x75859000 	C:\WINDOWS\System32\setupapi.dll
0x723b0000 - 0x723d3000 	C:\WINDOWS\SYSTEM32\DEVOBJ.dll
0x77ac0000 - 0x77b06000 	C:\WINDOWS\System32\WINTRUST.dll
0x76c70000 - 0x76c7e000 	C:\WINDOWS\System32\MSASN1.dll
0x75b30000 - 0x75c2b000 	C:\WINDOWS\System32\CRYPT32.dll
0x56ca0000 - 0x56ca9000 	C:\WINDOWS\SYSTEM32\msdmo.dll
0x542b0000 - 0x542ef000 	C:\Windows\System32\mfksproxy.dll
0x54290000 - 0x542a7000 	C:\Windows\System32\ATL.DLL
0x7aa10000 - 0x7ab8d000 	C:\Windows\System32\MFPlat.DLL
0x7ab90000 - 0x7abba000 	C:\Windows\System32\RTWorkQ.DLL
0x7abc0000 - 0x7ac0f000 	C:\Windows\System32\MFSENSORGROUP.dll
0x7ac10000 - 0x7ac4e000 	C:\Windows\System32\ksproxy.ax
0x55f20000 - 0x560ae000 	C:\Windows\System32\d3d9.dll
0x6e860000 - 0x6e867000 	C:\Windows\System32\ksuser.dll
0x6c300000 - 0x6c325000 	C:\Windows\System32\dwmapi.dll
0x66680000 - 0x66699000 	C:\WINDOWS\SYSTEM32\dxcore.dll
0x56d00000 - 0x56d73000 	C:\WINDOWS\SYSTEM32\policymanager.dll
0x69650000 - 0x696b5000 	C:\Windows\System32\msvcp110_win.dll
0x55800000 - 0x5580b000 	C:\Windows\System32\vidcap.ax
0x77d20000 - 0x77d3f000 	C:\Windows\System32\kswdmcap.ax
0x7bde0000 - 0x7bf04000 	C:\Windows\System32\MFC42.dll
0x1c280000 - 0x1c4c4000 	C:\Users\82038\AppData\Local\Temp\~qqtempdat008633~.tmp
0x1e5f0000 - 0x20ae3000 	C:\Users\82038\AppData\Local\Temp\~tmp8003bin.tmp
0x7a870000 - 0x7a88f000 	C:\WINDOWS\SYSTEM32\VCOMP110.DLL
0x72430000 - 0x725bf000 	C:\WINDOWS\SYSTEM32\dbghelp.dll

VM Arguments:
jvm_args: -XX:TieredStopAtLevel=1 -Xverify:none -Dspring.output.ansi.enabled=always -Dcom.sun.management.jmxremote -Dcom.sun.management.jmxremote.port=50421 -Dcom.sun.management.jmxremote.authenticate=false -Dcom.sun.management.jmxremote.ssl=false -Djava.rmi.server.hostname=localhost -Dspring.liveBeansView.mbeanDomain -Dspring.application.admin.enabled=true -javaagent:D:\IDEA\IntelliJ IDEA 2018.3.3\lib\idea_rt.jar=50422:D:\IDEA\IntelliJ IDEA 2018.3.3\bin -Dfile.encoding=UTF-8 
java_command: com.atguigu.springboot.SpringBoot04WebRestfulcrudApplication
java_class_path (initial): C:\Program Files (x86)\Java\jdk1.8.0_66\jre\lib\charsets.jar;C:\Program Files (x86)\Java\jdk1.8.0_66\jre\lib\deploy.jar;C:\Program Files (x86)\Java\jdk1.8.0_66\jre\lib\ext\access-bridge-32.jar;C:\Program Files (x86)\Java\jdk1.8.0_66\jre\lib\ext\cldrdata.jar;C:\Program Files (x86)\Java\jdk1.8.0_66\jre\lib\ext\dnsns.jar;C:\Program Files (x86)\Java\jdk1.8.0_66\jre\lib\ext\jaccess.jar;C:\Program Files (x86)\Java\jdk1.8.0_66\jre\lib\ext\jfxrt.jar;C:\Program Files (x86)\Java\jdk1.8.0_66\jre\lib\ext\localedata.jar;C:\Program Files (x86)\Java\jdk1.8.0_66\jre\lib\ext\nashorn.jar;C:\Program Files (x86)\Java\jdk1.8.0_66\jre\lib\ext\sunec.jar;C:\Program Files (x86)\Java\jdk1.8.0_66\jre\lib\ext\sunjce_provider.jar;C:\Program Files (x86)\Java\jdk1.8.0_66\jre\lib\ext\sunmscapi.jar;C:\Program Files (x86)\Java\jdk1.8.0_66\jre\lib\ext\sunpkcs11.jar;C:\Program Files (x86)\Java\jdk1.8.0_66\jre\lib\ext\zipfs.jar;C:\Program Files (x86)\Java\jdk1.8.0_66\jre\lib\javaws.jar;C:\Program Files (x86)\Java\jdk1.8.0_66\jre\lib\jce.jar;C:\Program Files (x86)\Java\jdk1.8.0_66\jre\lib\jfr.jar;C:\Program Files (x86)\Java\jdk1.8.0_66\jre\lib\jfxswt.jar;C:\Program Files (x86)\Java\jdk1.8.0_66\jre\lib\jsse.jar;C:\Program Files (x86)\Java\jdk1.8.0_66\jre\lib\management-agent.jar;C:\Program Files (x86)\Java\jdk1.8.0_66\jre\lib\plugin.jar;C:\Program Files (x86)\Java\jdk1.8.0_66\jre\lib\resources.jar;C:\Program Files (x86)\Java\jdk1.8.0_66\jre\lib\rt.jar;F:\02、尚硅谷SpringBoot视频\源码、资料、课件\代码\weibridge_PCC\target\classes;D:\my_maven_local_repository\com\github\pagehelper\pagehelper\5.0.0\pagehelper-5.0.0.jar;D:\my_maven_local_repository\com\github\jsqlparser\jsqlparser\0.9.5\jsqlparser-0.9.5.jar;D:\my_maven_local_repository\org\springframework\boot\spring-boot-starter-data-jpa\1.5.10.RELEASE\spring-boot-starter-data-jpa-1.5.10.RELEASE.jar;D:\my_maven_local_repository\org\springframework\boot\spring-boot-starter\1.5.10.RELEASE\spring-boot-starter-1.5.10.RELEASE.jar;D:\
Launcher Type: SUN_STANDARD

Environment Variables:
JAVA_HOME=C:\Program Files (x86)\Java\jdk1.7.0_45
CLASSPATH=.;C:\Program Files (x86)\Java\jdk1.7.0_45\lib;C:\Program Files (x86)\Java\jdk1.7.0_45\lib\tools.jar
PATH=C:\ProgramData\Oracle\Java\javapath;C:\Program Files (x86)\Intel\iCLS Client\;C:\Program Files\Intel\iCLS Client\;C:\windows\system32;C:\windows;C:\windows\System32\Wbem;C:\windows\System32\WindowsPowerShell\v1.0\;C:\Program Files (x86)\Intel\Intel(R) Management Engine Components\DAL;C:\Program Files\Intel\Intel(R) Management Engine Components\DAL;C:\Program Files (x86)\Intel\Intel(R) Management Engine Components\IPT;C:\Program Files\Intel\Intel(R) Management Engine Components\IPT;C:\Program Files (x86)\NVIDIA Corporation\PhysX\Common;C:\WINDOWS\system32;C:\WINDOWS;C:\WINDOWS\System32\Wbem;C:\WINDOWS\System32\WindowsPowerShell\v1.0\;C:\WINDOWS\System32\OpenSSH\;C:\Program Files\Git\cmd;C:\Program Files\Git\bin;D:\Maven\apache-maven-3.6.2\bin;C:\Program Files (x86)\Java\jdk1.7.0_45\bin;C:\Program Files (x86)\Java\jdk1.7.0_45\jre\bin;C:\WINDOWS\system32\config\systemprofile\.dnx\bin;C:\Program Files\Microsoft DNX\Dnvm\;C:\Program Files (x86)\Windows Kits\8.1\Windows Performance Toolkit\;C:\Program Files\Microsoft SQL Server\130\Tools\Binn\;C:\Program Files\mysql-5.7.26-winx64\bin;C:\Program Files\nodejs\;C:\Users\82038\AppData\Local\Programs\Python\Python37\Scripts\;C:\Users\82038\AppData\Local\Programs\Python\Python37\;C:\Users\82038\AppData\Local\Microsoft\WindowsApps;D:\IDEA\IntelliJ IDEA 2018.3.3\bin;C:\Users\82038\AppData\Local\GitHubDesktop\bin;D:\Microsoft VS Code\bin;C:\Users\82038\AppData\Roaming\npm;%USERPROFILE%\AppData\Local\Microsoft\WindowsApps;
USERNAME=82038
OS=Windows_NT
PROCESSOR_IDENTIFIER=Intel64 Family 6 Model 158 Stepping 9, GenuineIntel



---------------  S Y S T E M  ---------------

OS: Windows 10.0 , 64 bit Build 18362 (10.0.18362.329)

CPU:total 8 (4 cores per cpu, 2 threads per core) family 6 model 158 stepping 9, cmov, cx8, fxsr, mmx, sse, sse2, sse3, ssse3, sse4.1, sse4.2, popcnt, avx, avx2, aes, clmul, erms, 3dnowpref, lzcnt, ht, tsc, tscinvbit, bmi1, bmi2, adx

Memory: 4k page, physical 16731636k(8383444k free), swap 19484148k(8230592k free)

vm_info: Java HotSpot(TM) Client VM (25.66-b17) for windows-x86 JRE (1.8.0_66-b17), built on Oct  6 2015 19:59:47 by "java_re" with MS VC++ 10.0 (VS2010)

time: Wed Jan 22 10:55:45 2020
elapsed time: 524 seconds (0d 0h 8m 44s)

