#
# A fatal error has been detected by the Java Runtime Environment:
#
#  EXCEPTION_UNCAUGHT_CXX_EXCEPTION (0xe06d7363) at pc=0x779135d2, pid=17520, tid=7096
#
# JRE version: Java(TM) SE Runtime Environment (8.0_66-b17) (build 1.8.0_66-b17)
# Java VM: Java HotSpot(TM) Client VM (25.66-b17 mixed mode windows-x86 )
# Problematic frame:
# C  [KERNELBASE.dll+0x1135d2]
#
# Failed to write core dump. Minidumps are not enabled by default on client versions of Windows
#
# If you would like to submit a bug report, please visit:
#   http://bugreport.java.com/bugreport/crash.jsp
# The crash happened outside the Java Virtual Machine in native code.
# See problematic frame for where to report the bug.
#

---------------  T H R E A D  ---------------

Current thread (0x181e2400):  JavaThread "http-nio-8083-exec-1" daemon [_thread_in_native, id=7096, stack(0x19e80000,0x19ed0000)]

siginfo: ExceptionCode=0xe06d7363, ExceptionInformation=0x19930520 0x19ebd324 0x78aa4e00 

Registers:
EAX=0x19ebd270, EBX=0x19ebd324, ECX=0x00000003, EDX=0x00000000
ESP=0x19ebd270, EBP=0x19ebd2c8, ESI=0x73e214a8, EDI=0x78aa4e00
EIP=0x779135d2, EFLAGS=0x00000212

Top of Stack: (sp=0x19ebd270)
0x19ebd270:   e06d7363 00000001 00000000 779135d2
0x19ebd280:   00000003 19930520 19ebd324 78aa4e00
0x19ebd290:   19ebd2c4 788e4f8a 00000050 d35e0389
0x19ebd2a0:   00000047 19ebd37c 19ecd408 19ebd37c
0x19ebd2b0:   013d2930 19ebd29c 19ebd304 19ebd37c
0x19ebd2c0:   00000047 f7fa0f2c 19ebd30c 73e24a25
0x19ebd2d0:   e06d7363 00000001 00000003 19ebd300
0x19ebd2e0:   19ecd3b0 776bf240 00000002 e06d7363 

Instructions: (pc=0x779135d2)
0x779135b2:   89 44 24 10 c1 e0 02 50 51 8d 44 24 1c 50 e8 6f
0x779135c2:   50 02 00 83 c4 0c 8d 04 24 50 ff 15 04 84 9c 77
0x779135d2:   8b 4c 24 54 33 cc e8 f3 bc 01 00 8b e5 5d c2 10
0x779135e2:   00 83 64 24 10 00 eb de 6a 0f 58 eb c3 cc cc cc 


Register to memory mapping:

EAX=0x19ebd270 is pointing into the stack for thread: 0x181e2400
EBX=0x19ebd324 is pointing into the stack for thread: 0x181e2400
ECX=0x00000003 is an unknown value
EDX=0x00000000 is an unknown value
ESP=0x19ebd270 is pointing into the stack for thread: 0x181e2400
EBP=0x19ebd2c8 is pointing into the stack for thread: 0x181e2400
ESI=0x73e214a8 is an unknown value
EDI=0x78aa4e00 is an unknown value


Stack: [0x19e80000,0x19ed0000],  sp=0x19ebd270,  free space=244k
Native frames: (J=compiled Java code, j=interpreted, Vv=VM code, C=native code)
C  [KERNELBASE.dll+0x1135d2]
C  [VCRUNTIME140.dll+0x4a25]
C  [opencv_core2413.dll+0x14e9f4]
C  [opencv_core2413.dll+0xd490]
C  [opencv_core2413.dll+0xd5a0]
C  [opencv_core2413.dll+0xf9c24]
C  [opencv_highgui2413.dll+0x501a]
C  [opencv_highgui2413.dll+0x5ef0]
C  [opencv_highgui2413.dll+0x595e]
C  [YukaFaceHelper.dll+0x1e34]
C  0x00000002

Java frames: (J=compiled Java code, j=interpreted, Vv=VM code)
j  com.sun.jna.Function.invokeDouble(I[Ljava/lang/Object;)D+0
j  com.sun.jna.Function.invoke([Ljava/lang/Object;Ljava/lang/Class;)Ljava/lang/Object;+465
J 2999 C1 com.sun.jna.Function.invoke(Ljava/lang/Class;[Ljava/lang/Object;Ljava/util/Map;)Ljava/lang/Object; (552 bytes) @ 0x034fd300 [0x034fcf20+0x3e0]
j  com.sun.jna.Library$Handler.invoke(Ljava/lang/Object;Ljava/lang/reflect/Method;[Ljava/lang/Object;)Ljava/lang/Object;+344
j  com.sun.proxy.$Proxy86.YK_Compare_JAVA([BI[BI)D+35
J 2984 C1 com.atguigu.springboot.controller.CodePersonController.uplaod(Ljavax/servlet/http/HttpServletRequest;Ljava/lang/String;Lorg/springframework/ui/Model;)Ljava/lang/String; (866 bytes) @ 0x0391fdc4 [0x0391ec30+0x1194]
v  ~StubRoutines::call_stub
J 2229  sun.reflect.NativeMethodAccessorImpl.invoke0(Ljava/lang/reflect/Method;Ljava/lang/Object;[Ljava/lang/Object;)Ljava/lang/Object; (0 bytes) @ 0x0375809d [0x03758020+0x7d]
J 2228 C1 sun.reflect.NativeMethodAccessorImpl.invoke(Ljava/lang/Object;[Ljava/lang/Object;)Ljava/lang/Object; (104 bytes) @ 0x0386e9d0 [0x0386e740+0x290]
J 601 C1 sun.reflect.DelegatingMethodAccessorImpl.invoke(Ljava/lang/Object;[Ljava/lang/Object;)Ljava/lang/Object; (10 bytes) @ 0x034ffe80 [0x034ffe50+0x30]
J 600 C1 java.lang.reflect.Method.invoke(Ljava/lang/Object;[Ljava/lang/Object;)Ljava/lang/Object; (62 bytes) @ 0x034ffbbc [0x034ffb00+0xbc]
j  org.springframework.web.method.support.InvocableHandlerMethod.doInvoke([Ljava/lang/Object;)Ljava/lang/Object;+16
j  org.springframework.web.method.support.InvocableHandlerMethod.invokeForRequest(Lorg/springframework/web/context/request/NativeWebRequest;Lorg/springframework/web/method/support/ModelAndViewContainer;[Ljava/lang/Object;)Ljava/lang/Object;+75
j  org.springframework.web.servlet.mvc.method.annotation.ServletInvocableHandlerMethod.invokeAndHandle(Lorg/springframework/web/context/request/ServletWebRequest;Lorg/springframework/web/method/support/ModelAndViewContainer;[Ljava/lang/Object;)V+4
j  org.springframework.web.servlet.mvc.method.annotation.RequestMappingHandlerAdapter.invokeHandlerMethod(Ljavax/servlet/http/HttpServletRequest;Ljavax/servlet/http/HttpServletResponse;Lorg/springframework/web/method/HandlerMethod;)Lorg/springframework/web/servlet/ModelAndView;+262
j  org.springframework.web.servlet.mvc.method.annotation.RequestMappingHandlerAdapter.handleInternal(Ljavax/servlet/http/HttpServletRequest;Ljavax/servlet/http/HttpServletResponse;Lorg/springframework/web/method/HandlerMethod;)Lorg/springframework/web/servlet/ModelAndView;+81
j  org.springframework.web.servlet.mvc.method.AbstractHandlerMethodAdapter.handle(Ljavax/servlet/http/HttpServletRequest;Ljavax/servlet/http/HttpServletResponse;Ljava/lang/Object;)Lorg/springframework/web/servlet/ModelAndView;+7
j  org.springframework.web.servlet.DispatcherServlet.doDispatch(Ljavax/servlet/http/HttpServletRequest;Ljavax/servlet/http/HttpServletResponse;)V+318
j  org.springframework.web.servlet.DispatcherServlet.doService(Ljavax/servlet/http/HttpServletRequest;Ljavax/servlet/http/HttpServletResponse;)V+301
j  org.springframework.web.servlet.FrameworkServlet.processRequest(Ljavax/servlet/http/HttpServletRequest;Ljavax/servlet/http/HttpServletResponse;)V+71
j  org.springframework.web.servlet.FrameworkServlet.doPost(Ljavax/servlet/http/HttpServletRequest;Ljavax/servlet/http/HttpServletResponse;)V+3
j  javax.servlet.http.HttpServlet.service(Ljavax/servlet/http/HttpServletRequest;Ljavax/servlet/http/HttpServletResponse;)V+149
j  org.springframework.web.servlet.FrameworkServlet.service(Ljavax/servlet/http/HttpServletRequest;Ljavax/servlet/http/HttpServletResponse;)V+33
j  javax.servlet.http.HttpServlet.service(Ljavax/servlet/ServletRequest;Ljavax/servlet/ServletResponse;)V+30
j  org.apache.catalina.core.ApplicationFilterChain.internalDoFilter(Ljavax/servlet/ServletRequest;Ljavax/servlet/ServletResponse;)V+304
j  org.apache.catalina.core.ApplicationFilterChain.doFilter(Ljavax/servlet/ServletRequest;Ljavax/servlet/ServletResponse;)V+101
j  org.apache.tomcat.websocket.server.WsFilter.doFilter(Ljavax/servlet/ServletRequest;Ljavax/servlet/ServletResponse;Ljavax/servlet/FilterChain;)V+21
j  org.apache.catalina.core.ApplicationFilterChain.internalDoFilter(Ljavax/servlet/ServletRequest;Ljavax/servlet/ServletResponse;)V+135
j  org.apache.catalina.core.ApplicationFilterChain.doFilter(Ljavax/servlet/ServletRequest;Ljavax/servlet/ServletResponse;)V+101
j  com.alibaba.druid.support.http.WebStatFilter.doFilter(Ljavax/servlet/ServletRequest;Ljavax/servlet/ServletResponse;Ljavax/servlet/FilterChain;)V+190
j  org.apache.catalina.core.ApplicationFilterChain.internalDoFilter(Ljavax/servlet/ServletRequest;Ljavax/servlet/ServletResponse;)V+135
j  org.apache.catalina.core.ApplicationFilterChain.doFilter(Ljavax/servlet/ServletRequest;Ljavax/servlet/ServletResponse;)V+101
j  org.springframework.web.filter.RequestContextFilter.doFilterInternal(Ljavax/servlet/http/HttpServletRequest;Ljavax/servlet/http/HttpServletResponse;Ljavax/servlet/FilterChain;)V+21
j  org.springframework.web.filter.OncePerRequestFilter.doFilter(Ljavax/servlet/ServletRequest;Ljavax/servlet/ServletResponse;Ljavax/servlet/FilterChain;)V+111
j  org.apache.catalina.core.ApplicationFilterChain.internalDoFilter(Ljavax/servlet/ServletRequest;Ljavax/servlet/ServletResponse;)V+135
j  org.apache.catalina.core.ApplicationFilterChain.doFilter(Ljavax/servlet/ServletRequest;Ljavax/servlet/ServletResponse;)V+101
j  org.springframework.web.filter.HttpPutFormContentFilter.doFilterInternal(Ljavax/servlet/http/HttpServletRequest;Ljavax/servlet/http/HttpServletResponse;Ljavax/servlet/FilterChain;)V+95
j  org.springframework.web.filter.OncePerRequestFilter.doFilter(Ljavax/servlet/ServletRequest;Ljavax/servlet/ServletResponse;Ljavax/servlet/FilterChain;)V+111
j  org.apache.catalina.core.ApplicationFilterChain.internalDoFilter(Ljavax/servlet/ServletRequest;Ljavax/servlet/ServletResponse;)V+135
j  org.apache.catalina.core.ApplicationFilterChain.doFilter(Ljavax/servlet/ServletRequest;Ljavax/servlet/ServletResponse;)V+101
j  org.springframework.web.filter.HiddenHttpMethodFilter.doFilterInternal(Ljavax/servlet/http/HttpServletRequest;Ljavax/servlet/http/HttpServletResponse;Ljavax/servlet/FilterChain;)V+64
j  org.springframework.web.filter.OncePerRequestFilter.doFilter(Ljavax/servlet/ServletRequest;Ljavax/servlet/ServletResponse;Ljavax/servlet/FilterChain;)V+111
j  org.apache.catalina.core.ApplicationFilterChain.internalDoFilter(Ljavax/servlet/ServletRequest;Ljavax/servlet/ServletResponse;)V+135
j  org.apache.catalina.core.ApplicationFilterChain.doFilter(Ljavax/servlet/ServletRequest;Ljavax/servlet/ServletResponse;)V+101
j  org.springframework.web.filter.CharacterEncodingFilter.doFilterInternal(Ljavax/servlet/http/HttpServletRequest;Ljavax/servlet/http/HttpServletResponse;Ljavax/servlet/FilterChain;)V+53
j  org.springframework.web.filter.OncePerRequestFilter.doFilter(Ljavax/servlet/ServletRequest;Ljavax/servlet/ServletResponse;Ljavax/servlet/FilterChain;)V+111
j  org.apache.catalina.core.ApplicationFilterChain.internalDoFilter(Ljavax/servlet/ServletRequest;Ljavax/servlet/ServletResponse;)V+135
j  org.apache.catalina.core.ApplicationFilterChain.doFilter(Ljavax/servlet/ServletRequest;Ljavax/servlet/ServletResponse;)V+101
j  org.apache.catalina.core.StandardWrapperValve.invoke(Lorg/apache/catalina/connector/Request;Lorg/apache/catalina/connector/Response;)V+688
j  org.apache.catalina.core.StandardContextValve.invoke(Lorg/apache/catalina/connector/Request;Lorg/apache/catalina/connector/Response;)V+166
j  org.apache.catalina.authenticator.AuthenticatorBase.invoke(Lorg/apache/catalina/connector/Request;Lorg/apache/catalina/connector/Response;)V+272
j  org.apache.catalina.core.StandardHostValve.invoke(Lorg/apache/catalina/connector/Request;Lorg/apache/catalina/connector/Response;)V+138
j  org.apache.catalina.valves.ErrorReportValve.invoke(Lorg/apache/catalina/connector/Request;Lorg/apache/catalina/connector/Response;)V+6
j  org.apache.catalina.core.StandardEngineValve.invoke(Lorg/apache/catalina/connector/Request;Lorg/apache/catalina/connector/Response;)V+71
j  org.apache.catalina.connector.CoyoteAdapter.service(Lorg/apache/coyote/Request;Lorg/apache/coyote/Response;)V+199
j  org.apache.coyote.http11.Http11Processor.service(Lorg/apache/tomcat/util/net/SocketWrapperBase;)Lorg/apache/tomcat/util/net/AbstractEndpoint$Handler$SocketState;+806
j  org.apache.coyote.AbstractProcessorLight.process(Lorg/apache/tomcat/util/net/SocketWrapperBase;Lorg/apache/tomcat/util/net/SocketEvent;)Lorg/apache/tomcat/util/net/AbstractEndpoint$Handler$SocketState;+113
j  org.apache.coyote.AbstractProtocol$ConnectionHandler.process(Lorg/apache/tomcat/util/net/SocketWrapperBase;Lorg/apache/tomcat/util/net/SocketEvent;)Lorg/apache/tomcat/util/net/AbstractEndpoint$Handler$SocketState;+378
j  org.apache.tomcat.util.net.NioEndpoint$SocketProcessor.doRun()V+191
j  org.apache.tomcat.util.net.SocketProcessorBase.run()V+21
j  java.util.concurrent.ThreadPoolExecutor.runWorker(Ljava/util/concurrent/ThreadPoolExecutor$Worker;)V+95
j  java.util.concurrent.ThreadPoolExecutor$Worker.run()V+5
j  org.apache.tomcat.util.threads.TaskThread$WrappingRunnable.run()V+4
j  java.lang.Thread.run()V+11
v  ~StubRoutines::call_stub

---------------  P R O C E S S  ---------------

Java Threads: ( => current thread )
  0x181e8800 JavaThread "DestroyJavaVM" [_thread_blocked, id=10940, stack(0x01530000,0x01580000)]
  0x181e6800 JavaThread "http-nio-8083-AsyncTimeout" daemon [_thread_blocked, id=17352, stack(0x1a5d0000,0x1a620000)]
  0x181e6400 JavaThread "http-nio-8083-Acceptor-0" daemon [_thread_in_native, id=12204, stack(0x1a540000,0x1a590000)]
  0x181e7400 JavaThread "http-nio-8083-ClientPoller-1" daemon [_thread_in_native, id=16580, stack(0x1a4b0000,0x1a500000)]
  0x181e7c00 JavaThread "http-nio-8083-ClientPoller-0" daemon [_thread_in_native, id=16936, stack(0x1a420000,0x1a470000)]
  0x181e4c00 JavaThread "http-nio-8083-exec-10" daemon [_thread_blocked, id=11624, stack(0x1a390000,0x1a3e0000)]
  0x181e5000 JavaThread "http-nio-8083-exec-9" daemon [_thread_blocked, id=17436, stack(0x1a300000,0x1a350000)]
  0x181e4400 JavaThread "http-nio-8083-exec-8" daemon [_thread_blocked, id=17580, stack(0x1a270000,0x1a2c0000)]
  0x181e7000 JavaThread "http-nio-8083-exec-7" daemon [_thread_blocked, id=10588, stack(0x1a1e0000,0x1a230000)]
  0x181e5800 JavaThread "http-nio-8083-exec-6" daemon [_thread_blocked, id=10496, stack(0x1a150000,0x1a1a0000)]
  0x181e8400 JavaThread "http-nio-8083-exec-5" daemon [_thread_blocked, id=1700, stack(0x1a0c0000,0x1a110000)]
  0x181e3c00 JavaThread "http-nio-8083-exec-4" daemon [_thread_blocked, id=16048, stack(0x1a030000,0x1a080000)]
  0x181e5c00 JavaThread "http-nio-8083-exec-3" daemon [_thread_blocked, id=6648, stack(0x19fa0000,0x19ff0000)]
  0x181e3800 JavaThread "http-nio-8083-exec-2" daemon [_thread_blocked, id=2628, stack(0x19f10000,0x19f60000)]
=>0x181e2400 JavaThread "http-nio-8083-exec-1" daemon [_thread_in_native, id=7096, stack(0x19e80000,0x19ed0000)]
  0x17ad0400 JavaThread "NioBlockingSelector.BlockPoller-1" daemon [_thread_in_native, id=6696, stack(0x19df0000,0x19e40000)]
  0x17ad1000 JavaThread "Druid-ConnectionPool-Destroy-32693637" daemon [_thread_blocked, id=17928, stack(0x19540000,0x19590000)]
  0x17ad3000 JavaThread "Druid-ConnectionPool-Create-32693637" daemon [_thread_blocked, id=11168, stack(0x194b0000,0x19500000)]
  0x17ad3c00 JavaThread "Abandoned connection cleanup thread" daemon [_thread_blocked, id=15616, stack(0x19220000,0x19270000)]
  0x17ad0800 JavaThread "container-0" [_thread_blocked, id=9700, stack(0x19000000,0x19050000)]
  0x17ad2000 JavaThread "ContainerBackgroundProcessor[StandardEngine[Tomcat]]" daemon [_thread_blocked, id=7536, stack(0x19090000,0x190e0000)]
  0x168c0000 JavaThread "RMI Scheduler(0)" daemon [_thread_blocked, id=1576, stack(0x173b0000,0x17400000)]
  0x161d0c00 JavaThread "RMI TCP Accept-0" daemon [_thread_in_native, id=2120, stack(0x16650000,0x166a0000)]
  0x161a5000 JavaThread "RMI TCP Accept-51176" daemon [_thread_in_native, id=10860, stack(0x164c0000,0x16510000)]
  0x161a4000 JavaThread "RMI TCP Accept-0" daemon [_thread_in_native, id=13860, stack(0x16430000,0x16480000)]
  0x1602f800 JavaThread "Service Thread" daemon [_thread_blocked, id=18188, stack(0x16380000,0x163d0000)]
  0x1602b800 JavaThread "C1 CompilerThread0" daemon [_thread_blocked, id=17864, stack(0x162f0000,0x16340000)]
  0x15ffe000 JavaThread "Monitor Ctrl-Break" daemon [_thread_in_native, id=8816, stack(0x16260000,0x162b0000)]
  0x15922c00 JavaThread "Attach Listener" daemon [_thread_blocked, id=18332, stack(0x15dd0000,0x15e20000)]
  0x15958000 JavaThread "Signal Dispatcher" daemon [_thread_blocked, id=7592, stack(0x15d40000,0x15d90000)]
  0x158fd400 JavaThread "Finalizer" daemon [_thread_blocked, id=1396, stack(0x15c50000,0x15ca0000)]
  0x158f8800 JavaThread "Reference Handler" daemon [_thread_blocked, id=16856, stack(0x15bc0000,0x15c10000)]

Other Threads:
  0x158f4400 VMThread [stack: 0x15b30000,0x15b80000] [id=5292]
  0x161ccc00 WatcherThread [stack: 0x166e0000,0x16730000] [id=17508]

VM state:not at safepoint (normal execution)

VM Mutex/Monitor currently owned by a thread: None

Heap:
 def new generation   total 18880K, used 3348K [0x05400000, 0x06870000, 0x0a950000)
  eden space 16832K,  19% used [0x05400000, 0x05728880, 0x06470000)
  from space 2048K,   5% used [0x06670000, 0x0668c7e0, 0x06870000)
  to   space 2048K,   0% used [0x06470000, 0x06470000, 0x06670000)
 tenured generation   total 41732K, used 33469K [0x0a950000, 0x0d211000, 0x15400000)
   the space 41732K,  80% used [0x0a950000, 0x0c9ff6e8, 0x0c9ff800, 0x0d211000)
 Metaspace       used 34278K, capacity 34581K, committed 34688K, reserved 35200K

Card table byte_map: [0x15400000,0x15490000] byte_map_base: 0x153d6000

Polling page: 0x01370000

CodeCache: size=32768Kb used=5423Kb max_used=5685Kb free=27344Kb
 bounds [0x03390000, 0x03930000, 0x05390000]
 total_blobs=2825 nmethods=2367 adapters=387
 compilation: enabled

Compilation events (10 events):
Event: 2920.518 Thread 0x1602b800 3005             java.lang.ref.ReferenceQueue::reallyPoll (66 bytes)
Event: 2920.519 Thread 0x1602b800 nmethod 3005 0x034dd8c8 code [0x034dd9d0, 0x034ddb30]
Event: 3034.480 Thread 0x1602b800 3006             java.util.concurrent.CopyOnWriteArrayList$COWIterator::next (32 bytes)
Event: 3034.481 Thread 0x1602b800 nmethod 3006 0x03538a08 code [0x03538b10, 0x03538c0c]
Event: 3112.761 Thread 0x1602b800 3007             org.apache.tomcat.util.http.MimeHeaders::getName (26 bytes)
Event: 3112.761 Thread 0x1602b800 nmethod 3007 0x03535f08 code [0x03536000, 0x035360d0]
Event: 3115.599 Thread 0x1602b800 3008             com.mysql.jdbc.RowDataStatic::size (10 bytes)
Event: 3115.599 Thread 0x1602b800 nmethod 3008 0x03538808 code [0x03538910, 0x035389ac]
Event: 3115.600 Thread 0x1602b800 3009             java.lang.StringBuilder::toString (17 bytes)
Event: 3115.600 Thread 0x1602b800 nmethod 3009 0x0352aa48 code [0x0352ab50, 0x0352ac3c]

GC Heap History (10 events):
Event: 28.447 GC heap before
{Heap before GC invocations=115 (full 4):
 def new generation   total 18880K, used 18802K [0x05400000, 0x06870000, 0x0a950000)
  eden space 16832K, 100% used [0x05400000, 0x06470000, 0x06470000)
  from space 2048K,  96% used [0x06470000, 0x0665cb90, 0x06670000)
  to   space 2048K,   0% used [0x06670000, 0x06670000, 0x06870000)
 tenured generation   total 41732K, used 29779K [0x0a950000, 0x0d211000, 0x15400000)
   the space 41732K,  71% used [0x0a950000, 0x0c664e90, 0x0c665000, 0x0d211000)
 Metaspace       used 33798K, capacity 34098K, committed 34304K, reserved 35200K
Event: 28.455 GC heap after
Heap after GC invocations=116 (full 4):
 def new generation   total 18880K, used 2048K [0x05400000, 0x06870000, 0x0a950000)
  eden space 16832K,   0% used [0x05400000, 0x05400000, 0x06470000)
  from space 2048K, 100% used [0x06670000, 0x06870000, 0x06870000)
  to   space 2048K,   0% used [0x06470000, 0x06470000, 0x06670000)
 tenured generation   total 41732K, used 31614K [0x0a950000, 0x0d211000, 0x15400000)
   the space 41732K,  75% used [0x0a950000, 0x0c82f960, 0x0c82fa00, 0x0d211000)
 Metaspace       used 33798K, capacity 34098K, committed 34304K, reserved 35200K
}
Event: 56.112 GC heap before
{Heap before GC invocations=116 (full 4):
 def new generation   total 18880K, used 18182K [0x05400000, 0x06870000, 0x0a950000)
  eden space 16832K,  95% used [0x05400000, 0x063c1a90, 0x06470000)
  from space 2048K, 100% used [0x06670000, 0x06870000, 0x06870000)
  to   space 2048K,   0% used [0x06470000, 0x06470000, 0x06670000)
 tenured generation   total 41732K, used 31614K [0x0a950000, 0x0d211000, 0x15400000)
   the space 41732K,  75% used [0x0a950000, 0x0c82f960, 0x0c82fa00, 0x0d211000)
 Metaspace       used 34262K, capacity 34549K, committed 34688K, reserved 35200K
Event: 56.120 GC heap after
Heap after GC invocations=117 (full 4):
 def new generation   total 18880K, used 1054K [0x05400000, 0x06870000, 0x0a950000)
  eden space 16832K,   0% used [0x05400000, 0x05400000, 0x06470000)
  from space 2048K,  51% used [0x06470000, 0x06577848, 0x06670000)
  to   space 2048K,   0% used [0x06670000, 0x06670000, 0x06870000)
 tenured generation   total 41732K, used 33028K [0x0a950000, 0x0d211000, 0x15400000)
   the space 41732K,  79% used [0x0a950000, 0x0c9911d0, 0x0c991200, 0x0d211000)
 Metaspace       used 34262K, capacity 34549K, committed 34688K, reserved 35200K
}
Event: 145.599 GC heap before
{Heap before GC invocations=117 (full 4):
 def new generation   total 18880K, used 17274K [0x05400000, 0x06870000, 0x0a950000)
  eden space 16832K,  96% used [0x05400000, 0x063d7200, 0x06470000)
  from space 2048K,  51% used [0x06470000, 0x06577848, 0x06670000)
  to   space 2048K,   0% used [0x06670000, 0x06670000, 0x06870000)
 tenured generation   total 41732K, used 33028K [0x0a950000, 0x0d211000, 0x15400000)
   the space 41732K,  79% used [0x0a950000, 0x0c9911d0, 0x0c991200, 0x0d211000)
 Metaspace       used 34264K, capacity 34549K, committed 34688K, reserved 35200K
Event: 145.604 GC heap after
Heap after GC invocations=118 (full 4):
 def new generation   total 18880K, used 1011K [0x05400000, 0x06870000, 0x0a950000)
  eden space 16832K,   0% used [0x05400000, 0x05400000, 0x06470000)
  from space 2048K,  49% used [0x06670000, 0x0676cc38, 0x06870000)
  to   space 2048K,   0% used [0x06470000, 0x06470000, 0x06670000)
 tenured generation   total 41732K, used 33469K [0x0a950000, 0x0d211000, 0x15400000)
   the space 41732K,  80% used [0x0a950000, 0x0c9ff6e8, 0x0c9ff800, 0x0d211000)
 Metaspace       used 34264K, capacity 34549K, committed 34688K, reserved 35200K
}
Event: 2721.961 GC heap before
{Heap before GC invocations=118 (full 4):
 def new generation   total 18880K, used 17708K [0x05400000, 0x06870000, 0x0a950000)
  eden space 16832K,  99% used [0x05400000, 0x0644e3f0, 0x06470000)
  from space 2048K,  49% used [0x06670000, 0x0676cc38, 0x06870000)
  to   space 2048K,   0% used [0x06470000, 0x06470000, 0x06670000)
 tenured generation   total 41732K, used 33469K [0x0a950000, 0x0d211000, 0x15400000)
   the space 41732K,  80% used [0x0a950000, 0x0c9ff6e8, 0x0c9ff800, 0x0d211000)
 Metaspace       used 34278K, capacity 34581K, committed 34688K, reserved 35200K
Event: 2721.965 GC heap after
Heap after GC invocations=119 (full 4):
 def new generation   total 18880K, used 212K [0x05400000, 0x06870000, 0x0a950000)
  eden space 16832K,   0% used [0x05400000, 0x05400000, 0x06470000)
  from space 2048K,  10% used [0x06470000, 0x064a5198, 0x06670000)
  to   space 2048K,   0% used [0x06670000, 0x06670000, 0x06870000)
 tenured generation   total 41732K, used 33469K [0x0a950000, 0x0d211000, 0x15400000)
   the space 41732K,  80% used [0x0a950000, 0x0c9ff6e8, 0x0c9ff800, 0x0d211000)
 Metaspace       used 34278K, capacity 34581K, committed 34688K, reserved 35200K
}
Event: 3116.473 GC heap before
{Heap before GC invocations=119 (full 4):
 def new generation   total 18880K, used 16160K [0x05400000, 0x06870000, 0x0a950000)
  eden space 16832K,  94% used [0x05400000, 0x06392ea8, 0x06470000)
  from space 2048K,  10% used [0x06470000, 0x064a5198, 0x06670000)
  to   space 2048K,   0% used [0x06670000, 0x06670000, 0x06870000)
 tenured generation   total 41732K, used 33469K [0x0a950000, 0x0d211000, 0x15400000)
   the space 41732K,  80% used [0x0a950000, 0x0c9ff6e8, 0x0c9ff800, 0x0d211000)
 Metaspace       used 34278K, capacity 34581K, committed 34688K, reserved 35200K
Event: 3116.477 GC heap after
Heap after GC invocations=120 (full 4):
 def new generation   total 18880K, used 113K [0x05400000, 0x06870000, 0x0a950000)
  eden space 16832K,   0% used [0x05400000, 0x05400000, 0x06470000)
  from space 2048K,   5% used [0x06670000, 0x0668c7e0, 0x06870000)
  to   space 2048K,   0% used [0x06470000, 0x06470000, 0x06670000)
 tenured generation   total 41732K, used 33469K [0x0a950000, 0x0d211000, 0x15400000)
   the space 41732K,  80% used [0x0a950000, 0x0c9ff6e8, 0x0c9ff800, 0x0d211000)
 Metaspace       used 34278K, capacity 34581K, committed 34688K, reserved 35200K
}

Deoptimization events (0 events):
No events

Internal exceptions (10 events):
Event: 28.251 Thread 0x181e2400 Exception <a 'java/lang/ClassNotFoundException': nz/net/ultraq/thymeleaf/includes/ReplaceProcessorCustomizer> (0x0618d8c8) thrown at [C:\re\workspace\8-2-build-windows-i586-cygwin\jdk8u66\4988\hotspot\src\share\vm\classfile\systemDictionary.cpp, line 210]
Event: 28.254 Thread 0x181e2400 Exception <a 'java/lang/ClassNotFoundException': nz/net/ultraq/thymeleaf/fragments/FragmentProcessorBeanInfo> (0x061deb78) thrown at [C:\re\workspace\8-2-build-windows-i586-cygwin\jdk8u66\4988\hotspot\src\share\vm\classfile\systemDictionary.cpp, line 210]
Event: 28.256 Thread 0x181e2400 Exception <a 'java/lang/ClassNotFoundException': nz/net/ultraq/thymeleaf/fragments/FragmentProcessorCustomizer> (0x061f9680) thrown at [C:\re\workspace\8-2-build-windows-i586-cygwin\jdk8u66\4988\hotspot\src\share\vm\classfile\systemDictionary.cpp, line 210f阐DB<@
Event: 28.259 Thread 0x181e2400 Exception <a 'java/lang/ClassNotFoundException': nz/net/ultraq/thymeleaf/decorators/TitlePatternProcessorBeanInfo> (0x06252388) thrown at [C:\re\workspace\8-2-build-windows-i586-cygwin\jdk8u66\4988\hotspot\src\share\vm\classfile\systemDictionary.cpp, line mB<@
Event: 28.260 Thread 0x181e2400 Exception <a 'java/lang/ClassNotFoundException': nz/net/ultraq/thymeleaf/decorators/TitlePatternProcessorCustomizer> (0x0626e6c0) thrown at [C:\re\workspace\8-2-build-windows-i586-cygwin\jdk8u66\4988\hotspot\src\share\vm\classfile\systemDictionary.cpp, lin蕃^f榷XX
Event: 28.504 Thread 0x181e3800 Exception <a 'java/lang/ArrayIndexOutOfBoundsException'> (0x05757838) thrown at [C:\re\workspace\8-2-build-windows-i586-cygwin\jdk8u66\4988\hotspot\src\share\vm\runtime\sharedRuntime.cpp, line 605]
Event: 28.504 Thread 0x181e3800 Exception <a 'java/lang/ArrayIndexOutOfBoundsException'> (0x05759338) thrown at [C:\re\workspace\8-2-build-windows-i586-cygwin\jdk8u66\4988\hotspot\src\share\vm\runtime\sharedRuntime.cpp, line 605]
Event: 28.505 Thread 0x181e3800 Exception <a 'java/lang/ArrayIndexOutOfBoundsException'> (0x057720b0) thrown at [C:\re\workspace\8-2-build-windows-i586-cygwin\jdk8u66\4988\hotspot\src\share\vm\runtime\sharedRuntime.cpp, line 605]
Event: 28.523 Thread 0x181e3800 Exception <a 'java/lang/ArrayIndexOutOfBoundsException'> (0x05963590) thrown at [C:\re\workspace\8-2-build-windows-i586-cygwin\jdk8u66\4988\hotspot\src\share\vm\runtime\sharedRuntime.cpp, line 605]
Event: 28.535 Thread 0x181e3800 Exception <a 'java/lang/ArrayIndexOutOfBoundsException'> (0x05ae6160) thrown at [C:\re\workspace\8-2-build-windows-i586-cygwin\jdk8u66\4988\hotspot\src\share\vm\runtime\sharedRuntime.cpp, line 605]

Events (10 events):
Event: 3116.478 Executing VM operation: RevokeBias
Event: 3116.478 Executing VM operation: RevokeBias done
Event: 3116.478 Executing VM operation: RevokeBias
Event: 3116.478 Executing VM operation: RevokeBias done
Event: 3116.478 Executing VM operation: RevokeBias
Event: 3116.479 Executing VM operation: RevokeBias done
Event: 3116.479 Executing VM operation: RevokeBias
Event: 3116.479 Executing VM operation: RevokeBias done
Event: 3116.479 Executing VM operation: BulkRevokeBias
Event: 3116.479 Executing VM operation: BulkRevokeBias done


Dynamic libraries:
0x00160000 - 0x00193000 	C:\Program Files (x86)\Java\jdk1.8.0_66\bin\java.exe
0x77b80000 - 0x77d1a000 	C:\WINDOWS\SYSTEM32\ntdll.dll
0x76b90000 - 0x76c70000 	C:\WINDOWS\System32\KERNEL32.DLL
0x77800000 - 0x779fc000 	C:\WINDOWS\System32\KERNELBASE.dll
0x6e940000 - 0x6e9df000 	C:\WINDOWS\SYSTEM32\apphelp.dll
0x75dc0000 - 0x75e39000 	C:\WINDOWS\System32\ADVAPI32.dll
0x77a00000 - 0x77abf000 	C:\WINDOWS\System32\msvcrt.dll
0x75c30000 - 0x75ca6000 	C:\WINDOWS\System32\sechost.dll
0x75cb0000 - 0x75d6b000 	C:\WINDOWS\System32\RPCRT4.dll
0x75350000 - 0x75370000 	C:\WINDOWS\System32\SspiCli.dll
0x75340000 - 0x7534a000 	C:\WINDOWS\System32\CRYPTBASE.dll
0x77b10000 - 0x77b6f000 	C:\WINDOWS\System32\bcryptPrimitives.dll
0x76100000 - 0x76297000 	C:\WINDOWS\System32\USER32.dll
0x75ae0000 - 0x75af7000 	C:\WINDOWS\System32\win32u.dll
0x77530000 - 0x77551000 	C:\WINDOWS\System32\GDI32.dll
0x75ef0000 - 0x7604a000 	C:\WINDOWS\System32\gdi32full.dll
0x75370000 - 0x753ec000 	C:\WINDOWS\System32\msvcp_win.dll
0x77680000 - 0x7779f000 	C:\WINDOWS\System32\ucrtbase.dll
0x6c330000 - 0x6c53f000 	C:\WINDOWS\WinSxS\x86_microsoft.windows.common-controls_6595b64144ccf1df_6.0.18362.592_none_2e6de868278ee708\COMCTL32.dll
0x75860000 - 0x75ad6000 	C:\WINDOWS\System32\combase.dll
0x75b00000 - 0x75b25000 	C:\WINDOWS\System32\IMM32.DLL
0x55ac0000 - 0x55b7f000 	C:\Program Files (x86)\Java\jdk1.8.0_66\jre\bin\msvcr100.dll
0x54340000 - 0x54705000 	C:\Program Files (x86)\Java\jdk1.8.0_66\jre\bin\client\jvm.dll
0x75db0000 - 0x75db6000 	C:\WINDOWS\System32\PSAPI.DLL
0x74ed0000 - 0x74ef4000 	C:\WINDOWS\SYSTEM32\WINMM.dll
0x72170000 - 0x72178000 	C:\WINDOWS\SYSTEM32\WSOCK32.dll
0x75330000 - 0x75338000 	C:\WINDOWS\SYSTEM32\VERSION.dll
0x762a0000 - 0x762fe000 	C:\WINDOWS\System32\WS2_32.dll
0x74ea0000 - 0x74ec3000 	C:\WINDOWS\SYSTEM32\winmmbase.dll
0x75d70000 - 0x75dab000 	C:\WINDOWS\System32\cfgmgr32.dll
0x61850000 - 0x6185c000 	C:\Program Files (x86)\Java\jdk1.8.0_66\jre\bin\verify.dll
0x55a90000 - 0x55ab1000 	C:\Program Files (x86)\Java\jdk1.8.0_66\jre\bin\java.dll
0x55a20000 - 0x55a40000 	C:\Program Files (x86)\Java\jdk1.8.0_66\jre\bin\instrument.dll
0x55a40000 - 0x55a53000 	C:\Program Files (x86)\Java\jdk1.8.0_66\jre\bin\zip.dll
0x76c80000 - 0x771fa000 	C:\WINDOWS\System32\SHELL32.dll
0x774a0000 - 0x77524000 	C:\WINDOWS\System32\shcore.dll
0x76300000 - 0x768c5000 	C:\WINDOWS\System32\windows.storage.dll
0x77660000 - 0x77677000 	C:\WINDOWS\System32\profapi.dll
0x760b0000 - 0x760f3000 	C:\WINDOWS\System32\powrprof.dll
0x76950000 - 0x7695d000 	C:\WINDOWS\System32\UMPDC.dll
0x76960000 - 0x769a4000 	C:\WINDOWS\System32\shlwapi.dll
0x769b0000 - 0x769bf000 	C:\WINDOWS\System32\kernel.appcore.dll
0x753f0000 - 0x75403000 	C:\WINDOWS\System32\cryptsp.dll
0x55a00000 - 0x55a16000 	D:\IDEA\IntelliJ IDEA 2018.3.3\bin\breakgen.dll
0x559e0000 - 0x559f6000 	C:\Program Files (x86)\Java\jdk1.8.0_66\jre\bin\net.dll
0x74050000 - 0x740a2000 	C:\WINDOWS\system32\mswsock.dll
0x613e0000 - 0x613ea000 	C:\Program Files (x86)\Java\jdk1.8.0_66\jre\bin\management.dll
0x5a9c0000 - 0x5a9cf000 	C:\Program Files (x86)\Java\jdk1.8.0_66\jre\bin\nio.dll
0x714d0000 - 0x714e1000 	C:\WINDOWS\system32\napinsp.dll
0x71430000 - 0x71446000 	C:\WINDOWS\system32\pnrpnsp.dll
0x74a40000 - 0x74ad1000 	C:\WINDOWS\SYSTEM32\DNSAPI.dll
0x76b70000 - 0x76b77000 	C:\WINDOWS\System32\NSI.dll
0x751c0000 - 0x751f2000 	C:\WINDOWS\SYSTEM32\IPHLPAPI.DLL
0x714c0000 - 0x714cb000 	C:\WINDOWS\System32\winrnr.dll
0x714a0000 - 0x714b6000 	C:\WINDOWS\system32\NLAapi.dll
0x71490000 - 0x714a0000 	C:\WINDOWS\system32\wshbth.dll
0x74cb0000 - 0x74cb8000 	C:\Windows\System32\rasadhlp.dll
0x71960000 - 0x719b1000 	C:\WINDOWS\System32\fwpuclnt.dll
0x769e0000 - 0x769f9000 	C:\WINDOWS\System32\bcrypt.dll
0x74ae0000 - 0x74b0f000 	C:\WINDOWS\system32\rsaenh.dll
0x75310000 - 0x7532e000 	C:\WINDOWS\SYSTEM32\USERENV.dll
0x740b0000 - 0x740c3000 	C:\WINDOWS\SYSTEM32\dhcpcsvc6.DLL
0x74e00000 - 0x74e15000 	C:\WINDOWS\SYSTEM32\dhcpcsvc.DLL
0x788e0000 - 0x78ad2000 	C:\Users\82038\Desktop\FaceSDK_x86\opencv_core2413.dll
0x51970000 - 0x519ab000 	C:\WINDOWS\SYSTEM32\CONCRT140.dll
0x73e20000 - 0x73e35000 	C:\WINDOWS\SYSTEM32\VCRUNTIME140.dll
0x70bf0000 - 0x70c61000 	C:\WINDOWS\SYSTEM32\MSVCP140.dll
0x78ae0000 - 0x78d24000 	C:\Users\82038\Desktop\FaceSDK_x86\opencv_imgproc2413.dll
0x78d30000 - 0x78f22000 	C:\Users\82038\Desktop\FaceSDK_x86\opencv_highgui2413.dll
0x77560000 - 0x77657000 	C:\WINDOWS\System32\ole32.dll
0x77200000 - 0x77292000 	C:\WINDOWS\System32\OLEAUT32.dll
0x719c0000 - 0x719e2000 	C:\WINDOWS\SYSTEM32\MSVFW32.dll
0x71b00000 - 0x71b14000 	C:\WINDOWS\SYSTEM32\AVICAP32.dll
0x559a0000 - 0x559bb000 	C:\WINDOWS\SYSTEM32\AVIFIL32.dll
0x6e820000 - 0x6e839000 	C:\WINDOWS\SYSTEM32\MSACM32.dll
0x78f30000 - 0x798bc000 	C:\Users\82038\Desktop\FaceSDK_x86\THFeature.dll
0x70c70000 - 0x70cdb000 	C:\WINDOWS\SYSTEM32\WINSPOOL.DRV
0x740f0000 - 0x741b5000 	C:\WINDOWS\SYSTEM32\PROPSYS.dll
0x55970000 - 0x559a0000 	C:\Users\82038\Desktop\FaceSDK_x86\WKWIN32.dll
0x71930000 - 0x71959000 	C:\WINDOWS\SYSTEM32\ntmarta.dll
0x799c0000 - 0x79f3f000 	C:\Users\82038\Desktop\FaceSDK_x86\THFaceImage.dll
0x560b0000 - 0x560ba000 	C:\Users\82038\Desktop\FaceSDK_x86\YukaFaceHelper.dll
0x1bae0000 - 0x1bb32000 	C:\Users\82038\AppData\Local\Temp\jna1350283537713913348.tmp
0x6dd00000 - 0x6dd7a000 	C:\WINDOWS\system32\uxtheme.dll
0x768d0000 - 0x76950000 	C:\WINDOWS\System32\clbcatq.dll
0x56870000 - 0x56885000 	C:\Windows\System32\devenum.dll
0x75410000 - 0x75859000 	C:\WINDOWS\System32\setupapi.dll
0x723b0000 - 0x723d3000 	C:\WINDOWS\SYSTEM32\DEVOBJ.dll
0x77ac0000 - 0x77b06000 	C:\WINDOWS\System32\WINTRUST.dll
0x76c70000 - 0x76c7e000 	C:\WINDOWS\System32\MSASN1.dll
0x75b30000 - 0x75c2b000 	C:\WINDOWS\System32\CRYPT32.dll
0x56ca0000 - 0x56ca9000 	C:\WINDOWS\SYSTEM32\msdmo.dll
0x55930000 - 0x5596f000 	C:\Windows\System32\mfksproxy.dll
0x558c0000 - 0x558d7000 	C:\Windows\System32\ATL.DLL
0x7aa10000 - 0x7ab8d000 	C:\Windows\System32\MFPlat.DLL
0x55890000 - 0x558ba000 	C:\Windows\System32\RTWorkQ.DLL
0x55840000 - 0x5588f000 	C:\Windows\System32\MFSENSORGROUP.dll
0x55800000 - 0x5583e000 	C:\Windows\System32\ksproxy.ax
0x55f20000 - 0x560ae000 	C:\Windows\System32\d3d9.dll
0x6e860000 - 0x6e867000 	C:\Windows\System32\ksuser.dll
0x6c300000 - 0x6c325000 	C:\Windows\System32\dwmapi.dll
0x66680000 - 0x66699000 	C:\WINDOWS\SYSTEM32\dxcore.dll
0x56d00000 - 0x56d73000 	C:\WINDOWS\SYSTEM32\policymanager.dll
0x69650000 - 0x696b5000 	C:\Windows\System32\msvcp110_win.dll
0x54330000 - 0x5433b000 	C:\Windows\System32\vidcap.ax
0x54310000 - 0x5432f000 	C:\Windows\System32\kswdmcap.ax
0x7bde0000 - 0x7bf04000 	C:\Windows\System32\MFC42.dll
0x1bd40000 - 0x1bf84000 	C:\Users\82038\AppData\Local\Temp\~qqtempdat008633~.tmp
0x1e020000 - 0x20513000 	C:\Users\82038\AppData\Local\Temp\~tmp8003bin.tmp
0x542f0000 - 0x5430f000 	C:\WINDOWS\SYSTEM32\VCOMP110.DLL
0x72430000 - 0x725bf000 	C:\WINDOWS\SYSTEM32\dbghelp.dll

VM Arguments:
jvm_args: -XX:TieredStopAtLevel=1 -Xverify:none -Dspring.output.ansi.enabled=always -Dcom.sun.management.jmxremote -Dcom.sun.management.jmxremote.port=51176 -Dcom.sun.management.jmxremote.authenticate=false -Dcom.sun.management.jmxremote.ssl=false -Djava.rmi.server.hostname=localhost -Dspring.liveBeansView.mbeanDomain -Dspring.application.admin.enabled=true -javaagent:D:\IDEA\IntelliJ IDEA 2018.3.3\lib\idea_rt.jar=51177:D:\IDEA\IntelliJ IDEA 2018.3.3\bin -Dfile.encoding=UTF-8 
java_command: com.atguigu.springboot.SpringBoot04WebRestfulcrudApplication
java_class_path (initial): C:\Program Files (x86)\Java\jdk1.8.0_66\jre\lib\charsets.jar;C:\Program Files (x86)\Java\jdk1.8.0_66\jre\lib\deploy.jar;C:\Program Files (x86)\Java\jdk1.8.0_66\jre\lib\ext\access-bridge-32.jar;C:\Program Files (x86)\Java\jdk1.8.0_66\jre\lib\ext\cldrdata.jar;C:\Program Files (x86)\Java\jdk1.8.0_66\jre\lib\ext\dnsns.jar;C:\Program Files (x86)\Java\jdk1.8.0_66\jre\lib\ext\jaccess.jar;C:\Program Files (x86)\Java\jdk1.8.0_66\jre\lib\ext\jfxrt.jar;C:\Program Files (x86)\Java\jdk1.8.0_66\jre\lib\ext\localedata.jar;C:\Program Files (x86)\Java\jdk1.8.0_66\jre\lib\ext\nashorn.jar;C:\Program Files (x86)\Java\jdk1.8.0_66\jre\lib\ext\sunec.jar;C:\Program Files (x86)\Java\jdk1.8.0_66\jre\lib\ext\sunjce_provider.jar;C:\Program Files (x86)\Java\jdk1.8.0_66\jre\lib\ext\sunmscapi.jar;C:\Program Files (x86)\Java\jdk1.8.0_66\jre\lib\ext\sunpkcs11.jar;C:\Program Files (x86)\Java\jdk1.8.0_66\jre\lib\ext\zipfs.jar;C:\Program Files (x86)\Java\jdk1.8.0_66\jre\lib\javaws.jar;C:\Program Files (x86)\Java\jdk1.8.0_66\jre\lib\jce.jar;C:\Program Files (x86)\Java\jdk1.8.0_66\jre\lib\jfr.jar;C:\Program Files (x86)\Java\jdk1.8.0_66\jre\lib\jfxswt.jar;C:\Program Files (x86)\Java\jdk1.8.0_66\jre\lib\jsse.jar;C:\Program Files (x86)\Java\jdk1.8.0_66\jre\lib\management-agent.jar;C:\Program Files (x86)\Java\jdk1.8.0_66\jre\lib\plugin.jar;C:\Program Files (x86)\Java\jdk1.8.0_66\jre\lib\resources.jar;C:\Program Files (x86)\Java\jdk1.8.0_66\jre\lib\rt.jar;F:\02、尚硅谷SpringBoot视频\源码、资料、课件\代码\weibridge_PCC\target\classes;D:\my_maven_local_repository\com\github\pagehelper\pagehelper\5.0.0\pagehelper-5.0.0.jar;D:\my_maven_local_repository\com\github\jsqlparser\jsqlparser\0.9.5\jsqlparser-0.9.5.jar;D:\my_maven_local_repository\org\springframework\boot\spring-boot-starter-data-jpa\1.5.10.RELEASE\spring-boot-starter-data-jpa-1.5.10.RELEASE.jar;D:\my_maven_local_repository\org\springframework\boot\spring-boot-starter\1.5.10.RELEASE\spring-boot-starter-1.5.10.RELEASE.jar;D:\
Launcher Type: SUN_STANDARD

Environment Variables:
JAVA_HOME=C:\Program Files (x86)\Java\jdk1.7.0_45
CLASSPATH=.;C:\Program Files (x86)\Java\jdk1.7.0_45\lib;C:\Program Files (x86)\Java\jdk1.7.0_45\lib\tools.jar
PATH=C:\ProgramData\Oracle\Java\javapath;C:\Program Files (x86)\Intel\iCLS Client\;C:\Program Files\Intel\iCLS Client\;C:\windows\system32;C:\windows;C:\windows\System32\Wbem;C:\windows\System32\WindowsPowerShell\v1.0\;C:\Program Files (x86)\Intel\Intel(R) Management Engine Components\DAL;C:\Program Files\Intel\Intel(R) Management Engine Components\DAL;C:\Program Files (x86)\Intel\Intel(R) Management Engine Components\IPT;C:\Program Files\Intel\Intel(R) Management Engine Components\IPT;C:\Program Files (x86)\NVIDIA Corporation\PhysX\Common;C:\WINDOWS\system32;C:\WINDOWS;C:\WINDOWS\System32\Wbem;C:\WINDOWS\System32\WindowsPowerShell\v1.0\;C:\WINDOWS\System32\OpenSSH\;C:\Program Files\Git\cmd;C:\Program Files\Git\bin;D:\Maven\apache-maven-3.6.2\bin;C:\Program Files (x86)\Java\jdk1.7.0_45\bin;C:\Program Files (x86)\Java\jdk1.7.0_45\jre\bin;C:\WINDOWS\system32\config\systemprofile\.dnx\bin;C:\Program Files\Microsoft DNX\Dnvm\;C:\Program Files (x86)\Windows Kits\8.1\Windows Performance Toolkit\;C:\Program Files\Microsoft SQL Server\130\Tools\Binn\;C:\Program Files\mysql-5.7.26-winx64\bin;C:\Program Files\nodejs\;C:\Users\82038\AppData\Local\Programs\Python\Python37\Scripts\;C:\Users\82038\AppData\Local\Programs\Python\Python37\;C:\Users\82038\AppData\Local\Microsoft\WindowsApps;D:\IDEA\IntelliJ IDEA 2018.3.3\bin;C:\Users\82038\AppData\Local\GitHubDesktop\bin;D:\Microsoft VS Code\bin;C:\Users\82038\AppData\Roaming\npm;%USERPROFILE%\AppData\Local\Microsoft\WindowsApps;
USERNAME=82038
OS=Windows_NT
PROCESSOR_IDENTIFIER=Intel64 Family 6 Model 158 Stepping 9, GenuineIntel



---------------  S Y S T E M  ---------------

OS: Windows 10.0 , 64 bit Build 18362 (10.0.18362.329)

CPU:total 8 (4 cores per cpu, 2 threads per core) family 6 model 158 stepping 9, cmov, cx8, fxsr, mmx, sse, sse2, sse3, ssse3, sse4.1, sse4.2, popcnt, avx, avx2, aes, clmul, erms, 3dnowpref, lzcnt, ht, tsc, tscinvbit, bmi1, bmi2, adx

Memory: 4k page, physical 16731636k(8229516k free), swap 19484148k(7880400k free)

vm_info: Java HotSpot(TM) Client VM (25.66-b17) for windows-x86 JRE (1.8.0_66-b17), built on Oct  6 2015 19:59:47 by "java_re" with MS VC++ 10.0 (VS2010)

time: Wed Jan 22 11:47:56 2020
elapsed time: 3119 seconds (0d 0h 51m 59s)

