#
# A fatal error has been detected by the Java Runtime Environment:
#
#  EXCEPTION_ACCESS_VIOLATION (0xc0000005) at pc=0x797bd26c, pid=7620, tid=1424
#
# JRE version: Java(TM) SE Runtime Environment (8.0_66-b17) (build 1.8.0_66-b17)
# Java VM: Java HotSpot(TM) Client VM (25.66-b17 mixed mode windows-x86 )
# Problematic frame:
# C  [~tmp8003bin.tmp+0xd26c]
#
# Failed to write core dump. Minidumps are not enabled by default on client versions of Windows
#
# If you would like to submit a bug report, please visit:
#   http://bugreport.java.com/bugreport/crash.jsp
# The crash happened outside the Java Virtual Machine in native code.
# See problematic frame for where to report the bug.
#

---------------  T H R E A D  ---------------

Current thread (0x17f64c00):  JavaThread "http-nio-8083-exec-7" daemon [_thread_in_native, id=1424, stack(0x198d0000,0x19920000)]

siginfo: ExceptionCode=0xc0000005, reading address 0x00000004

Registers:
EAX=0x00000002, EBX=0x00000000, ECX=0x0129cc98, EDX=0x00000000
ESP=0x1991d5c4, EBP=0x1991d5d8, ESI=0x00000001, EDI=0x00000002
EIP=0x797bd26c, EFLAGS=0x00210202

Top of Stack: (sp=0x1991d5c4)
0x1991d5c4:   0129cc98 7bc4e168 2e05cb78 00000000
0x1991d5d4:   00000000 1991d704 797bff20 0129cc98
0x1991d5e4:   ea47e31b 0129cc98 2e05cbe4 00000000
0x1991d5f4:   00000000 1991d5f0 1991d5f4 00000000
0x1991d604:   00000000 1991d600 1991d604 00000000
0x1991d614:   00000000 1991d610 1991d614 41e31df8
0x1991d624:   00000004 00000007 00000000 00c50000
0x1991d634:   00000000 00000000 00000000 00000000 

Instructions: (pc=0x797bd26c)
0x797bd24c:   7a ff 8b d9 89 5d f8 89 45 fc 85 ff 78 44 8d 9b
0x797bd25c:   00 00 00 00 8b 4d 08 03 c7 99 2b c2 8b f0 d1 fe
0x797bd26c:   8b 04 b3 8b 10 8a 01 8a 1a 8d 49 01 8d 52 01 84
0x797bd27c:   c0 74 04 3a c3 74 ee 3a c3 7e 08 8d 46 01 89 45 


Register to memory mapping:

EAX=0x00000002 is an unknown value
EBX=0x00000000 is an unknown value
ECX=0x0129cc98 is an unknown value
EDX=0x00000000 is an unknown value
ESP=0x1991d5c4 is pointing into the stack for thread: 0x17f64c00
EBP=0x1991d5d8 is pointing into the stack for thread: 0x17f64c00
ESI=0x00000001 is an unknown value
EDI=0x00000002 is an unknown value


Stack: [0x198d0000,0x19920000],  sp=0x1991d5c4,  free space=309k
Native frames: (J=compiled Java code, j=interpreted, Vv=VM code, C=native code)
C  [~tmp8003bin.tmp+0xd26c]
C  [~tmp8003bin.tmp+0xff20]
C  [~tmp8003bin.tmp+0x8b58]
C  [~tmp8003bin.tmp+0x9369]
C  [~tmp8003bin.tmp+0x9642]
C  [~tmp8003bin.tmp+0x7740]
C  [~tmp8003bin.tmp+0x70f2]
C  [~tmp8003bin.tmp+0x3d45]
C  [THFeature.dll+0x1099]
C  [jna4598160026703398553.tmp+0x9182]
C  [jna4598160026703398553.tmp+0x2161]
C  [jna4598160026703398553.tmp+0x2849]
j  com.sun.jna.Function.invokeInt(I[Ljava/lang/Object;)I+0
j  com.sun.jna.Function.invoke([Ljava/lang/Object;Ljava/lang/Class;)Ljava/lang/Object;+90
j  com.sun.jna.Function.invoke(Ljava/lang/Class;[Ljava/lang/Object;Ljava/util/Map;)Ljava/lang/Object;+194
j  com.sun.jna.Library$Handler.invoke(Ljava/lang/Object;Ljava/lang/reflect/Method;[Ljava/lang/Object;)Ljava/lang/Object;+344
J 3207 C1 com.atguigu.springboot.controller.PersonCodeController.uplaod(Ljavax/servlet/http/HttpServletRequest;Lorg/springframework/web/multipart/MultipartFile;Lorg/springframework/ui/Model;)Ljava/lang/String; (904 bytes) @ 0x03605338 [0x03604b00+0x838]
v  ~StubRoutines::call_stub
V  [jvm.dll+0x158ba5]
V  [jvm.dll+0x21e12e]
V  [jvm.dll+0x158c3e]
V  [jvm.dll+0x165488]
V  [jvm.dll+0x1656f3]
V  [jvm.dll+0x102543]
C  [java.dll+0x3b26]
j  sun.reflect.NativeMethodAccessorImpl.invoke(Ljava/lang/Object;[Ljava/lang/Object;)Ljava/lang/Object;+100
J 596 C1 sun.reflect.DelegatingMethodAccessorImpl.invoke(Ljava/lang/Object;[Ljava/lang/Object;)Ljava/lang/Object; (10 bytes) @ 0x0350f1c0 [0x0350f190+0x30]
J 595 C1 java.lang.reflect.Method.invoke(Ljava/lang/Object;[Ljava/lang/Object;)Ljava/lang/Object; (62 bytes) @ 0x0350eefc [0x0350ee40+0xbc]
j  org.springframework.web.method.support.InvocableHandlerMethod.doInvoke([Ljava/lang/Object;)Ljava/lang/Object;+16
j  org.springframework.web.method.support.InvocableHandlerMethod.invokeForRequest(Lorg/springframework/web/context/request/NativeWebRequest;Lorg/springframework/web/method/support/ModelAndViewContainer;[Ljava/lang/Object;)Ljava/lang/Object;+75
j  org.springframework.web.servlet.mvc.method.annotation.ServletInvocableHandlerMethod.invokeAndHandle(Lorg/springframework/web/context/request/ServletWebRequest;Lorg/springframework/web/method/support/ModelAndViewContainer;[Ljava/lang/Object;)V+4
j  org.springframework.web.servlet.mvc.method.annotation.RequestMappingHandlerAdapter.invokeHandlerMethod(Ljavax/servlet/http/HttpServletRequest;Ljavax/servlet/http/HttpServletResponse;Lorg/springframework/web/method/HandlerMethod;)Lorg/springframework/web/servlet/ModelAndView;+262
j  org.springframework.web.servlet.mvc.method.annotation.RequestMappingHandlerAdapter.handleInternal(Ljavax/servlet/http/HttpServletRequest;Ljavax/servlet/http/HttpServletResponse;Lorg/springframework/web/method/HandlerMethod;)Lorg/springframework/web/servlet/ModelAndView;+81
j  org.springframework.web.servlet.mvc.method.AbstractHandlerMethodAdapter.handle(Ljavax/servlet/http/HttpServletRequest;Ljavax/servlet/http/HttpServletResponse;Ljava/lang/Object;)Lorg/springframework/web/servlet/ModelAndView;+7
j  org.springframework.web.servlet.DispatcherServlet.doDispatch(Ljavax/servlet/http/HttpServletRequest;Ljavax/servlet/http/HttpServletResponse;)V+318
j  org.springframework.web.servlet.DispatcherServlet.doService(Ljavax/servlet/http/HttpServletRequest;Ljavax/servlet/http/HttpServletResponse;)V+301
j  org.springframework.web.servlet.FrameworkServlet.processRequest(Ljavax/servlet/http/HttpServletRequest;Ljavax/servlet/http/HttpServletResponse;)V+71
j  org.springframework.web.servlet.FrameworkServlet.doPost(Ljavax/servlet/http/HttpServletRequest;Ljavax/servlet/http/HttpServletResponse;)V+3
j  javax.servlet.http.HttpServlet.service(Ljavax/servlet/http/HttpServletRequest;Ljavax/servlet/http/HttpServletResponse;)V+149
j  org.springframework.web.servlet.FrameworkServlet.service(Ljavax/servlet/http/HttpServletRequest;Ljavax/servlet/http/HttpServletResponse;)V+33
j  javax.servlet.http.HttpServlet.service(Ljavax/servlet/ServletRequest;Ljavax/servlet/ServletResponse;)V+30
j  org.apache.catalina.core.ApplicationFilterChain.internalDoFilter(Ljavax/servlet/ServletRequest;Ljavax/servlet/ServletResponse;)V+304
j  org.apache.catalina.core.ApplicationFilterChain.doFilter(Ljavax/servlet/ServletRequest;Ljavax/servlet/ServletResponse;)V+101
j  org.apache.tomcat.websocket.server.WsFilter.doFilter(Ljavax/servlet/ServletRequest;Ljavax/servlet/ServletResponse;Ljavax/servlet/FilterChain;)V+21
j  org.apache.catalina.core.ApplicationFilterChain.internalDoFilter(Ljavax/servlet/ServletRequest;Ljavax/servlet/ServletResponse;)V+135
j  org.apache.catalina.core.ApplicationFilterChain.doFilter(Ljavax/servlet/ServletRequest;Ljavax/servlet/ServletResponse;)V+101
j  com.alibaba.druid.support.http.WebStatFilter.doFilter(Ljavax/servlet/ServletRequest;Ljavax/servlet/ServletResponse;Ljavax/servlet/FilterChain;)V+190
j  org.apache.catalina.core.ApplicationFilterChain.internalDoFilter(Ljavax/servlet/ServletRequest;Ljavax/servlet/ServletResponse;)V+135
j  org.apache.catalina.core.ApplicationFilterChain.doFilter(Ljavax/servlet/ServletRequest;Ljavax/servlet/ServletResponse;)V+101
j  org.springframework.web.filter.RequestContextFilter.doFilterInternal(Ljavax/servlet/http/HttpServletRequest;Ljavax/servlet/http/HttpServletResponse;Ljavax/servlet/FilterChain;)V+21
j  org.springframework.web.filter.OncePerRequestFilter.doFilter(Ljavax/servlet/ServletRequest;Ljavax/servlet/ServletResponse;Ljavax/servlet/FilterChain;)V+111
j  org.apache.catalina.core.ApplicationFilterChain.internalDoFilter(Ljavax/servlet/ServletRequest;Ljavax/servlet/ServletResponse;)V+135
j  org.apache.catalina.core.ApplicationFilterChain.doFilter(Ljavax/servlet/ServletRequest;Ljavax/servlet/ServletResponse;)V+101
j  org.springframework.web.filter.HttpPutFormContentFilter.doFilterInternal(Ljavax/servlet/http/HttpServletRequest;Ljavax/servlet/http/HttpServletResponse;Ljavax/servlet/FilterChain;)V+95
j  org.springframework.web.filter.OncePerRequestFilter.doFilter(Ljavax/servlet/ServletRequest;Ljavax/servlet/ServletResponse;Ljavax/servlet/FilterChain;)V+111
j  org.apache.catalina.core.ApplicationFilterChain.internalDoFilter(Ljavax/servlet/ServletRequest;Ljavax/servlet/ServletResponse;)V+135
j  org.apache.catalina.core.ApplicationFilterChain.doFilter(Ljavax/servlet/ServletRequest;Ljavax/servlet/ServletResponse;)V+101
j  org.springframework.web.filter.HiddenHttpMethodFilter.doFilterInternal(Ljavax/servlet/http/HttpServletRequest;Ljavax/servlet/http/HttpServletResponse;Ljavax/servlet/FilterChain;)V+64
j  org.springframework.web.filter.OncePerRequestFilter.doFilter(Ljavax/servlet/ServletRequest;Ljavax/servlet/ServletResponse;Ljavax/servlet/FilterChain;)V+111
j  org.apache.catalina.core.ApplicationFilterChain.internalDoFilter(Ljavax/servlet/ServletRequest;Ljavax/servlet/ServletResponse;)V+135
j  org.apache.catalina.core.ApplicationFilterChain.doFilter(Ljavax/servlet/ServletRequest;Ljavax/servlet/ServletResponse;)V+101
j  org.springframework.web.filter.CharacterEncodingFilter.doFilterInternal(Ljavax/servlet/http/HttpServletRequest;Ljavax/servlet/http/HttpServletResponse;Ljavax/servlet/FilterChain;)V+53
j  org.springframework.web.filter.OncePerRequestFilter.doFilter(Ljavax/servlet/ServletRequest;Ljavax/servlet/ServletResponse;Ljavax/servlet/FilterChain;)V+111
j  org.apache.catalina.core.ApplicationFilterChain.internalDoFilter(Ljavax/servlet/ServletRequest;Ljavax/servlet/ServletResponse;)V+135
j  org.apache.catalina.core.ApplicationFilterChain.doFilter(Ljavax/servlet/ServletRequest;Ljavax/servlet/ServletResponse;)V+101
j  org.apache.catalina.core.StandardWrapperValve.invoke(Lorg/apache/catalina/connector/Request;Lorg/apache/catalina/connector/Response;)V+688
j  org.apache.catalina.core.StandardContextValve.invoke(Lorg/apache/catalina/connector/Request;Lorg/apache/catalina/connector/Response;)V+166
j  org.apache.catalina.authenticator.AuthenticatorBase.invoke(Lorg/apache/catalina/connector/Request;Lorg/apache/catalina/connector/Response;)V+272
j  org.apache.catalina.core.StandardHostValve.invoke(Lorg/apache/catalina/connector/Request;Lorg/apache/catalina/connector/Response;)V+138
j  org.apache.catalina.valves.ErrorReportValve.invoke(Lorg/apache/catalina/connector/Request;Lorg/apache/catalina/connector/Response;)V+6
j  org.apache.catalina.core.StandardEngineValve.invoke(Lorg/apache/catalina/connector/Request;Lorg/apache/catalina/connector/Response;)V+71
j  org.apache.catalina.connector.CoyoteAdapter.service(Lorg/apache/coyote/Request;Lorg/apache/coyote/Response;)V+199
j  org.apache.coyote.http11.Http11Processor.service(Lorg/apache/tomcat/util/net/SocketWrapperBase;)Lorg/apache/tomcat/util/net/AbstractEndpoint$Handler$SocketState;+806
j  org.apache.coyote.AbstractProcessorLight.process(Lorg/apache/tomcat/util/net/SocketWrapperBase;Lorg/apache/tomcat/util/net/SocketEvent;)Lorg/apache/tomcat/util/net/AbstractEndpoint$Handler$SocketState;+113
j  org.apache.coyote.AbstractProtocol$ConnectionHandler.process(Lorg/apache/tomcat/util/net/SocketWrapperBase;Lorg/apache/tomcat/util/net/SocketEvent;)Lorg/apache/tomcat/util/net/AbstractEndpoint$Handler$SocketState;+378
j  org.apache.tomcat.util.net.NioEndpoint$SocketProcessor.doRun()V+191
j  org.apache.tomcat.util.net.SocketProcessorBase.run()V+21
j  java.util.concurrent.ThreadPoolExecutor.runWorker(Ljava/util/concurrent/ThreadPoolExecutor$Worker;)V+95
j  java.util.concurrent.ThreadPoolExecutor$Worker.run()V+5
j  org.apache.tomcat.util.threads.TaskThread$WrappingRunnable.run()V+4
j  java.lang.Thread.run()V+11
v  ~StubRoutines::call_stub
V  [jvm.dll+0x158ba5]
V  [jvm.dll+0x21e12e]
V  [jvm.dll+0x158c3e]
V  [jvm.dll+0x158dc6]
V  [jvm.dll+0x158e37]
V  [jvm.dll+0xfd84f]
V  [jvm.dll+0x17c07c]
V  [jvm.dll+0x17c16a]
V  [jvm.dll+0x1c06f6]
C  [msvcr100.dll+0x5c556]
C  [msvcr100.dll+0x5c600]
C  [KERNEL32.DLL+0x16359]
C  [ntdll.dll+0x67b74]
C  [ntdll.dll+0x67b44]
C  0x00000000

Java frames: (J=compiled Java code, j=interpreted, Vv=VM code)
j  com.sun.jna.Function.invokeInt(I[Ljava/lang/Object;)I+0
j  com.sun.jna.Function.invoke([Ljava/lang/Object;Ljava/lang/Class;)Ljava/lang/Object;+90
j  com.sun.jna.Function.invoke(Ljava/lang/Class;[Ljava/lang/Object;Ljava/util/Map;)Ljava/lang/Object;+194
j  com.sun.jna.Library$Handler.invoke(Ljava/lang/Object;Ljava/lang/reflect/Method;[Ljava/lang/Object;)Ljava/lang/Object;+344
J 3207 C1 com.atguigu.springboot.controller.PersonCodeController.uplaod(Ljavax/servlet/http/HttpServletRequest;Lorg/springframework/web/multipart/MultipartFile;Lorg/springframework/ui/Model;)Ljava/lang/String; (904 bytes) @ 0x03605338 [0x03604b00+0x838]
v  ~StubRoutines::call_stub
j  sun.reflect.NativeMethodAccessorImpl.invoke0(Ljava/lang/reflect/Method;Ljava/lang/Object;[Ljava/lang/Object;)Ljava/lang/Object;+0
j  sun.reflect.NativeMethodAccessorImpl.invoke(Ljava/lang/Object;[Ljava/lang/Object;)Ljava/lang/Object;+100
J 596 C1 sun.reflect.DelegatingMethodAccessorImpl.invoke(Ljava/lang/Object;[Ljava/lang/Object;)Ljava/lang/Object; (10 bytes) @ 0x0350f1c0 [0x0350f190+0x30]
J 595 C1 java.lang.reflect.Method.invoke(Ljava/lang/Object;[Ljava/lang/Object;)Ljava/lang/Object; (62 bytes) @ 0x0350eefc [0x0350ee40+0xbc]
j  org.springframework.web.method.support.InvocableHandlerMethod.doInvoke([Ljava/lang/Object;)Ljava/lang/Object;+16
j  org.springframework.web.method.support.InvocableHandlerMethod.invokeForRequest(Lorg/springframework/web/context/request/NativeWebRequest;Lorg/springframework/web/method/support/ModelAndViewContainer;[Ljava/lang/Object;)Ljava/lang/Object;+75
j  org.springframework.web.servlet.mvc.method.annotation.ServletInvocableHandlerMethod.invokeAndHandle(Lorg/springframework/web/context/request/ServletWebRequest;Lorg/springframework/web/method/support/ModelAndViewContainer;[Ljava/lang/Object;)V+4
j  org.springframework.web.servlet.mvc.method.annotation.RequestMappingHandlerAdapter.invokeHandlerMethod(Ljavax/servlet/http/HttpServletRequest;Ljavax/servlet/http/HttpServletResponse;Lorg/springframework/web/method/HandlerMethod;)Lorg/springframework/web/servlet/ModelAndView;+262
j  org.springframework.web.servlet.mvc.method.annotation.RequestMappingHandlerAdapter.handleInternal(Ljavax/servlet/http/HttpServletRequest;Ljavax/servlet/http/HttpServletResponse;Lorg/springframework/web/method/HandlerMethod;)Lorg/springframework/web/servlet/ModelAndView;+81
j  org.springframework.web.servlet.mvc.method.AbstractHandlerMethodAdapter.handle(Ljavax/servlet/http/HttpServletRequest;Ljavax/servlet/http/HttpServletResponse;Ljava/lang/Object;)Lorg/springframework/web/servlet/ModelAndView;+7
j  org.springframework.web.servlet.DispatcherServlet.doDispatch(Ljavax/servlet/http/HttpServletRequest;Ljavax/servlet/http/HttpServletResponse;)V+318
j  org.springframework.web.servlet.DispatcherServlet.doService(Ljavax/servlet/http/HttpServletRequest;Ljavax/servlet/http/HttpServletResponse;)V+301
j  org.springframework.web.servlet.FrameworkServlet.processRequest(Ljavax/servlet/http/HttpServletRequest;Ljavax/servlet/http/HttpServletResponse;)V+71
j  org.springframework.web.servlet.FrameworkServlet.doPost(Ljavax/servlet/http/HttpServletRequest;Ljavax/servlet/http/HttpServletResponse;)V+3
j  javax.servlet.http.HttpServlet.service(Ljavax/servlet/http/HttpServletRequest;Ljavax/servlet/http/HttpServletResponse;)V+149
j  org.springframework.web.servlet.FrameworkServlet.service(Ljavax/servlet/http/HttpServletRequest;Ljavax/servlet/http/HttpServletResponse;)V+33
j  javax.servlet.http.HttpServlet.service(Ljavax/servlet/ServletRequest;Ljavax/servlet/ServletResponse;)V+30
j  org.apache.catalina.core.ApplicationFilterChain.internalDoFilter(Ljavax/servlet/ServletRequest;Ljavax/servlet/ServletResponse;)V+304
j  org.apache.catalina.core.ApplicationFilterChain.doFilter(Ljavax/servlet/ServletRequest;Ljavax/servlet/ServletResponse;)V+101
j  org.apache.tomcat.websocket.server.WsFilter.doFilter(Ljavax/servlet/ServletRequest;Ljavax/servlet/ServletResponse;Ljavax/servlet/FilterChain;)V+21
j  org.apache.catalina.core.ApplicationFilterChain.internalDoFilter(Ljavax/servlet/ServletRequest;Ljavax/servlet/ServletResponse;)V+135
j  org.apache.catalina.core.ApplicationFilterChain.doFilter(Ljavax/servlet/ServletRequest;Ljavax/servlet/ServletResponse;)V+101
j  com.alibaba.druid.support.http.WebStatFilter.doFilter(Ljavax/servlet/ServletRequest;Ljavax/servlet/ServletResponse;Ljavax/servlet/FilterChain;)V+190
j  org.apache.catalina.core.ApplicationFilterChain.internalDoFilter(Ljavax/servlet/ServletRequest;Ljavax/servlet/ServletResponse;)V+135
j  org.apache.catalina.core.ApplicationFilterChain.doFilter(Ljavax/servlet/ServletRequest;Ljavax/servlet/ServletResponse;)V+101
j  org.springframework.web.filter.RequestContextFilter.doFilterInternal(Ljavax/servlet/http/HttpServletRequest;Ljavax/servlet/http/HttpServletResponse;Ljavax/servlet/FilterChain;)V+21
j  org.springframework.web.filter.OncePerRequestFilter.doFilter(Ljavax/servlet/ServletRequest;Ljavax/servlet/ServletResponse;Ljavax/servlet/FilterChain;)V+111
j  org.apache.catalina.core.ApplicationFilterChain.internalDoFilter(Ljavax/servlet/ServletRequest;Ljavax/servlet/ServletResponse;)V+135
j  org.apache.catalina.core.ApplicationFilterChain.doFilter(Ljavax/servlet/ServletRequest;Ljavax/servlet/ServletResponse;)V+101
j  org.springframework.web.filter.HttpPutFormContentFilter.doFilterInternal(Ljavax/servlet/http/HttpServletRequest;Ljavax/servlet/http/HttpServletResponse;Ljavax/servlet/FilterChain;)V+95
j  org.springframework.web.filter.OncePerRequestFilter.doFilter(Ljavax/servlet/ServletRequest;Ljavax/servlet/ServletResponse;Ljavax/servlet/FilterChain;)V+111
j  org.apache.catalina.core.ApplicationFilterChain.internalDoFilter(Ljavax/servlet/ServletRequest;Ljavax/servlet/ServletResponse;)V+135
j  org.apache.catalina.core.ApplicationFilterChain.doFilter(Ljavax/servlet/ServletRequest;Ljavax/servlet/ServletResponse;)V+101
j  org.springframework.web.filter.HiddenHttpMethodFilter.doFilterInternal(Ljavax/servlet/http/HttpServletRequest;Ljavax/servlet/http/HttpServletResponse;Ljavax/servlet/FilterChain;)V+64
j  org.springframework.web.filter.OncePerRequestFilter.doFilter(Ljavax/servlet/ServletRequest;Ljavax/servlet/ServletResponse;Ljavax/servlet/FilterChain;)V+111
j  org.apache.catalina.core.ApplicationFilterChain.internalDoFilter(Ljavax/servlet/ServletRequest;Ljavax/servlet/ServletResponse;)V+135
j  org.apache.catalina.core.ApplicationFilterChain.doFilter(Ljavax/servlet/ServletRequest;Ljavax/servlet/ServletResponse;)V+101
j  org.springframework.web.filter.CharacterEncodingFilter.doFilterInternal(Ljavax/servlet/http/HttpServletRequest;Ljavax/servlet/http/HttpServletResponse;Ljavax/servlet/FilterChain;)V+53
j  org.springframework.web.filter.OncePerRequestFilter.doFilter(Ljavax/servlet/ServletRequest;Ljavax/servlet/ServletResponse;Ljavax/servlet/FilterChain;)V+111
j  org.apache.catalina.core.ApplicationFilterChain.internalDoFilter(Ljavax/servlet/ServletRequest;Ljavax/servlet/ServletResponse;)V+135
j  org.apache.catalina.core.ApplicationFilterChain.doFilter(Ljavax/servlet/ServletRequest;Ljavax/servlet/ServletResponse;)V+101
j  org.apache.catalina.core.StandardWrapperValve.invoke(Lorg/apache/catalina/connector/Request;Lorg/apache/catalina/connector/Response;)V+688
j  org.apache.catalina.core.StandardContextValve.invoke(Lorg/apache/catalina/connector/Request;Lorg/apache/catalina/connector/Response;)V+166
j  org.apache.catalina.authenticator.AuthenticatorBase.invoke(Lorg/apache/catalina/connector/Request;Lorg/apache/catalina/connector/Response;)V+272
j  org.apache.catalina.core.StandardHostValve.invoke(Lorg/apache/catalina/connector/Request;Lorg/apache/catalina/connector/Response;)V+138
j  org.apache.catalina.valves.ErrorReportValve.invoke(Lorg/apache/catalina/connector/Request;Lorg/apache/catalina/connector/Response;)V+6
j  org.apache.catalina.core.StandardEngineValve.invoke(Lorg/apache/catalina/connector/Request;Lorg/apache/catalina/connector/Response;)V+71
j  org.apache.catalina.connector.CoyoteAdapter.service(Lorg/apache/coyote/Request;Lorg/apache/coyote/Response;)V+199
j  org.apache.coyote.http11.Http11Processor.service(Lorg/apache/tomcat/util/net/SocketWrapperBase;)Lorg/apache/tomcat/util/net/AbstractEndpoint$Handler$SocketState;+806
j  org.apache.coyote.AbstractProcessorLight.process(Lorg/apache/tomcat/util/net/SocketWrapperBase;Lorg/apache/tomcat/util/net/SocketEvent;)Lorg/apache/tomcat/util/net/AbstractEndpoint$Handler$SocketState;+113
j  org.apache.coyote.AbstractProtocol$ConnectionHandler.process(Lorg/apache/tomcat/util/net/SocketWrapperBase;Lorg/apache/tomcat/util/net/SocketEvent;)Lorg/apache/tomcat/util/net/AbstractEndpoint$Handler$SocketState;+378
j  org.apache.tomcat.util.net.NioEndpoint$SocketProcessor.doRun()V+191
j  org.apache.tomcat.util.net.SocketProcessorBase.run()V+21
j  java.util.concurrent.ThreadPoolExecutor.runWorker(Ljava/util/concurrent/ThreadPoolExecutor$Worker;)V+95
j  java.util.concurrent.ThreadPoolExecutor$Worker.run()V+5
j  org.apache.tomcat.util.threads.TaskThread$WrappingRunnable.run()V+4
j  java.lang.Thread.run()V+11
v  ~StubRoutines::call_stub

---------------  P R O C E S S  ---------------

Java Threads: ( => current thread )
  0x17f63800 JavaThread "Druid-ConnectionPool-Destroy-24988376" daemon [_thread_blocked, id=14588, stack(0x1b520000,0x1b570000)]
  0x17f60c00 JavaThread "Druid-ConnectionPool-Create-24988376" daemon [_thread_blocked, id=7288, stack(0x1b350000,0x1b3a0000)]
  0x17f63400 JavaThread "Abandoned connection cleanup thread" daemon [_thread_blocked, id=8700, stack(0x1b190000,0x1b1e0000)]
  0x17f5f400 JavaThread "DestroyJavaVM" [_thread_blocked, id=18332, stack(0x02b80000,0x02bd0000)]
  0x17f61400 JavaThread "http-nio-8083-AsyncTimeout" daemon [_thread_blocked, id=14496, stack(0x19cc0000,0x19d10000)]
  0x17f62c00 JavaThread "http-nio-8083-Acceptor-0" daemon [_thread_in_native, id=2852, stack(0x19c30000,0x19c80000)]
  0x17f5e000 JavaThread "http-nio-8083-ClientPoller-1" daemon [_thread_in_native, id=17244, stack(0x19ba0000,0x19bf0000)]
  0x17f65400 JavaThread "http-nio-8083-ClientPoller-0" daemon [_thread_in_native, id=1264, stack(0x19b10000,0x19b60000)]
  0x17f60800 JavaThread "http-nio-8083-exec-10" daemon [_thread_in_native, id=1780, stack(0x19a80000,0x19ad0000)]
  0x17f64000 JavaThread "http-nio-8083-exec-9" daemon [_thread_blocked, id=1420, stack(0x199f0000,0x19a40000)]
  0x17f60000 JavaThread "http-nio-8083-exec-8" daemon [_thread_blocked, id=15232, stack(0x19960000,0x199b0000)]
=>0x17f64c00 JavaThread "http-nio-8083-exec-7" daemon [_thread_in_native, id=1424, stack(0x198d0000,0x19920000)]
  0x17f62800 JavaThread "http-nio-8083-exec-6" daemon [_thread_blocked, id=6028, stack(0x19840000,0x19890000)]
  0x17f5dc00 JavaThread "http-nio-8083-exec-5" daemon [_thread_blocked, id=17772, stack(0x197b0000,0x19800000)]
  0x17f62000 JavaThread "http-nio-8083-exec-4" daemon [_thread_blocked, id=2524, stack(0x19720000,0x19770000)]
  0x17f64800 JavaThread "http-nio-8083-exec-3" daemon [_thread_blocked, id=8024, stack(0x19690000,0x196e0000)]
  0x17f61c00 JavaThread "http-nio-8083-exec-2" daemon [_thread_blocked, id=16880, stack(0x19600000,0x19650000)]
  0x17c29000 JavaThread "http-nio-8083-exec-1" daemon [_thread_blocked, id=18044, stack(0x19570000,0x195c0000)]
  0x17c28800 JavaThread "NioBlockingSelector.BlockPoller-1" daemon [_thread_in_native, id=6984, stack(0x194e0000,0x19530000)]
  0x17c28400 JavaThread "container-0" [_thread_blocked, id=13304, stack(0x18f50000,0x18fa0000)]
  0x17c29400 JavaThread "ContainerBackgroundProcessor[StandardEngine[Tomcat]]" daemon [_thread_blocked, id=8128, stack(0x18ec0000,0x18f10000)]
  0x16087400 JavaThread "RMI Scheduler(0)" daemon [_thread_blocked, id=18244, stack(0x16870000,0x168c0000)]
  0x15fe4000 JavaThread "RMI TCP Accept-0" daemon [_thread_in_native, id=17708, stack(0x16510000,0x16560000)]
  0x15fb8400 JavaThread "RMI TCP Accept-53293" daemon [_thread_in_native, id=16304, stack(0x16380000,0x163d0000)]
  0x15fad000 JavaThread "RMI TCP Accept-0" daemon [_thread_in_native, id=17740, stack(0x162f0000,0x16340000)]
  0x15e46c00 JavaThread "Service Thread" daemon [_thread_blocked, id=3444, stack(0x16260000,0x162b0000)]
  0x15e36c00 JavaThread "C1 CompilerThread0" daemon [_thread_blocked, id=8188, stack(0x161d0000,0x16220000)]
  0x15e36000 JavaThread "Monitor Ctrl-Break" daemon [_thread_in_native, id=16100, stack(0x16140000,0x16190000)]
  0x15894000 JavaThread "Attach Listener" daemon [_thread_blocked, id=11196, stack(0x15cb0000,0x15d00000)]
  0x15891800 JavaThread "Signal Dispatcher" daemon [_thread_blocked, id=7744, stack(0x15c20000,0x15c70000)]
  0x1586c800 JavaThread "Finalizer" daemon [_thread_blocked, id=7040, stack(0x15b30000,0x15b80000)]
  0x15867c00 JavaThread "Reference Handler" daemon [_thread_blocked, id=10512, stack(0x15aa0000,0x15af0000)]

Other Threads:
  0x15863800 VMThread [stack: 0x053a0000,0x053f0000] [id=17724]
  0x15fe5800 WatcherThread [stack: 0x165a0000,0x165f0000] [id=17716]

VM state:not at safepoint (normal execution)

VM Mutex/Monitor currently owned by a thread: None

Heap:
 def new generation   total 22592K, used 16192K [0x05400000, 0x06c80000, 0x0a950000)
  eden space 20096K,  68% used [0x05400000, 0x06160058, 0x067a0000)
  from space 2496K, 100% used [0x06a10000, 0x06c80000, 0x06c80000)
  to   space 2496K,   0% used [0x067a0000, 0x067a0000, 0x06a10000)
 tenured generation   total 50124K, used 30125K [0x0a950000, 0x0da43000, 0x15400000)
   the space 50124K,  60% used [0x0a950000, 0x0c6bb420, 0x0c6bb600, 0x0da43000)
 Metaspace       used 29811K, capacity 30056K, committed 30336K, reserved 31104K

Card table byte_map: [0x03120000,0x031b0000] byte_map_base: 0x030f6000

Polling page: 0x01220000

CodeCache: size=32768Kb used=5034Kb max_used=5108Kb free=27733Kb
 bounds [0x033a0000, 0x038a8000, 0x053a0000]
 total_blobs=2695 nmethods=2240 adapters=384
 compilation: enabled

Compilation events (10 events):
Event: 6417.808 Thread 0x15e36c00 3340             java.lang.ref.Finalizer::access$000 (4 bytes)
Event: 6417.808 Thread 0x15e36c00 nmethod 3340 0x03625dc8 code [0x03625ec0, 0x03625f30]
Event: 6417.809 Thread 0x15e36c00 3341   !         java.lang.ref.Finalizer::remove (94 bytes)
Event: 6417.810 Thread 0x15e36c00 nmethod 3341 0x03625908 code [0x03625a10, 0x03625cb0]
Event: 6417.811 Thread 0x15e36c00 3342             java.lang.ref.Reference::access$100 (4 bytes)
Event: 6417.811 Thread 0x15e36c00 nmethod 3342 0x03452c08 code [0x03452d00, 0x03452d70]
Event: 6417.829 Thread 0x15e36c00 3343   !         sun.reflect.GeneratedConstructorAccessor41::newInstance (49 bytes)
Event: 6417.829 Thread 0x15e36c00 nmethod 3343 0x036271c8 code [0x036272f0, 0x036274e4]
Event: 6417.947 Thread 0x15e36c00 3344             java.lang.Character::getType (9 bytes)
Event: 6417.947 Thread 0x15e36c00 nmethod 3344 0x03626f88 code [0x03627090, 0x03627138]

GC Heap History (10 events):
Event: 6245.567 GC heap before
{Heap before GC invocations=105 (full 4):
 def new generation   total 16320K, used 14558K [0x05400000, 0x065b0000, 0x0a950000)
  eden space 14528K, 100% used [0x05400000, 0x06230000, 0x06230000)
  from space 1792K,   1% used [0x06230000, 0x06237b30, 0x063f0000)
  to   space 1792K,   0% used [0x063f0000, 0x063f0000, 0x065b0000)
 tenured generation   total 36132K, used 34012K [0x0a950000, 0x0cc99000, 0x15400000)
   the space 36132K,  94% used [0x0a950000, 0x0ca87258, 0x0ca87400, 0x0cc99000)
 Metaspace       used 29828K, capacity 30081K, committed 30336K, reserved 31104K
Event: 6245.570 GC heap after
Heap after GC invocations=106 (full 4):
 def new generation   total 16320K, used 31K [0x05400000, 0x065b0000, 0x0a950000)
  eden space 14528K,   0% used [0x05400000, 0x05400000, 0x06230000)
  from space 1792K,   1% used [0x063f0000, 0x063f7fe0, 0x065b0000)
  to   space 1792K,   0% used [0x06230000, 0x06230000, 0x063f0000)
 tenured generation   total 36132K, used 34012K [0x0a950000, 0x0cc99000, 0x15400000)
   the space 36132K,  94% used [0x0a950000, 0x0ca87258, 0x0ca87400, 0x0cc99000)
 Metaspace       used 29828K, capacity 30081K, committed 30336K, reserved 31104K
}
Event: 6245.646 GC heap before
{Heap before GC invocations=106 (full 4):
 def new generation   total 16320K, used 14559K [0x05400000, 0x065b0000, 0x0a950000)
  eden space 14528K, 100% used [0x05400000, 0x06230000, 0x06230000)
  from space 1792K,   1% used [0x063f0000, 0x063f7fe0, 0x065b0000)
  to   space 1792K,   0% used [0x06230000, 0x06230000, 0x063f0000)
 tenured generation   total 36132K, used 34012K [0x0a950000, 0x0cc99000, 0x15400000)
   the space 36132K,  94% used [0x0a950000, 0x0ca87258, 0x0ca87400, 0x0cc99000)
 Metaspace       used 29828K, capacity 30081K, committed 30336K, reserved 31104K
Event: 6245.649 GC heap after
Heap after GC invocations=107 (full 4):
 def new generation   total 16320K, used 29K [0x05400000, 0x065b0000, 0x0a950000)
  eden space 14528K,   0% used [0x05400000, 0x05400000, 0x06230000)
  from space 1792K,   1% used [0x06230000, 0x06237738, 0x063f0000)
  to   space 1792K,   0% used [0x063f0000, 0x063f0000, 0x065b0000)
 tenured generation   total 36132K, used 34012K [0x0a950000, 0x0cc99000, 0x15400000)
   the space 36132K,  94% used [0x0a950000, 0x0ca87258, 0x0ca87400, 0x0cc99000)
 Metaspace       used 29828K, capacity 30081K, committed 30336K, reserved 31104K
}
Event: 6249.963 GC heap before
{Heap before GC invocations=107 (full 4):
 def new generation   total 16320K, used 14557K [0x05400000, 0x065b0000, 0x0a950000)
  eden space 14528K, 100% used [0x05400000, 0x06230000, 0x06230000)
  from space 1792K,   1% used [0x06230000, 0x06237738, 0x063f0000)
  to   space 1792K,   0% used [0x063f0000, 0x063f0000, 0x065b0000)
 tenured generation   total 36132K, used 34012K [0x0a950000, 0x0cc99000, 0x15400000)
   the space 36132K,  94% used [0x0a950000, 0x0ca87258, 0x0ca87400, 0x0cc99000)
 Metaspace       used 29828K, capacity 30081K, committed 30336K, reserved 31104K
Event: 6249.966 GC heap after
Heap after GC invocations=108 (full 4):
 def new generation   total 16320K, used 34K [0x05400000, 0x065b0000, 0x0a950000)
  eden space 14528K,   0% used [0x05400000, 0x05400000, 0x06230000)
  from space 1792K,   1% used [0x063f0000, 0x063f8be8, 0x065b0000)
  to   space 1792K,   0% used [0x06230000, 0x06230000, 0x063f0000)
 tenured generation   total 36132K, used 34012K [0x0a950000, 0x0cc99000, 0x15400000)
   the space 36132K,  94% used [0x0a950000, 0x0ca87258, 0x0ca87400, 0x0cc99000)
 Metaspace       used 29828K, capacity 30081K, committed 30336K, reserved 31104K
}
Event: 6417.679 GC heap before
{Heap before GC invocations=108 (full 4):
 def new generation   total 16320K, used 14562K [0x05400000, 0x065b0000, 0x0a950000)
  eden space 14528K, 100% used [0x05400000, 0x06230000, 0x06230000)
  from space 1792K,   1% used [0x063f0000, 0x063f8be8, 0x065b0000)
  to   space 1792K,   0% used [0x06230000, 0x06230000, 0x063f0000)
 tenured generation   total 36132K, used 34012K [0x0a950000, 0x0cc99000, 0x15400000)
   the space 36132K,  94% used [0x0a950000, 0x0ca87258, 0x0ca87400, 0x0cc99000)
 Metaspace       used 29828K, capacity 30081K, committed 30336K, reserved 31104K
Event: 6417.807 GC heap after
Heap after GC invocations=109 (full 5):
 def new generation   total 22592K, used 0K [0x05400000, 0x06c80000, 0x0a950000)
  eden space 20096K,   0% used [0x05400000, 0x05400000, 0x067a0000)
  from space 2496K,   0% used [0x067a0000, 0x067a0000, 0x06a10000)
  to   space 2496K,   0% used [0x06a10000, 0x06a10000, 0x06c80000)
 tenured generation   total 50124K, used 30073K [0x0a950000, 0x0da43000, 0x15400000)
   the space 50124K,  59% used [0x0a950000, 0x0c6ae790, 0x0c6ae800, 0x0da43000)
 Metaspace       used 29807K, capacity 30051K, committed 30336K, reserved 31104K
}
Event: 6417.890 GC heap before
{Heap before GC invocations=109 (full 5):
 def new generation   total 22592K, used 20096K [0x05400000, 0x06c80000, 0x0a950000)
  eden space 20096K, 100% used [0x05400000, 0x067a0000, 0x067a0000)
  from space 2496K,   0% used [0x067a0000, 0x067a0000, 0x06a10000)
  to   space 2496K,   0% used [0x06a10000, 0x06a10000, 0x06c80000)
 tenured generation   total 50124K, used 30073K [0x0a950000, 0x0da43000, 0x15400000)
   the space 50124K,  59% used [0x0a950000, 0x0c6ae790, 0x0c6ae800, 0x0da43000)
 Metaspace       used 29811K, capacity 30056K, committed 30336K, reserved 31104K
Event: 6417.901 GC heap after
Heap after GC invocations=110 (full 5):
 def new generation   total 22592K, used 2496K [0x05400000, 0x06c80000, 0x0a950000)
  eden space 20096K,   0% used [0x05400000, 0x05400000, 0x067a0000)
  from space 2496K, 100% used [0x06a10000, 0x06c80000, 0x06c80000)
  to   space 2496K,   0% used [0x067a0000, 0x067a0000, 0x06a10000)
 tenured generation   total 50124K, used 30125K [0x0a950000, 0x0da43000, 0x15400000)
   the space 50124K,  60% used [0x0a950000, 0x0c6bb420, 0x0c6bb600, 0x0da43000)
 Metaspace       used 29811K, capacity 30056K, committed 30336K, reserved 31104K
}

Deoptimization events (0 events):
No events

Internal exceptions (10 events):
Event: 306.442 Thread 0x17f61c00 Exception <a 'java/lang/ArrayIndexOutOfBoundsException'> (0x05eeb358) thrown at [C:\re\workspace\8-2-build-windows-i586-cygwin\jdk8u66\4988\hotspot\src\share\vm\runtime\sharedRuntime.cpp, line 605]
Event: 306.443 Thread 0x17f61c00 Exception <a 'java/lang/ArrayIndexOutOfBoundsException'> (0x05f00468) thrown at [C:\re\workspace\8-2-build-windows-i586-cygwin\jdk8u66\4988\hotspot\src\share\vm\runtime\sharedRuntime.cpp, line 605]
Event: 306.468 Thread 0x17f61c00 Exception <a 'java/lang/ArrayIndexOutOfBoundsException'> (0x060bae10) thrown at [C:\re\workspace\8-2-build-windows-i586-cygwin\jdk8u66\4988\hotspot\src\share\vm\runtime\sharedRuntime.cpp, line 605]
Event: 306.481 Thread 0x17f61c00 Exception <a 'java/lang/ArrayIndexOutOfBoundsException'> (0x062136d8) thrown at [C:\re\workspace\8-2-build-windows-i586-cygwin\jdk8u66\4988\hotspot\src\share\vm\runtime\sharedRuntime.cpp, line 605]
Event: 309.799 Thread 0x17f60c00 Exception <a 'java/lang/NoSuchMethodError': <clinit>> (0x05558f68) thrown at [C:\re\workspace\8-2-build-windows-i586-cygwin\jdk8u66\4988\hotspot\src\share\vm\prims\jni.cpp, line 1591]
Event: 6159.185 Thread 0x17f64c00 Exception <a 'java/lang/ArrayIndexOutOfBoundsException'> (0x05e0c2f0) thrown at [C:\re\workspace\8-2-build-windows-i586-cygwin\jdk8u66\4988\hotspot\src\share\vm\runtime\sharedRuntime.cpp, line 605]
Event: 6160.428 Thread 0x17f64c00 Exception <a 'java/lang/ArrayIndexOutOfBoundsException'> (0x06186b88) thrown at [C:\re\workspace\8-2-build-windows-i586-cygwin\jdk8u66\4988\hotspot\src\share\vm\runtime\sharedRuntime.cpp, line 605]
Event: 6175.326 Thread 0x17f64c00 Exception <a 'java/lang/ArrayIndexOutOfBoundsException'> (0x057734f0) thrown at [C:\re\workspace\8-2-build-windows-i586-cygwin\jdk8u66\4988\hotspot\src\share\vm\runtime\sharedRuntime.cpp, line 605]
Event: 6175.326 Thread 0x17f64c00 Exception <a 'java/lang/ArrayIndexOutOfBoundsException'> (0x05774b20) thrown at [C:\re\workspace\8-2-build-windows-i586-cygwin\jdk8u66\4988\hotspot\src\share\vm\runtime\sharedRuntime.cpp, line 605]
Event: 6175.326 Thread 0x17f64c00 Exception <a 'java/lang/ArrayIndexOutOfBoundsException'> (0x05777778) thrown at [C:\re\workspace\8-2-build-windows-i586-cygwin\jdk8u66\4988\hotspot\src\share\vm\runtime\sharedRuntime.cpp, line 605]

Events (10 events):
Event: 6417.810 Thread 0x15e36c00 flushing nmethod 0x0362a448
Event: 6417.810 Thread 0x15e36c00 flushing nmethod 0x0362a908
Event: 6417.810 Thread 0x15e36c00 flushing nmethod 0x0362ab88
Event: 6417.810 Thread 0x15e36c00 flushing nmethod 0x0362ccc8
Event: 6417.810 Thread 0x15e36c00 flushing nmethod 0x0362f788
Event: 6417.810 Thread 0x15e36c00 flushing nmethod 0x03630748
Event: 6417.810 Thread 0x15e36c00 flushing nmethod 0x036309c8
Event: 6417.810 Thread 0x15e36c00 flushing nmethod 0x036312c8
Event: 6417.890 Executing VM operation: GenCollectForAllocation
Event: 6417.901 Executing VM operation: GenCollectForAllocation done


Dynamic libraries:
0x00e30000 - 0x00e63000 	C:\Program Files (x86)\Java\jdk1.8.0_66\bin\java.exe
0x77c20000 - 0x77dba000 	C:\WINDOWS\SYSTEM32\ntdll.dll
0x77570000 - 0x77650000 	C:\WINDOWS\System32\KERNEL32.DLL
0x769c0000 - 0x76bbc000 	C:\WINDOWS\System32\KERNELBASE.dll
0x6ea80000 - 0x6eb1f000 	C:\WINDOWS\SYSTEM32\apphelp.dll
0x765a0000 - 0x76619000 	C:\WINDOWS\System32\ADVAPI32.dll
0x76620000 - 0x766df000 	C:\WINDOWS\System32\msvcrt.dll
0x76f20000 - 0x76f96000 	C:\WINDOWS\System32\sechost.dll
0x777e0000 - 0x7789b000 	C:\WINDOWS\System32\RPCRT4.dll
0x753f0000 - 0x75410000 	C:\WINDOWS\System32\SspiCli.dll
0x753e0000 - 0x753ea000 	C:\WINDOWS\System32\CRYPTBASE.dll
0x778f0000 - 0x7794f000 	C:\WINDOWS\System32\bcryptPrimitives.dll
0x76050000 - 0x761e7000 	C:\WINDOWS\System32\USER32.dll
0x76bc0000 - 0x76bd7000 	C:\WINDOWS\System32\win32u.dll
0x778a0000 - 0x778c1000 	C:\WINDOWS\System32\GDI32.dll
0x76290000 - 0x763ea000 	C:\WINDOWS\System32\gdi32full.dll
0x77b20000 - 0x77b9c000 	C:\WINDOWS\System32\msvcp_win.dll
0x75410000 - 0x7552f000 	C:\WINDOWS\System32\ucrtbase.dll
0x6ca70000 - 0x6cc7f000 	C:\WINDOWS\WinSxS\x86_microsoft.windows.common-controls_6595b64144ccf1df_6.0.18362.476_none_2e71e7f2278b4e9b\COMCTL32.dll
0x76bf0000 - 0x76e66000 	C:\WINDOWS\System32\combase.dll
0x75530000 - 0x75555000 	C:\WINDOWS\System32\IMM32.DLL
0x60ff0000 - 0x610af000 	C:\Program Files (x86)\Java\jdk1.8.0_66\jre\bin\msvcr100.dll
0x5f5f0000 - 0x5f9b5000 	C:\Program Files (x86)\Java\jdk1.8.0_66\jre\bin\client\jvm.dll
0x777d0000 - 0x777d6000 	C:\WINDOWS\System32\PSAPI.DLL
0x721c0000 - 0x721c8000 	C:\WINDOWS\SYSTEM32\WSOCK32.dll
0x74f80000 - 0x74fa4000 	C:\WINDOWS\SYSTEM32\WINMM.dll
0x753c0000 - 0x753c8000 	C:\WINDOWS\SYSTEM32\VERSION.dll
0x77ba0000 - 0x77bfe000 	C:\WINDOWS\System32\WS2_32.dll
0x74f50000 - 0x74f73000 	C:\WINDOWS\SYSTEM32\winmmbase.dll
0x77950000 - 0x7798b000 	C:\WINDOWS\System32\cfgmgr32.dll
0x60fe0000 - 0x60fec000 	C:\Program Files (x86)\Java\jdk1.8.0_66\jre\bin\verify.dll
0x60fb0000 - 0x60fd1000 	C:\Program Files (x86)\Java\jdk1.8.0_66\jre\bin\java.dll
0x61440000 - 0x61460000 	C:\Program Files (x86)\Java\jdk1.8.0_66\jre\bin\instrument.dll
0x60f90000 - 0x60fa3000 	C:\Program Files (x86)\Java\jdk1.8.0_66\jre\bin\zip.dll
0x759b0000 - 0x75f2a000 	C:\WINDOWS\System32\SHELL32.dll
0x77990000 - 0x77a14000 	C:\WINDOWS\System32\shcore.dll
0x76fa0000 - 0x77565000 	C:\WINDOWS\System32\windows.storage.dll
0x769a0000 - 0x769b7000 	C:\WINDOWS\System32\profapi.dll
0x77ad0000 - 0x77b13000 	C:\WINDOWS\System32\powrprof.dll
0x76be0000 - 0x76bed000 	C:\WINDOWS\System32\UMPDC.dll
0x76550000 - 0x76594000 	C:\WINDOWS\System32\shlwapi.dll
0x76e70000 - 0x76e7f000 	C:\WINDOWS\System32\kernel.appcore.dll
0x778d0000 - 0x778e3000 	C:\WINDOWS\System32\cryptsp.dll
0x61420000 - 0x61436000 	D:\IDEA\IntelliJ IDEA 2018.3.3\bin\breakgen.dll
0x60f70000 - 0x60f86000 	C:\Program Files (x86)\Java\jdk1.8.0_66\jre\bin\net.dll
0x740f0000 - 0x74142000 	C:\WINDOWS\system32\mswsock.dll
0x61460000 - 0x6146a000 	C:\Program Files (x86)\Java\jdk1.8.0_66\jre\bin\management.dll
0x60f60000 - 0x60f6f000 	C:\Program Files (x86)\Java\jdk1.8.0_66\jre\bin\nio.dll
0x70eb0000 - 0x70ec1000 	C:\WINDOWS\system32\napinsp.dll
0x70e90000 - 0x70ea6000 	C:\WINDOWS\system32\pnrpnsp.dll
0x74b50000 - 0x74be1000 	C:\WINDOWS\SYSTEM32\DNSAPI.dll
0x77650000 - 0x77657000 	C:\WINDOWS\System32\NSI.dll
0x75260000 - 0x75292000 	C:\WINDOWS\SYSTEM32\IPHLPAPI.DLL
0x70e80000 - 0x70e8b000 	C:\WINDOWS\System32\winrnr.dll
0x70e60000 - 0x70e76000 	C:\WINDOWS\system32\NLAapi.dll
0x70e50000 - 0x70e60000 	C:\WINDOWS\system32\wshbth.dll
0x74d90000 - 0x74d98000 	C:\Windows\System32\rasadhlp.dll
0x72100000 - 0x72151000 	C:\WINDOWS\System32\fwpuclnt.dll
0x75fd0000 - 0x75fe9000 	C:\WINDOWS\System32\bcrypt.dll
0x74b20000 - 0x74b4f000 	C:\WINDOWS\system32\rsaenh.dll
0x753a0000 - 0x753be000 	C:\WINDOWS\SYSTEM32\USERENV.dll
0x74780000 - 0x74793000 	C:\WINDOWS\SYSTEM32\dhcpcsvc6.DLL
0x74ee0000 - 0x74ef5000 	C:\WINDOWS\SYSTEM32\dhcpcsvc.DLL
0x5abd0000 - 0x5adc2000 	C:\Users\82038\Desktop\FaceSDK_x86\opencv_core2413.dll
0x70da0000 - 0x70e11000 	C:\WINDOWS\SYSTEM32\MSVCP140.dll
0x730d0000 - 0x730e5000 	C:\WINDOWS\SYSTEM32\VCRUNTIME140.dll
0x54860000 - 0x5489b000 	C:\WINDOWS\SYSTEM32\CONCRT140.dll
0x5a980000 - 0x5abc4000 	C:\Users\82038\Desktop\FaceSDK_x86\opencv_imgproc2413.dll
0x5a530000 - 0x5a722000 	C:\Users\82038\Desktop\FaceSDK_x86\opencv_highgui2413.dll
0x76450000 - 0x76547000 	C:\WINDOWS\System32\ole32.dll
0x761f0000 - 0x76282000 	C:\WINDOWS\System32\OLEAUT32.dll
0x71880000 - 0x718a2000 	C:\WINDOWS\SYSTEM32\MSVFW32.dll
0x719e0000 - 0x719f4000 	C:\WINDOWS\SYSTEM32\AVICAP32.dll
0x61480000 - 0x6149b000 	C:\WINDOWS\SYSTEM32\AVIFIL32.dll
0x6e780000 - 0x6e799000 	C:\WINDOWS\SYSTEM32\MSACM32.dll
0x59760000 - 0x5a0ec000 	C:\Users\82038\Desktop\FaceSDK_x86\THFeature.dll
0x6dfc0000 - 0x6e02b000 	C:\WINDOWS\SYSTEM32\WINSPOOL.DRV
0x74440000 - 0x74505000 	C:\WINDOWS\SYSTEM32\PROPSYS.dll
0x61260000 - 0x61290000 	C:\Users\82038\Desktop\FaceSDK_x86\WKWIN32.dll
0x72160000 - 0x72189000 	C:\WINDOWS\SYSTEM32\ntmarta.dll
0x591e0000 - 0x5975f000 	C:\Users\82038\Desktop\FaceSDK_x86\THFaceImage.dll
0x61470000 - 0x6147a000 	C:\Users\82038\Desktop\FaceSDK_x86\YukaFaceHelper.dll
0x1b130000 - 0x1b182000 	C:\Users\82038\AppData\Local\Temp\jna4598160026703398553.tmp
0x6e4d0000 - 0x6e54a000 	C:\WINDOWS\system32\uxtheme.dll
0x76e80000 - 0x76f00000 	C:\WINDOWS\System32\clbcatq.dll
0x54610000 - 0x54625000 	C:\Windows\System32\devenum.dll
0x75560000 - 0x759a9000 	C:\WINDOWS\System32\setupapi.dll
0x723f0000 - 0x72413000 	C:\WINDOWS\SYSTEM32\DEVOBJ.dll
0x76840000 - 0x76886000 	C:\WINDOWS\System32\WINTRUST.dll
0x75f30000 - 0x75f3e000 	C:\WINDOWS\System32\MSASN1.dll
0x766e0000 - 0x767db000 	C:\WINDOWS\System32\CRYPT32.dll
0x53c50000 - 0x53c59000 	C:\WINDOWS\SYSTEM32\msdmo.dll
0x5a940000 - 0x5a97f000 	C:\Windows\System32\mfksproxy.dll
0x61240000 - 0x61257000 	C:\Windows\System32\ATL.DLL
0x59060000 - 0x591dd000 	C:\Windows\System32\MFPlat.DLL
0x5a910000 - 0x5a93a000 	C:\Windows\System32\RTWorkQ.DLL
0x5a8c0000 - 0x5a90f000 	C:\Windows\System32\MFSENSORGROUP.dll
0x5a880000 - 0x5a8be000 	C:\Windows\System32\ksproxy.ax
0x57840000 - 0x579ce000 	C:\Windows\System32\d3d9.dll
0x6e9c0000 - 0x6e9c7000 	C:\Windows\System32\ksuser.dll
0x6ca40000 - 0x6ca65000 	C:\Windows\System32\dwmapi.dll
0x66a50000 - 0x66a69000 	C:\WINDOWS\SYSTEM32\dxcore.dll
0x5a4b0000 - 0x5a523000 	C:\WINDOWS\SYSTEM32\policymanager.dll
0x61620000 - 0x61685000 	C:\Windows\System32\msvcp110_win.dll
0x61230000 - 0x6123b000 	C:\Windows\System32\vidcap.ax
0x60f40000 - 0x60f5f000 	C:\Windows\System32\kswdmcap.ax
0x58f30000 - 0x59054000 	C:\Windows\System32\MFC42.dll
0x1b900000 - 0x1bb44000 	C:\Users\82038\AppData\Local\Temp\~qqtempdat008633~.tmp
0x797b0000 - 0x7bca3000 	C:\Users\82038\AppData\Local\Temp\~tmp8003bin.tmp
0x58f10000 - 0x58f2f000 	C:\WINDOWS\SYSTEM32\VCOMP110.DLL
0x72ba0000 - 0x72d2f000 	C:\WINDOWS\SYSTEM32\dbghelp.dll

VM Arguments:
jvm_args: -XX:TieredStopAtLevel=1 -Xverify:none -Dspring.output.ansi.enabled=always -Dcom.sun.management.jmxremote -Dcom.sun.management.jmxremote.port=53293 -Dcom.sun.management.jmxremote.authenticate=false -Dcom.sun.management.jmxremote.ssl=false -Djava.rmi.server.hostname=localhost -Dspring.liveBeansView.mbeanDomain -Dspring.application.admin.enabled=true -javaagent:D:\IDEA\IntelliJ IDEA 2018.3.3\lib\idea_rt.jar=53294:D:\IDEA\IntelliJ IDEA 2018.3.3\bin -Dfile.encoding=UTF-8 
java_command: com.atguigu.springboot.SpringBoot04WebRestfulcrudApplication
java_class_path (initial): C:\Program Files (x86)\Java\jdk1.8.0_66\jre\lib\charsets.jar;C:\Program Files (x86)\Java\jdk1.8.0_66\jre\lib\deploy.jar;C:\Program Files (x86)\Java\jdk1.8.0_66\jre\lib\ext\access-bridge-32.jar;C:\Program Files (x86)\Java\jdk1.8.0_66\jre\lib\ext\cldrdata.jar;C:\Program Files (x86)\Java\jdk1.8.0_66\jre\lib\ext\dnsns.jar;C:\Program Files (x86)\Java\jdk1.8.0_66\jre\lib\ext\jaccess.jar;C:\Program Files (x86)\Java\jdk1.8.0_66\jre\lib\ext\jfxrt.jar;C:\Program Files (x86)\Java\jdk1.8.0_66\jre\lib\ext\localedata.jar;C:\Program Files (x86)\Java\jdk1.8.0_66\jre\lib\ext\nashorn.jar;C:\Program Files (x86)\Java\jdk1.8.0_66\jre\lib\ext\sunec.jar;C:\Program Files (x86)\Java\jdk1.8.0_66\jre\lib\ext\sunjce_provider.jar;C:\Program Files (x86)\Java\jdk1.8.0_66\jre\lib\ext\sunmscapi.jar;C:\Program Files (x86)\Java\jdk1.8.0_66\jre\lib\ext\sunpkcs11.jar;C:\Program Files (x86)\Java\jdk1.8.0_66\jre\lib\ext\zipfs.jar;C:\Program Files (x86)\Java\jdk1.8.0_66\jre\lib\javaws.jar;C:\Program Files (x86)\Java\jdk1.8.0_66\jre\lib\jce.jar;C:\Program Files (x86)\Java\jdk1.8.0_66\jre\lib\jfr.jar;C:\Program Files (x86)\Java\jdk1.8.0_66\jre\lib\jfxswt.jar;C:\Program Files (x86)\Java\jdk1.8.0_66\jre\lib\jsse.jar;C:\Program Files (x86)\Java\jdk1.8.0_66\jre\lib\management-agent.jar;C:\Program Files (x86)\Java\jdk1.8.0_66\jre\lib\plugin.jar;C:\Program Files (x86)\Java\jdk1.8.0_66\jre\lib\resources.jar;C:\Program Files (x86)\Java\jdk1.8.0_66\jre\lib\rt.jar;F:\02、尚硅谷SpringBoot视频\源码、资料、课件\代码\weibridge_PCC\target\classes;D:\my_maven_local_repository\com\github\pagehelper\pagehelper\5.0.0\pagehelper-5.0.0.jar;D:\my_maven_local_repository\com\github\jsqlparser\jsqlparser\0.9.5\jsqlparser-0.9.5.jar;D:\my_maven_local_repository\org\springframework\boot\spring-boot-starter-jdbc\1.5.10.RELEASE\spring-boot-starter-jdbc-1.5.10.RELEASE.jar;D:\my_maven_local_repository\org\springframework\boot\spring-boot-starter\1.5.10.RELEASE\spring-boot-starter-1.5.10.RELEASE.jar;D:\my_maven
Launcher Type: SUN_STANDARD

Environment Variables:
JAVA_HOME=C:\Program Files (x86)\Java\jdk1.7.0_45
CLASSPATH=.;C:\Program Files (x86)\Java\jdk1.7.0_45\lib;C:\Program Files (x86)\Java\jdk1.7.0_45\lib\tools.jar
PATH=C:\ProgramData\Oracle\Java\javapath;C:\Program Files (x86)\Intel\iCLS Client\;C:\Program Files\Intel\iCLS Client\;C:\windows\system32;C:\windows;C:\windows\System32\Wbem;C:\windows\System32\WindowsPowerShell\v1.0\;C:\Program Files (x86)\Intel\Intel(R) Management Engine Components\DAL;C:\Program Files\Intel\Intel(R) Management Engine Components\DAL;C:\Program Files (x86)\Intel\Intel(R) Management Engine Components\IPT;C:\Program Files\Intel\Intel(R) Management Engine Components\IPT;C:\Program Files (x86)\NVIDIA Corporation\PhysX\Common;C:\WINDOWS\system32;C:\WINDOWS;C:\WINDOWS\System32\Wbem;C:\WINDOWS\System32\WindowsPowerShell\v1.0\;C:\WINDOWS\System32\OpenSSH\;C:\Program Files\Git\cmd;C:\Program Files\Git\bin;D:\Maven\apache-maven-3.6.2\bin;C:\Program Files (x86)\Java\jdk1.7.0_45\bin;C:\Program Files (x86)\Java\jdk1.7.0_45\jre\bin;C:\WINDOWS\system32\config\systemprofile\.dnx\bin;C:\Program Files\Microsoft DNX\Dnvm\;C:\Program Files (x86)\Windows Kits\8.1\Windows Performance Toolkit\;C:\Program Files\Microsoft SQL Server\130\Tools\Binn\;C:\Program Files\mysql-5.7.26-winx64\bin;C:\Program Files\nodejs\;C:\Users\82038\AppData\Local\Programs\Python\Python37\Scripts\;C:\Users\82038\AppData\Local\Programs\Python\Python37\;C:\Users\82038\AppData\Local\Microsoft\WindowsApps;D:\IDEA\IntelliJ IDEA 2018.3.3\bin;C:\Users\82038\AppData\Local\GitHubDesktop\bin;D:\Microsoft VS Code\bin;C:\Users\82038\AppData\Roaming\npm;%USERPROFILE%\AppData\Local\Microsoft\WindowsApps;
USERNAME=82038
OS=Windows_NT
PROCESSOR_IDENTIFIER=Intel64 Family 6 Model 158 Stepping 9, GenuineIntel



---------------  S Y S T E M  ---------------

OS: Windows 10.0 , 64 bit Build 18362 (10.0.18362.329)

CPU:total 8 (4 cores per cpu, 2 threads per core) family 6 model 158 stepping 9, cmov, cx8, fxsr, mmx, sse, sse2, sse3, ssse3, sse4.1, sse4.2, popcnt, avx, avx2, aes, clmul, erms, 3dnowpref, lzcnt, ht, tsc, tscinvbit, bmi1, bmi2, adx

Memory: 4k page, physical 16731636k(8638220k free), swap 17780212k(6568428k free)

vm_info: Java HotSpot(TM) Client VM (25.66-b17) for windows-x86 JRE (1.8.0_66-b17), built on Oct  6 2015 19:59:47 by "java_re" with MS VC++ 10.0 (VS2010)

time: Mon Dec 02 12:03:48 2019
elapsed time: 6420 seconds (0d 1h 47m 0s)

